<?xml version="1.0" encoding="UTF-8"?>
<testsuite xmlns:xsi="http://www.w3.org/2001/XMLSchema-instance" xsi:noNamespaceSchemaLocation="https://maven.apache.org/surefire/maven-surefire-plugin/xsd/surefire-test-report.xsd" name="com.daishin.api.web.controller.UserControllerTests" time="10.825" tests="5" errors="5" skipped="0" failures="0">
  <properties>
    <property name="awt.toolkit" value="sun.awt.X11.XToolkit"/>
    <property name="java.specification.version" value="11"/>
    <property name="sun.cpu.isalist" value=""/>
    <property name="sun.jnu.encoding" value="UTF-8"/>
    <property name="java.class.path" value="/projects/cif01/target/test-classes:/projects/cif01/target/classes:/home/user/.m2/repository/org/springframework/boot/spring-boot-starter-web/2.0.5.RELEASE/spring-boot-starter-web-2.0.5.RELEASE.jar:/home/user/.m2/repository/org/springframework/boot/spring-boot-starter/2.0.5.RELEASE/spring-boot-starter-2.0.5.RELEASE.jar:/home/user/.m2/repository/org/springframework/boot/spring-boot-starter-logging/2.0.5.RELEASE/spring-boot-starter-logging-2.0.5.RELEASE.jar:/home/user/.m2/repository/ch/qos/logback/logback-classic/1.2.3/logback-classic-1.2.3.jar:/home/user/.m2/repository/org/apache/logging/log4j/log4j-to-slf4j/2.10.0/log4j-to-slf4j-2.10.0.jar:/home/user/.m2/repository/org/apache/logging/log4j/log4j-api/2.10.0/log4j-api-2.10.0.jar:/home/user/.m2/repository/org/slf4j/jul-to-slf4j/1.7.25/jul-to-slf4j-1.7.25.jar:/home/user/.m2/repository/javax/annotation/javax.annotation-api/1.3.2/javax.annotation-api-1.3.2.jar:/home/user/.m2/repository/org/yaml/snakeyaml/1.19/snakeyaml-1.19.jar:/home/user/.m2/repository/org/springframework/boot/spring-boot-starter-json/2.0.5.RELEASE/spring-boot-starter-json-2.0.5.RELEASE.jar:/home/user/.m2/repository/com/fasterxml/jackson/datatype/jackson-datatype-jdk8/2.9.6/jackson-datatype-jdk8-2.9.6.jar:/home/user/.m2/repository/com/fasterxml/jackson/datatype/jackson-datatype-jsr310/2.9.6/jackson-datatype-jsr310-2.9.6.jar:/home/user/.m2/repository/com/fasterxml/jackson/module/jackson-module-parameter-names/2.9.6/jackson-module-parameter-names-2.9.6.jar:/home/user/.m2/repository/org/springframework/boot/spring-boot-starter-tomcat/2.0.5.RELEASE/spring-boot-starter-tomcat-2.0.5.RELEASE.jar:/home/user/.m2/repository/org/apache/tomcat/embed/tomcat-embed-core/8.5.34/tomcat-embed-core-8.5.34.jar:/home/user/.m2/repository/org/apache/tomcat/embed/tomcat-embed-el/8.5.34/tomcat-embed-el-8.5.34.jar:/home/user/.m2/repository/org/apache/tomcat/embed/tomcat-embed-websocket/8.5.34/tomcat-embed-websocket-8.5.34.jar:/home/user/.m2/repository/org/hibernate/validator/hibernate-validator/6.0.12.Final/hibernate-validator-6.0.12.Final.jar:/home/user/.m2/repository/javax/validation/validation-api/2.0.1.Final/validation-api-2.0.1.Final.jar:/home/user/.m2/repository/org/jboss/logging/jboss-logging/3.3.2.Final/jboss-logging-3.3.2.Final.jar:/home/user/.m2/repository/org/springframework/spring-web/5.0.9.RELEASE/spring-web-5.0.9.RELEASE.jar:/home/user/.m2/repository/org/springframework/spring-beans/5.0.9.RELEASE/spring-beans-5.0.9.RELEASE.jar:/home/user/.m2/repository/org/springframework/spring-webmvc/5.0.9.RELEASE/spring-webmvc-5.0.9.RELEASE.jar:/home/user/.m2/repository/org/springframework/spring-context/5.0.9.RELEASE/spring-context-5.0.9.RELEASE.jar:/home/user/.m2/repository/org/springframework/spring-expression/5.0.9.RELEASE/spring-expression-5.0.9.RELEASE.jar:/home/user/.m2/repository/org/springframework/boot/spring-boot-starter-aop/2.0.5.RELEASE/spring-boot-starter-aop-2.0.5.RELEASE.jar:/home/user/.m2/repository/org/springframework/spring-aop/5.0.9.RELEASE/spring-aop-5.0.9.RELEASE.jar:/home/user/.m2/repository/org/aspectj/aspectjweaver/1.8.13/aspectjweaver-1.8.13.jar:/home/user/.m2/repository/org/springframework/boot/spring-boot-starter-data-jpa/2.0.5.RELEASE/spring-boot-starter-data-jpa-2.0.5.RELEASE.jar:/home/user/.m2/repository/org/springframework/boot/spring-boot-starter-jdbc/2.0.5.RELEASE/spring-boot-starter-jdbc-2.0.5.RELEASE.jar:/home/user/.m2/repository/com/zaxxer/HikariCP/2.7.9/HikariCP-2.7.9.jar:/home/user/.m2/repository/org/springframework/spring-jdbc/5.0.9.RELEASE/spring-jdbc-5.0.9.RELEASE.jar:/home/user/.m2/repository/javax/transaction/javax.transaction-api/1.2/javax.transaction-api-1.2.jar:/home/user/.m2/repository/org/hibernate/hibernate-core/5.2.17.Final/hibernate-core-5.2.17.Final.jar:/home/user/.m2/repository/org/hibernate/javax/persistence/hibernate-jpa-2.1-api/1.0.2.Final/hibernate-jpa-2.1-api-1.0.2.Final.jar:/home/user/.m2/repository/org/javassist/javassist/3.22.0-GA/javassist-3.22.0-GA.jar:/home/user/.m2/repository/antlr/antlr/2.7.7/antlr-2.7.7.jar:/home/user/.m2/repository/org/jboss/jandex/2.0.3.Final/jandex-2.0.3.Final.jar:/home/user/.m2/repository/dom4j/dom4j/1.6.1/dom4j-1.6.1.jar:/home/user/.m2/repository/org/hibernate/common/hibernate-commons-annotations/5.0.1.Final/hibernate-commons-annotations-5.0.1.Final.jar:/home/user/.m2/repository/org/springframework/data/spring-data-jpa/2.0.10.RELEASE/spring-data-jpa-2.0.10.RELEASE.jar:/home/user/.m2/repository/org/springframework/data/spring-data-commons/2.0.10.RELEASE/spring-data-commons-2.0.10.RELEASE.jar:/home/user/.m2/repository/org/springframework/spring-orm/5.0.9.RELEASE/spring-orm-5.0.9.RELEASE.jar:/home/user/.m2/repository/org/springframework/spring-tx/5.0.9.RELEASE/spring-tx-5.0.9.RELEASE.jar:/home/user/.m2/repository/org/springframework/spring-aspects/5.0.9.RELEASE/spring-aspects-5.0.9.RELEASE.jar:/home/user/.m2/repository/org/springframework/boot/spring-boot-starter-actuator/2.0.5.RELEASE/spring-boot-starter-actuator-2.0.5.RELEASE.jar:/home/user/.m2/repository/org/springframework/boot/spring-boot-actuator-autoconfigure/2.0.5.RELEASE/spring-boot-actuator-autoconfigure-2.0.5.RELEASE.jar:/home/user/.m2/repository/org/springframework/boot/spring-boot-actuator/2.0.5.RELEASE/spring-boot-actuator-2.0.5.RELEASE.jar:/home/user/.m2/repository/io/micrometer/micrometer-core/1.0.6/micrometer-core-1.0.6.jar:/home/user/.m2/repository/org/hdrhistogram/HdrHistogram/2.1.10/HdrHistogram-2.1.10.jar:/home/user/.m2/repository/org/latencyutils/LatencyUtils/2.0.3/LatencyUtils-2.0.3.jar:/home/user/.m2/repository/io/micrometer/micrometer-registry-prometheus/1.0.6/micrometer-registry-prometheus-1.0.6.jar:/home/user/.m2/repository/io/prometheus/simpleclient_common/0.4.0/simpleclient_common-0.4.0.jar:/home/user/.m2/repository/io/prometheus/simpleclient/0.4.0/simpleclient-0.4.0.jar:/home/user/.m2/repository/org/springframework/cloud/spring-cloud-starter-netflix-hystrix/2.0.1.RELEASE/spring-cloud-starter-netflix-hystrix-2.0.1.RELEASE.jar:/home/user/.m2/repository/org/springframework/cloud/spring-cloud-starter/2.0.1.RELEASE/spring-cloud-starter-2.0.1.RELEASE.jar:/home/user/.m2/repository/org/springframework/cloud/spring-cloud-context/2.0.1.RELEASE/spring-cloud-context-2.0.1.RELEASE.jar:/home/user/.m2/repository/org/springframework/security/spring-security-crypto/5.0.8.RELEASE/spring-security-crypto-5.0.8.RELEASE.jar:/home/user/.m2/repository/org/springframework/cloud/spring-cloud-commons/2.0.1.RELEASE/spring-cloud-commons-2.0.1.RELEASE.jar:/home/user/.m2/repository/org/springframework/security/spring-security-rsa/1.0.5.RELEASE/spring-security-rsa-1.0.5.RELEASE.jar:/home/user/.m2/repository/org/bouncycastle/bcpkix-jdk15on/1.56/bcpkix-jdk15on-1.56.jar:/home/user/.m2/repository/org/bouncycastle/bcprov-jdk15on/1.56/bcprov-jdk15on-1.56.jar:/home/user/.m2/repository/org/springframework/cloud/spring-cloud-netflix-core/2.0.1.RELEASE/spring-cloud-netflix-core-2.0.1.RELEASE.jar:/home/user/.m2/repository/org/springframework/cloud/spring-cloud-netflix-ribbon/2.0.1.RELEASE/spring-cloud-netflix-ribbon-2.0.1.RELEASE.jar:/home/user/.m2/repository/org/springframework/cloud/spring-cloud-netflix-archaius/2.0.1.RELEASE/spring-cloud-netflix-archaius-2.0.1.RELEASE.jar:/home/user/.m2/repository/org/springframework/cloud/spring-cloud-starter-netflix-archaius/2.0.1.RELEASE/spring-cloud-starter-netflix-archaius-2.0.1.RELEASE.jar:/home/user/.m2/repository/com/netflix/archaius/archaius-core/0.7.6/archaius-core-0.7.6.jar:/home/user/.m2/repository/com/google/code/findbugs/jsr305/3.0.1/jsr305-3.0.1.jar:/home/user/.m2/repository/commons-configuration/commons-configuration/1.8/commons-configuration-1.8.jar:/home/user/.m2/repository/commons-lang/commons-lang/2.6/commons-lang-2.6.jar:/home/user/.m2/repository/com/netflix/hystrix/hystrix-core/1.5.12/hystrix-core-1.5.12.jar:/home/user/.m2/repository/io/reactivex/rxjava/1.3.8/rxjava-1.3.8.jar:/home/user/.m2/repository/com/netflix/hystrix/hystrix-serialization/1.5.12/hystrix-serialization-1.5.12.jar:/home/user/.m2/repository/com/fasterxml/jackson/module/jackson-module-afterburner/2.9.6/jackson-module-afterburner-2.9.6.jar:/home/user/.m2/repository/com/fasterxml/jackson/core/jackson-core/2.9.6/jackson-core-2.9.6.jar:/home/user/.m2/repository/com/fasterxml/jackson/core/jackson-annotations/2.9.0/jackson-annotations-2.9.0.jar:/home/user/.m2/repository/com/netflix/hystrix/hystrix-metrics-event-stream/1.5.12/hystrix-metrics-event-stream-1.5.12.jar:/home/user/.m2/repository/com/netflix/hystrix/hystrix-javanica/1.5.12/hystrix-javanica-1.5.12.jar:/home/user/.m2/repository/org/ow2/asm/asm/5.0.4/asm-5.0.4.jar:/home/user/.m2/repository/io/reactivex/rxjava-reactive-streams/1.2.1/rxjava-reactive-streams-1.2.1.jar:/home/user/.m2/repository/org/reactivestreams/reactive-streams/1.0.2/reactive-streams-1.0.2.jar:/home/user/.m2/repository/org/flywaydb/flyway-core/5.0.7/flyway-core-5.0.7.jar:/home/user/.m2/repository/org/springframework/boot/spring-boot-devtools/2.0.5.RELEASE/spring-boot-devtools-2.0.5.RELEASE.jar:/home/user/.m2/repository/org/springframework/boot/spring-boot/2.0.5.RELEASE/spring-boot-2.0.5.RELEASE.jar:/home/user/.m2/repository/org/springframework/boot/spring-boot-autoconfigure/2.0.5.RELEASE/spring-boot-autoconfigure-2.0.5.RELEASE.jar:/home/user/.m2/repository/org/springframework/boot/spring-boot-configuration-processor/2.0.5.RELEASE/spring-boot-configuration-processor-2.0.5.RELEASE.jar:/home/user/.m2/repository/org/springframework/boot/spring-boot-starter-test/2.0.5.RELEASE/spring-boot-starter-test-2.0.5.RELEASE.jar:/home/user/.m2/repository/org/springframework/boot/spring-boot-test/2.0.5.RELEASE/spring-boot-test-2.0.5.RELEASE.jar:/home/user/.m2/repository/org/springframework/boot/spring-boot-test-autoconfigure/2.0.5.RELEASE/spring-boot-test-autoconfigure-2.0.5.RELEASE.jar:/home/user/.m2/repository/com/jayway/jsonpath/json-path/2.4.0/json-path-2.4.0.jar:/home/user/.m2/repository/net/minidev/json-smart/2.3/json-smart-2.3.jar:/home/user/.m2/repository/net/minidev/accessors-smart/1.2/accessors-smart-1.2.jar:/home/user/.m2/repository/junit/junit/4.12/junit-4.12.jar:/home/user/.m2/repository/org/assertj/assertj-core/3.9.1/assertj-core-3.9.1.jar:/home/user/.m2/repository/org/mockito/mockito-core/2.15.0/mockito-core-2.15.0.jar:/home/user/.m2/repository/net/bytebuddy/byte-buddy/1.7.11/byte-buddy-1.7.11.jar:/home/user/.m2/repository/net/bytebuddy/byte-buddy-agent/1.7.11/byte-buddy-agent-1.7.11.jar:/home/user/.m2/repository/org/objenesis/objenesis/2.6/objenesis-2.6.jar:/home/user/.m2/repository/org/hamcrest/hamcrest-core/1.3/hamcrest-core-1.3.jar:/home/user/.m2/repository/org/hamcrest/hamcrest-library/1.3/hamcrest-library-1.3.jar:/home/user/.m2/repository/org/skyscreamer/jsonassert/1.5.0/jsonassert-1.5.0.jar:/home/user/.m2/repository/com/vaadin/external/google/android-json/0.0.20131108.vaadin1/android-json-0.0.20131108.vaadin1.jar:/home/user/.m2/repository/org/springframework/spring-core/5.0.9.RELEASE/spring-core-5.0.9.RELEASE.jar:/home/user/.m2/repository/org/springframework/spring-jcl/5.0.9.RELEASE/spring-jcl-5.0.9.RELEASE.jar:/home/user/.m2/repository/org/springframework/spring-test/5.0.9.RELEASE/spring-test-5.0.9.RELEASE.jar:/home/user/.m2/repository/org/xmlunit/xmlunit-core/2.5.1/xmlunit-core-2.5.1.jar:/home/user/.m2/repository/com/h2database/h2/1.4.197/h2-1.4.197.jar:/home/user/.m2/repository/mysql/mysql-connector-java/5.1.47/mysql-connector-java-5.1.47.jar:/home/user/.m2/repository/org/postgresql/postgresql/42.2.5/postgresql-42.2.5.jar:/home/user/.m2/repository/org/projectlombok/lombok/1.16.22/lombok-1.16.22.jar:/home/user/.m2/repository/net/logstash/logback/logstash-logback-encoder/4.9/logstash-logback-encoder-4.9.jar:/home/user/.m2/repository/ch/qos/logback/logback-core/1.2.3/logback-core-1.2.3.jar:/home/user/.m2/repository/com/fasterxml/jackson/core/jackson-databind/2.9.6/jackson-databind-2.9.6.jar:/home/user/.m2/repository/io/springfox/springfox-swagger2/2.9.2/springfox-swagger2-2.9.2.jar:/home/user/.m2/repository/io/swagger/swagger-annotations/1.5.20/swagger-annotations-1.5.20.jar:/home/user/.m2/repository/io/swagger/swagger-models/1.5.20/swagger-models-1.5.20.jar:/home/user/.m2/repository/io/springfox/springfox-spi/2.9.2/springfox-spi-2.9.2.jar:/home/user/.m2/repository/io/springfox/springfox-core/2.9.2/springfox-core-2.9.2.jar:/home/user/.m2/repository/io/springfox/springfox-schema/2.9.2/springfox-schema-2.9.2.jar:/home/user/.m2/repository/io/springfox/springfox-swagger-common/2.9.2/springfox-swagger-common-2.9.2.jar:/home/user/.m2/repository/io/springfox/springfox-spring-web/2.9.2/springfox-spring-web-2.9.2.jar:/home/user/.m2/repository/com/google/guava/guava/20.0/guava-20.0.jar:/home/user/.m2/repository/com/fasterxml/classmate/1.3.4/classmate-1.3.4.jar:/home/user/.m2/repository/org/slf4j/slf4j-api/1.7.25/slf4j-api-1.7.25.jar:/home/user/.m2/repository/org/springframework/plugin/spring-plugin-core/1.2.0.RELEASE/spring-plugin-core-1.2.0.RELEASE.jar:/home/user/.m2/repository/org/springframework/plugin/spring-plugin-metadata/1.2.0.RELEASE/spring-plugin-metadata-1.2.0.RELEASE.jar:/home/user/.m2/repository/org/mapstruct/mapstruct/1.2.0.Final/mapstruct-1.2.0.Final.jar:/home/user/.m2/repository/io/springfox/springfox-swagger-ui/2.9.2/springfox-swagger-ui-2.9.2.jar:/home/user/.m2/repository/org/testcontainers/postgresql/1.8.3/postgresql-1.8.3.jar:/home/user/.m2/repository/org/testcontainers/jdbc/1.8.3/jdbc-1.8.3.jar:/home/user/.m2/repository/org/testcontainers/database-commons/1.8.3/database-commons-1.8.3.jar:/home/user/.m2/repository/org/testcontainers/testcontainers/1.8.3/testcontainers-1.8.3.jar:/home/user/.m2/repository/org/slf4j/slf4j-ext/1.7.25/slf4j-ext-1.7.25.jar:/home/user/.m2/repository/org/jetbrains/annotations/15.0/annotations-15.0.jar:/home/user/.m2/repository/org/apache/commons/commons-compress/1.16.1/commons-compress-1.16.1.jar:/home/user/.m2/repository/javax/xml/bind/jaxb-api/2.3.0/jaxb-api-2.3.0.jar:/home/user/.m2/repository/org/rnorth/duct-tape/duct-tape/1.0.7/duct-tape-1.0.7.jar:/home/user/.m2/repository/org/rnorth/visible-assertions/visible-assertions/2.1.1/visible-assertions-2.1.1.jar:/home/user/.m2/repository/net/java/dev/jna/jna/4.5.2/jna-4.5.2.jar:/home/user/.m2/repository/org/rnorth/tcp-unix-socket-proxy/1.0.2/tcp-unix-socket-proxy-1.0.2.jar:/home/user/.m2/repository/com/kohlschutter/junixsocket/junixsocket-native-common/2.0.4/junixsocket-native-common-2.0.4.jar:/home/user/.m2/repository/org/scijava/native-lib-loader/2.0.2/native-lib-loader-2.0.2.jar:/home/user/.m2/repository/com/kohlschutter/junixsocket/junixsocket-common/2.0.4/junixsocket-common-2.0.4.jar:/home/user/.m2/repository/net/java/dev/jna/jna-platform/4.5.2/jna-platform-4.5.2.jar:/home/user/.m2/repository/de/codecentric/chaos-monkey-spring-boot/2.0.0/chaos-monkey-spring-boot-2.0.0.jar:/home/user/.m2/repository/org/apache/commons/commons-lang3/3.7/commons-lang3-3.7.jar:"/>
    <property name="java.vm.vendor" value="Oracle Corporation"/>
    <property name="sun.arch.data.model" value="64"/>
    <property name="java.vendor.url" value="http://java.oracle.com/"/>
    <property name="user.timezone" value=""/>
    <property name="java.vm.specification.version" value="11"/>
    <property name="os.name" value="Linux"/>
    <property name="sun.java.launcher" value="SUN_STANDARD"/>
    <property name="sun.boot.library.path" value="/usr/lib/jvm/java-11-openjdk-amd64/lib"/>
    <property name="sun.java.command" value="/projects/cif01/target/surefire/surefirebooter3441113788749219461.jar /projects/cif01/target/surefire 2019-12-27T05-00-29_406-jvmRun1 surefire17367232764213479236tmp surefire_02567172058495547377tmp"/>
    <property name="jdk.debug" value="release"/>
    <property name="surefire.test.class.path" value="/projects/cif01/target/test-classes:/projects/cif01/target/classes:/home/user/.m2/repository/org/springframework/boot/spring-boot-starter-web/2.0.5.RELEASE/spring-boot-starter-web-2.0.5.RELEASE.jar:/home/user/.m2/repository/org/springframework/boot/spring-boot-starter/2.0.5.RELEASE/spring-boot-starter-2.0.5.RELEASE.jar:/home/user/.m2/repository/org/springframework/boot/spring-boot-starter-logging/2.0.5.RELEASE/spring-boot-starter-logging-2.0.5.RELEASE.jar:/home/user/.m2/repository/ch/qos/logback/logback-classic/1.2.3/logback-classic-1.2.3.jar:/home/user/.m2/repository/org/apache/logging/log4j/log4j-to-slf4j/2.10.0/log4j-to-slf4j-2.10.0.jar:/home/user/.m2/repository/org/apache/logging/log4j/log4j-api/2.10.0/log4j-api-2.10.0.jar:/home/user/.m2/repository/org/slf4j/jul-to-slf4j/1.7.25/jul-to-slf4j-1.7.25.jar:/home/user/.m2/repository/javax/annotation/javax.annotation-api/1.3.2/javax.annotation-api-1.3.2.jar:/home/user/.m2/repository/org/yaml/snakeyaml/1.19/snakeyaml-1.19.jar:/home/user/.m2/repository/org/springframework/boot/spring-boot-starter-json/2.0.5.RELEASE/spring-boot-starter-json-2.0.5.RELEASE.jar:/home/user/.m2/repository/com/fasterxml/jackson/datatype/jackson-datatype-jdk8/2.9.6/jackson-datatype-jdk8-2.9.6.jar:/home/user/.m2/repository/com/fasterxml/jackson/datatype/jackson-datatype-jsr310/2.9.6/jackson-datatype-jsr310-2.9.6.jar:/home/user/.m2/repository/com/fasterxml/jackson/module/jackson-module-parameter-names/2.9.6/jackson-module-parameter-names-2.9.6.jar:/home/user/.m2/repository/org/springframework/boot/spring-boot-starter-tomcat/2.0.5.RELEASE/spring-boot-starter-tomcat-2.0.5.RELEASE.jar:/home/user/.m2/repository/org/apache/tomcat/embed/tomcat-embed-core/8.5.34/tomcat-embed-core-8.5.34.jar:/home/user/.m2/repository/org/apache/tomcat/embed/tomcat-embed-el/8.5.34/tomcat-embed-el-8.5.34.jar:/home/user/.m2/repository/org/apache/tomcat/embed/tomcat-embed-websocket/8.5.34/tomcat-embed-websocket-8.5.34.jar:/home/user/.m2/repository/org/hibernate/validator/hibernate-validator/6.0.12.Final/hibernate-validator-6.0.12.Final.jar:/home/user/.m2/repository/javax/validation/validation-api/2.0.1.Final/validation-api-2.0.1.Final.jar:/home/user/.m2/repository/org/jboss/logging/jboss-logging/3.3.2.Final/jboss-logging-3.3.2.Final.jar:/home/user/.m2/repository/org/springframework/spring-web/5.0.9.RELEASE/spring-web-5.0.9.RELEASE.jar:/home/user/.m2/repository/org/springframework/spring-beans/5.0.9.RELEASE/spring-beans-5.0.9.RELEASE.jar:/home/user/.m2/repository/org/springframework/spring-webmvc/5.0.9.RELEASE/spring-webmvc-5.0.9.RELEASE.jar:/home/user/.m2/repository/org/springframework/spring-context/5.0.9.RELEASE/spring-context-5.0.9.RELEASE.jar:/home/user/.m2/repository/org/springframework/spring-expression/5.0.9.RELEASE/spring-expression-5.0.9.RELEASE.jar:/home/user/.m2/repository/org/springframework/boot/spring-boot-starter-aop/2.0.5.RELEASE/spring-boot-starter-aop-2.0.5.RELEASE.jar:/home/user/.m2/repository/org/springframework/spring-aop/5.0.9.RELEASE/spring-aop-5.0.9.RELEASE.jar:/home/user/.m2/repository/org/aspectj/aspectjweaver/1.8.13/aspectjweaver-1.8.13.jar:/home/user/.m2/repository/org/springframework/boot/spring-boot-starter-data-jpa/2.0.5.RELEASE/spring-boot-starter-data-jpa-2.0.5.RELEASE.jar:/home/user/.m2/repository/org/springframework/boot/spring-boot-starter-jdbc/2.0.5.RELEASE/spring-boot-starter-jdbc-2.0.5.RELEASE.jar:/home/user/.m2/repository/com/zaxxer/HikariCP/2.7.9/HikariCP-2.7.9.jar:/home/user/.m2/repository/org/springframework/spring-jdbc/5.0.9.RELEASE/spring-jdbc-5.0.9.RELEASE.jar:/home/user/.m2/repository/javax/transaction/javax.transaction-api/1.2/javax.transaction-api-1.2.jar:/home/user/.m2/repository/org/hibernate/hibernate-core/5.2.17.Final/hibernate-core-5.2.17.Final.jar:/home/user/.m2/repository/org/hibernate/javax/persistence/hibernate-jpa-2.1-api/1.0.2.Final/hibernate-jpa-2.1-api-1.0.2.Final.jar:/home/user/.m2/repository/org/javassist/javassist/3.22.0-GA/javassist-3.22.0-GA.jar:/home/user/.m2/repository/antlr/antlr/2.7.7/antlr-2.7.7.jar:/home/user/.m2/repository/org/jboss/jandex/2.0.3.Final/jandex-2.0.3.Final.jar:/home/user/.m2/repository/dom4j/dom4j/1.6.1/dom4j-1.6.1.jar:/home/user/.m2/repository/org/hibernate/common/hibernate-commons-annotations/5.0.1.Final/hibernate-commons-annotations-5.0.1.Final.jar:/home/user/.m2/repository/org/springframework/data/spring-data-jpa/2.0.10.RELEASE/spring-data-jpa-2.0.10.RELEASE.jar:/home/user/.m2/repository/org/springframework/data/spring-data-commons/2.0.10.RELEASE/spring-data-commons-2.0.10.RELEASE.jar:/home/user/.m2/repository/org/springframework/spring-orm/5.0.9.RELEASE/spring-orm-5.0.9.RELEASE.jar:/home/user/.m2/repository/org/springframework/spring-tx/5.0.9.RELEASE/spring-tx-5.0.9.RELEASE.jar:/home/user/.m2/repository/org/springframework/spring-aspects/5.0.9.RELEASE/spring-aspects-5.0.9.RELEASE.jar:/home/user/.m2/repository/org/springframework/boot/spring-boot-starter-actuator/2.0.5.RELEASE/spring-boot-starter-actuator-2.0.5.RELEASE.jar:/home/user/.m2/repository/org/springframework/boot/spring-boot-actuator-autoconfigure/2.0.5.RELEASE/spring-boot-actuator-autoconfigure-2.0.5.RELEASE.jar:/home/user/.m2/repository/org/springframework/boot/spring-boot-actuator/2.0.5.RELEASE/spring-boot-actuator-2.0.5.RELEASE.jar:/home/user/.m2/repository/io/micrometer/micrometer-core/1.0.6/micrometer-core-1.0.6.jar:/home/user/.m2/repository/org/hdrhistogram/HdrHistogram/2.1.10/HdrHistogram-2.1.10.jar:/home/user/.m2/repository/org/latencyutils/LatencyUtils/2.0.3/LatencyUtils-2.0.3.jar:/home/user/.m2/repository/io/micrometer/micrometer-registry-prometheus/1.0.6/micrometer-registry-prometheus-1.0.6.jar:/home/user/.m2/repository/io/prometheus/simpleclient_common/0.4.0/simpleclient_common-0.4.0.jar:/home/user/.m2/repository/io/prometheus/simpleclient/0.4.0/simpleclient-0.4.0.jar:/home/user/.m2/repository/org/springframework/cloud/spring-cloud-starter-netflix-hystrix/2.0.1.RELEASE/spring-cloud-starter-netflix-hystrix-2.0.1.RELEASE.jar:/home/user/.m2/repository/org/springframework/cloud/spring-cloud-starter/2.0.1.RELEASE/spring-cloud-starter-2.0.1.RELEASE.jar:/home/user/.m2/repository/org/springframework/cloud/spring-cloud-context/2.0.1.RELEASE/spring-cloud-context-2.0.1.RELEASE.jar:/home/user/.m2/repository/org/springframework/security/spring-security-crypto/5.0.8.RELEASE/spring-security-crypto-5.0.8.RELEASE.jar:/home/user/.m2/repository/org/springframework/cloud/spring-cloud-commons/2.0.1.RELEASE/spring-cloud-commons-2.0.1.RELEASE.jar:/home/user/.m2/repository/org/springframework/security/spring-security-rsa/1.0.5.RELEASE/spring-security-rsa-1.0.5.RELEASE.jar:/home/user/.m2/repository/org/bouncycastle/bcpkix-jdk15on/1.56/bcpkix-jdk15on-1.56.jar:/home/user/.m2/repository/org/bouncycastle/bcprov-jdk15on/1.56/bcprov-jdk15on-1.56.jar:/home/user/.m2/repository/org/springframework/cloud/spring-cloud-netflix-core/2.0.1.RELEASE/spring-cloud-netflix-core-2.0.1.RELEASE.jar:/home/user/.m2/repository/org/springframework/cloud/spring-cloud-netflix-ribbon/2.0.1.RELEASE/spring-cloud-netflix-ribbon-2.0.1.RELEASE.jar:/home/user/.m2/repository/org/springframework/cloud/spring-cloud-netflix-archaius/2.0.1.RELEASE/spring-cloud-netflix-archaius-2.0.1.RELEASE.jar:/home/user/.m2/repository/org/springframework/cloud/spring-cloud-starter-netflix-archaius/2.0.1.RELEASE/spring-cloud-starter-netflix-archaius-2.0.1.RELEASE.jar:/home/user/.m2/repository/com/netflix/archaius/archaius-core/0.7.6/archaius-core-0.7.6.jar:/home/user/.m2/repository/com/google/code/findbugs/jsr305/3.0.1/jsr305-3.0.1.jar:/home/user/.m2/repository/commons-configuration/commons-configuration/1.8/commons-configuration-1.8.jar:/home/user/.m2/repository/commons-lang/commons-lang/2.6/commons-lang-2.6.jar:/home/user/.m2/repository/com/netflix/hystrix/hystrix-core/1.5.12/hystrix-core-1.5.12.jar:/home/user/.m2/repository/io/reactivex/rxjava/1.3.8/rxjava-1.3.8.jar:/home/user/.m2/repository/com/netflix/hystrix/hystrix-serialization/1.5.12/hystrix-serialization-1.5.12.jar:/home/user/.m2/repository/com/fasterxml/jackson/module/jackson-module-afterburner/2.9.6/jackson-module-afterburner-2.9.6.jar:/home/user/.m2/repository/com/fasterxml/jackson/core/jackson-core/2.9.6/jackson-core-2.9.6.jar:/home/user/.m2/repository/com/fasterxml/jackson/core/jackson-annotations/2.9.0/jackson-annotations-2.9.0.jar:/home/user/.m2/repository/com/netflix/hystrix/hystrix-metrics-event-stream/1.5.12/hystrix-metrics-event-stream-1.5.12.jar:/home/user/.m2/repository/com/netflix/hystrix/hystrix-javanica/1.5.12/hystrix-javanica-1.5.12.jar:/home/user/.m2/repository/org/ow2/asm/asm/5.0.4/asm-5.0.4.jar:/home/user/.m2/repository/io/reactivex/rxjava-reactive-streams/1.2.1/rxjava-reactive-streams-1.2.1.jar:/home/user/.m2/repository/org/reactivestreams/reactive-streams/1.0.2/reactive-streams-1.0.2.jar:/home/user/.m2/repository/org/flywaydb/flyway-core/5.0.7/flyway-core-5.0.7.jar:/home/user/.m2/repository/org/springframework/boot/spring-boot-devtools/2.0.5.RELEASE/spring-boot-devtools-2.0.5.RELEASE.jar:/home/user/.m2/repository/org/springframework/boot/spring-boot/2.0.5.RELEASE/spring-boot-2.0.5.RELEASE.jar:/home/user/.m2/repository/org/springframework/boot/spring-boot-autoconfigure/2.0.5.RELEASE/spring-boot-autoconfigure-2.0.5.RELEASE.jar:/home/user/.m2/repository/org/springframework/boot/spring-boot-configuration-processor/2.0.5.RELEASE/spring-boot-configuration-processor-2.0.5.RELEASE.jar:/home/user/.m2/repository/org/springframework/boot/spring-boot-starter-test/2.0.5.RELEASE/spring-boot-starter-test-2.0.5.RELEASE.jar:/home/user/.m2/repository/org/springframework/boot/spring-boot-test/2.0.5.RELEASE/spring-boot-test-2.0.5.RELEASE.jar:/home/user/.m2/repository/org/springframework/boot/spring-boot-test-autoconfigure/2.0.5.RELEASE/spring-boot-test-autoconfigure-2.0.5.RELEASE.jar:/home/user/.m2/repository/com/jayway/jsonpath/json-path/2.4.0/json-path-2.4.0.jar:/home/user/.m2/repository/net/minidev/json-smart/2.3/json-smart-2.3.jar:/home/user/.m2/repository/net/minidev/accessors-smart/1.2/accessors-smart-1.2.jar:/home/user/.m2/repository/junit/junit/4.12/junit-4.12.jar:/home/user/.m2/repository/org/assertj/assertj-core/3.9.1/assertj-core-3.9.1.jar:/home/user/.m2/repository/org/mockito/mockito-core/2.15.0/mockito-core-2.15.0.jar:/home/user/.m2/repository/net/bytebuddy/byte-buddy/1.7.11/byte-buddy-1.7.11.jar:/home/user/.m2/repository/net/bytebuddy/byte-buddy-agent/1.7.11/byte-buddy-agent-1.7.11.jar:/home/user/.m2/repository/org/objenesis/objenesis/2.6/objenesis-2.6.jar:/home/user/.m2/repository/org/hamcrest/hamcrest-core/1.3/hamcrest-core-1.3.jar:/home/user/.m2/repository/org/hamcrest/hamcrest-library/1.3/hamcrest-library-1.3.jar:/home/user/.m2/repository/org/skyscreamer/jsonassert/1.5.0/jsonassert-1.5.0.jar:/home/user/.m2/repository/com/vaadin/external/google/android-json/0.0.20131108.vaadin1/android-json-0.0.20131108.vaadin1.jar:/home/user/.m2/repository/org/springframework/spring-core/5.0.9.RELEASE/spring-core-5.0.9.RELEASE.jar:/home/user/.m2/repository/org/springframework/spring-jcl/5.0.9.RELEASE/spring-jcl-5.0.9.RELEASE.jar:/home/user/.m2/repository/org/springframework/spring-test/5.0.9.RELEASE/spring-test-5.0.9.RELEASE.jar:/home/user/.m2/repository/org/xmlunit/xmlunit-core/2.5.1/xmlunit-core-2.5.1.jar:/home/user/.m2/repository/com/h2database/h2/1.4.197/h2-1.4.197.jar:/home/user/.m2/repository/mysql/mysql-connector-java/5.1.47/mysql-connector-java-5.1.47.jar:/home/user/.m2/repository/org/postgresql/postgresql/42.2.5/postgresql-42.2.5.jar:/home/user/.m2/repository/org/projectlombok/lombok/1.16.22/lombok-1.16.22.jar:/home/user/.m2/repository/net/logstash/logback/logstash-logback-encoder/4.9/logstash-logback-encoder-4.9.jar:/home/user/.m2/repository/ch/qos/logback/logback-core/1.2.3/logback-core-1.2.3.jar:/home/user/.m2/repository/com/fasterxml/jackson/core/jackson-databind/2.9.6/jackson-databind-2.9.6.jar:/home/user/.m2/repository/io/springfox/springfox-swagger2/2.9.2/springfox-swagger2-2.9.2.jar:/home/user/.m2/repository/io/swagger/swagger-annotations/1.5.20/swagger-annotations-1.5.20.jar:/home/user/.m2/repository/io/swagger/swagger-models/1.5.20/swagger-models-1.5.20.jar:/home/user/.m2/repository/io/springfox/springfox-spi/2.9.2/springfox-spi-2.9.2.jar:/home/user/.m2/repository/io/springfox/springfox-core/2.9.2/springfox-core-2.9.2.jar:/home/user/.m2/repository/io/springfox/springfox-schema/2.9.2/springfox-schema-2.9.2.jar:/home/user/.m2/repository/io/springfox/springfox-swagger-common/2.9.2/springfox-swagger-common-2.9.2.jar:/home/user/.m2/repository/io/springfox/springfox-spring-web/2.9.2/springfox-spring-web-2.9.2.jar:/home/user/.m2/repository/com/google/guava/guava/20.0/guava-20.0.jar:/home/user/.m2/repository/com/fasterxml/classmate/1.3.4/classmate-1.3.4.jar:/home/user/.m2/repository/org/slf4j/slf4j-api/1.7.25/slf4j-api-1.7.25.jar:/home/user/.m2/repository/org/springframework/plugin/spring-plugin-core/1.2.0.RELEASE/spring-plugin-core-1.2.0.RELEASE.jar:/home/user/.m2/repository/org/springframework/plugin/spring-plugin-metadata/1.2.0.RELEASE/spring-plugin-metadata-1.2.0.RELEASE.jar:/home/user/.m2/repository/org/mapstruct/mapstruct/1.2.0.Final/mapstruct-1.2.0.Final.jar:/home/user/.m2/repository/io/springfox/springfox-swagger-ui/2.9.2/springfox-swagger-ui-2.9.2.jar:/home/user/.m2/repository/org/testcontainers/postgresql/1.8.3/postgresql-1.8.3.jar:/home/user/.m2/repository/org/testcontainers/jdbc/1.8.3/jdbc-1.8.3.jar:/home/user/.m2/repository/org/testcontainers/database-commons/1.8.3/database-commons-1.8.3.jar:/home/user/.m2/repository/org/testcontainers/testcontainers/1.8.3/testcontainers-1.8.3.jar:/home/user/.m2/repository/org/slf4j/slf4j-ext/1.7.25/slf4j-ext-1.7.25.jar:/home/user/.m2/repository/org/jetbrains/annotations/15.0/annotations-15.0.jar:/home/user/.m2/repository/org/apache/commons/commons-compress/1.16.1/commons-compress-1.16.1.jar:/home/user/.m2/repository/javax/xml/bind/jaxb-api/2.3.0/jaxb-api-2.3.0.jar:/home/user/.m2/repository/org/rnorth/duct-tape/duct-tape/1.0.7/duct-tape-1.0.7.jar:/home/user/.m2/repository/org/rnorth/visible-assertions/visible-assertions/2.1.1/visible-assertions-2.1.1.jar:/home/user/.m2/repository/net/java/dev/jna/jna/4.5.2/jna-4.5.2.jar:/home/user/.m2/repository/org/rnorth/tcp-unix-socket-proxy/1.0.2/tcp-unix-socket-proxy-1.0.2.jar:/home/user/.m2/repository/com/kohlschutter/junixsocket/junixsocket-native-common/2.0.4/junixsocket-native-common-2.0.4.jar:/home/user/.m2/repository/org/scijava/native-lib-loader/2.0.2/native-lib-loader-2.0.2.jar:/home/user/.m2/repository/com/kohlschutter/junixsocket/junixsocket-common/2.0.4/junixsocket-common-2.0.4.jar:/home/user/.m2/repository/net/java/dev/jna/jna-platform/4.5.2/jna-platform-4.5.2.jar:/home/user/.m2/repository/de/codecentric/chaos-monkey-spring-boot/2.0.0/chaos-monkey-spring-boot-2.0.0.jar:/home/user/.m2/repository/org/apache/commons/commons-lang3/3.7/commons-lang3-3.7.jar:"/>
    <property name="sun.cpu.endian" value="little"/>
    <property name="user.home" value="/home/user"/>
    <property name="user.language" value="en"/>
    <property name="java.specification.vendor" value="Oracle Corporation"/>
    <property name="java.version.date" value="2019-04-16"/>
    <property name="java.home" value="/usr/lib/jvm/java-11-openjdk-amd64"/>
    <property name="file.separator" value="/"/>
    <property name="basedir" value="/projects/cif01"/>
    <property name="java.vm.compressedOopsMode" value="32-bit"/>
    <property name="line.separator" value="&#10;"/>
    <property name="java.specification.name" value="Java Platform API Specification"/>
    <property name="java.vm.specification.vendor" value="Oracle Corporation"/>
    <property name="java.awt.graphicsenv" value="sun.awt.X11GraphicsEnvironment"/>
    <property name="surefire.real.class.path" value="/projects/cif01/target/surefire/surefirebooter3441113788749219461.jar"/>
    <property name="sun.management.compiler" value="HotSpot 64-Bit Tiered Compilers"/>
    <property name="java.runtime.version" value="11.0.3+1-Debian-1bpo91"/>
    <property name="user.name" value="user"/>
    <property name="path.separator" value=":"/>
    <property name="java.security.egd" value="file:/dev/./urandom"/>
    <property name="os.version" value="3.10.0-957.21.3.el7.x86_64"/>
    <property name="java.runtime.name" value="OpenJDK Runtime Environment"/>
    <property name="file.encoding" value="UTF-8"/>
    <property name="sun.zip.disableMemoryMapping" value="true"/>
    <property name="java.vm.name" value="OpenJDK 64-Bit Server VM"/>
    <property name="localRepository" value="/home/user/.m2/repository"/>
    <property name="java.vendor.url.bug" value="http://bugreport.java.com/bugreport/"/>
    <property name="java.io.tmpdir" value="/tmp"/>
    <property name="java.version" value="11.0.3"/>
    <property name="user.dir" value="/projects/cif01"/>
    <property name="os.arch" value="amd64"/>
    <property name="SkipTests" value="true"/>
    <property name="java.vm.specification.name" value="Java Virtual Machine Specification"/>
    <property name="java.awt.printerjob" value="sun.print.PSPrinterJob"/>
    <property name="sun.os.patch.level" value="unknown"/>
    <property name="java.library.path" value="/usr/java/packages/lib:/usr/lib/x86_64-linux-gnu/jni:/lib/x86_64-linux-gnu:/usr/lib/x86_64-linux-gnu:/usr/lib/jni:/lib:/usr/lib"/>
    <property name="java.vendor" value="Oracle Corporation"/>
    <property name="java.vm.info" value="mixed mode, sharing"/>
    <property name="java.vm.version" value="11.0.3+1-Debian-1bpo91"/>
    <property name="sun.io.unicode.encoding" value="UnicodeLittle"/>
    <property name="java.class.version" value="55.0"/>
  </properties>
  <testcase name="should_get_all_users" classname="com.daishin.api.web.controller.UserControllerTests" time="0.001">
    <error message="Failed to load ApplicationContext" type="java.lang.IllegalStateException"><![CDATA[java.lang.IllegalStateException: Failed to load ApplicationContext
Caused by: org.mockito.exceptions.base.MockitoException: 

Mockito cannot mock this class: class com.daishin.api.service.UserService.

Mockito can only mock non-private & non-final classes.
If you're not sure why you're getting this error, please report to the mailing list.


Java               : 11
JVM vendor name    : Oracle Corporation
JVM vendor version : 11.0.3+1-Debian-1bpo91
JVM name           : OpenJDK 64-Bit Server VM
JVM version        : 11.0.3+1-Debian-1bpo91
JVM info           : mixed mode, sharing
OS name            : Linux
OS version         : 3.10.0-957.21.3.el7.x86_64


Underlying exception : java.lang.UnsupportedOperationException: Cannot define class using reflection
Caused by: java.lang.UnsupportedOperationException: Cannot define class using reflection
Caused by: java.lang.IllegalStateException: Could not find sun.misc.Unsafe
Caused by: java.lang.NoSuchMethodException: sun.misc.Unsafe.defineClass(java.lang.String, [B, int, int, java.lang.ClassLoader, java.security.ProtectionDomain)
]]></error>
    <system-out><![CDATA[05:00:31.239 [main] DEBUG org.springframework.test.context.junit4.SpringJUnit4ClassRunner - SpringJUnit4ClassRunner constructor called with [class com.daishin.api.web.controller.UserControllerTests]
05:00:31.306 [main] DEBUG org.springframework.test.context.BootstrapUtils - Instantiating CacheAwareContextLoaderDelegate from class [org.springframework.test.context.cache.DefaultCacheAwareContextLoaderDelegate]
05:00:31.322 [main] DEBUG org.springframework.test.context.BootstrapUtils - Instantiating BootstrapContext using constructor [public org.springframework.test.context.support.DefaultBootstrapContext(java.lang.Class,org.springframework.test.context.CacheAwareContextLoaderDelegate)]
05:00:31.340 [main] DEBUG org.springframework.test.context.BootstrapUtils - Instantiating TestContextBootstrapper for test class [com.daishin.api.web.controller.UserControllerTests] from class [org.springframework.boot.test.autoconfigure.web.servlet.WebMvcTestContextBootstrapper]
05:00:31.419 [main] INFO org.springframework.boot.test.autoconfigure.web.servlet.WebMvcTestContextBootstrapper - Neither @ContextConfiguration nor @ContextHierarchy found for test class [com.daishin.api.web.controller.UserControllerTests], using SpringBootContextLoader
05:00:31.423 [main] DEBUG org.springframework.test.context.support.AbstractContextLoader - Did not detect default resource location for test class [com.daishin.api.web.controller.UserControllerTests]: class path resource [com/daishin/api/web/controller/UserControllerTests-context.xml] does not exist
05:00:31.423 [main] DEBUG org.springframework.test.context.support.AbstractContextLoader - Did not detect default resource location for test class [com.daishin.api.web.controller.UserControllerTests]: class path resource [com/daishin/api/web/controller/UserControllerTestsContext.groovy] does not exist
05:00:31.424 [main] INFO org.springframework.test.context.support.AbstractContextLoader - Could not detect default resource locations for test class [com.daishin.api.web.controller.UserControllerTests]: no resource found for suffixes {-context.xml, Context.groovy}.
05:00:31.424 [main] INFO org.springframework.test.context.support.AnnotationConfigContextLoaderUtils - Could not detect default configuration classes for test class [com.daishin.api.web.controller.UserControllerTests]: UserControllerTests does not declare any static, non-private, non-final, nested classes annotated with @Configuration.
05:00:31.618 [main] DEBUG org.springframework.test.context.support.ActiveProfilesUtils - Could not find an 'annotation declaring class' for annotation type [org.springframework.test.context.ActiveProfiles] and class [com.daishin.api.web.controller.UserControllerTests]
05:00:31.627 [main] DEBUG org.springframework.core.env.StandardEnvironment - Adding PropertySource 'systemProperties' with lowest search precedence
05:00:31.628 [main] DEBUG org.springframework.core.env.StandardEnvironment - Adding PropertySource 'systemEnvironment' with lowest search precedence
05:00:31.629 [main] DEBUG org.springframework.core.env.StandardEnvironment - Initialized StandardEnvironment with PropertySources [MapPropertySource@336371513 {name='systemProperties', properties={awt.toolkit=sun.awt.X11.XToolkit, java.specification.version=11, sun.cpu.isalist=, sun.jnu.encoding=UTF-8, java.class.path=/projects/cif01/target/test-classes:/projects/cif01/target/classes:/home/user/.m2/repository/org/springframework/boot/spring-boot-starter-web/2.0.5.RELEASE/spring-boot-starter-web-2.0.5.RELEASE.jar:/home/user/.m2/repository/org/springframework/boot/spring-boot-starter/2.0.5.RELEASE/spring-boot-starter-2.0.5.RELEASE.jar:/home/user/.m2/repository/org/springframework/boot/spring-boot-starter-logging/2.0.5.RELEASE/spring-boot-starter-logging-2.0.5.RELEASE.jar:/home/user/.m2/repository/ch/qos/logback/logback-classic/1.2.3/logback-classic-1.2.3.jar:/home/user/.m2/repository/org/apache/logging/log4j/log4j-to-slf4j/2.10.0/log4j-to-slf4j-2.10.0.jar:/home/user/.m2/repository/org/apache/logging/log4j/log4j-api/2.10.0/log4j-api-2.10.0.jar:/home/user/.m2/repository/org/slf4j/jul-to-slf4j/1.7.25/jul-to-slf4j-1.7.25.jar:/home/user/.m2/repository/javax/annotation/javax.annotation-api/1.3.2/javax.annotation-api-1.3.2.jar:/home/user/.m2/repository/org/yaml/snakeyaml/1.19/snakeyaml-1.19.jar:/home/user/.m2/repository/org/springframework/boot/spring-boot-starter-json/2.0.5.RELEASE/spring-boot-starter-json-2.0.5.RELEASE.jar:/home/user/.m2/repository/com/fasterxml/jackson/datatype/jackson-datatype-jdk8/2.9.6/jackson-datatype-jdk8-2.9.6.jar:/home/user/.m2/repository/com/fasterxml/jackson/datatype/jackson-datatype-jsr310/2.9.6/jackson-datatype-jsr310-2.9.6.jar:/home/user/.m2/repository/com/fasterxml/jackson/module/jackson-module-parameter-names/2.9.6/jackson-module-parameter-names-2.9.6.jar:/home/user/.m2/repository/org/springframework/boot/spring-boot-starter-tomcat/2.0.5.RELEASE/spring-boot-starter-tomcat-2.0.5.RELEASE.jar:/home/user/.m2/repository/org/apache/tomcat/embed/tomcat-embed-core/8.5.34/tomcat-embed-core-8.5.34.jar:/home/user/.m2/repository/org/apache/tomcat/embed/tomcat-embed-el/8.5.34/tomcat-embed-el-8.5.34.jar:/home/user/.m2/repository/org/apache/tomcat/embed/tomcat-embed-websocket/8.5.34/tomcat-embed-websocket-8.5.34.jar:/home/user/.m2/repository/org/hibernate/validator/hibernate-validator/6.0.12.Final/hibernate-validator-6.0.12.Final.jar:/home/user/.m2/repository/javax/validation/validation-api/2.0.1.Final/validation-api-2.0.1.Final.jar:/home/user/.m2/repository/org/jboss/logging/jboss-logging/3.3.2.Final/jboss-logging-3.3.2.Final.jar:/home/user/.m2/repository/org/springframework/spring-web/5.0.9.RELEASE/spring-web-5.0.9.RELEASE.jar:/home/user/.m2/repository/org/springframework/spring-beans/5.0.9.RELEASE/spring-beans-5.0.9.RELEASE.jar:/home/user/.m2/repository/org/springframework/spring-webmvc/5.0.9.RELEASE/spring-webmvc-5.0.9.RELEASE.jar:/home/user/.m2/repository/org/springframework/spring-context/5.0.9.RELEASE/spring-context-5.0.9.RELEASE.jar:/home/user/.m2/repository/org/springframework/spring-expression/5.0.9.RELEASE/spring-expression-5.0.9.RELEASE.jar:/home/user/.m2/repository/org/springframework/boot/spring-boot-starter-aop/2.0.5.RELEASE/spring-boot-starter-aop-2.0.5.RELEASE.jar:/home/user/.m2/repository/org/springframework/spring-aop/5.0.9.RELEASE/spring-aop-5.0.9.RELEASE.jar:/home/user/.m2/repository/org/aspectj/aspectjweaver/1.8.13/aspectjweaver-1.8.13.jar:/home/user/.m2/repository/org/springframework/boot/spring-boot-starter-data-jpa/2.0.5.RELEASE/spring-boot-starter-data-jpa-2.0.5.RELEASE.jar:/home/user/.m2/repository/org/springframework/boot/spring-boot-starter-jdbc/2.0.5.RELEASE/spring-boot-starter-jdbc-2.0.5.RELEASE.jar:/home/user/.m2/repository/com/zaxxer/HikariCP/2.7.9/HikariCP-2.7.9.jar:/home/user/.m2/repository/org/springframework/spring-jdbc/5.0.9.RELEASE/spring-jdbc-5.0.9.RELEASE.jar:/home/user/.m2/repository/javax/transaction/javax.transaction-api/1.2/javax.transaction-api-1.2.jar:/home/user/.m2/repository/org/hibernate/hibernate-core/5.2.17.Final/hibernate-core-5.2.17.Final.jar:/home/user/.m2/repository/org/hibernate/javax/persistence/hibernate-jpa-2.1-api/1.0.2.Final/hibernate-jpa-2.1-api-1.0.2.Final.jar:/home/user/.m2/repository/org/javassist/javassist/3.22.0-GA/javassist-3.22.0-GA.jar:/home/user/.m2/repository/antlr/antlr/2.7.7/antlr-2.7.7.jar:/home/user/.m2/repository/org/jboss/jandex/2.0.3.Final/jandex-2.0.3.Final.jar:/home/user/.m2/repository/dom4j/dom4j/1.6.1/dom4j-1.6.1.jar:/home/user/.m2/repository/org/hibernate/common/hibernate-commons-annotations/5.0.1.Final/hibernate-commons-annotations-5.0.1.Final.jar:/home/user/.m2/repository/org/springframework/data/spring-data-jpa/2.0.10.RELEASE/spring-data-jpa-2.0.10.RELEASE.jar:/home/user/.m2/repository/org/springframework/data/spring-data-commons/2.0.10.RELEASE/spring-data-commons-2.0.10.RELEASE.jar:/home/user/.m2/repository/org/springframework/spring-orm/5.0.9.RELEASE/spring-orm-5.0.9.RELEASE.jar:/home/user/.m2/repository/org/springframework/spring-tx/5.0.9.RELEASE/spring-tx-5.0.9.RELEASE.jar:/home/user/.m2/repository/org/springframework/spring-aspects/5.0.9.RELEASE/spring-aspects-5.0.9.RELEASE.jar:/home/user/.m2/repository/org/springframework/boot/spring-boot-starter-actuator/2.0.5.RELEASE/spring-boot-starter-actuator-2.0.5.RELEASE.jar:/home/user/.m2/repository/org/springframework/boot/spring-boot-actuator-autoconfigure/2.0.5.RELEASE/spring-boot-actuator-autoconfigure-2.0.5.RELEASE.jar:/home/user/.m2/repository/org/springframework/boot/spring-boot-actuator/2.0.5.RELEASE/spring-boot-actuator-2.0.5.RELEASE.jar:/home/user/.m2/repository/io/micrometer/micrometer-core/1.0.6/micrometer-core-1.0.6.jar:/home/user/.m2/repository/org/hdrhistogram/HdrHistogram/2.1.10/HdrHistogram-2.1.10.jar:/home/user/.m2/repository/org/latencyutils/LatencyUtils/2.0.3/LatencyUtils-2.0.3.jar:/home/user/.m2/repository/io/micrometer/micrometer-registry-prometheus/1.0.6/micrometer-registry-prometheus-1.0.6.jar:/home/user/.m2/repository/io/prometheus/simpleclient_common/0.4.0/simpleclient_common-0.4.0.jar:/home/user/.m2/repository/io/prometheus/simpleclient/0.4.0/simpleclient-0.4.0.jar:/home/user/.m2/repository/org/springframework/cloud/spring-cloud-starter-netflix-hystrix/2.0.1.RELEASE/spring-cloud-starter-netflix-hystrix-2.0.1.RELEASE.jar:/home/user/.m2/repository/org/springframework/cloud/spring-cloud-starter/2.0.1.RELEASE/spring-cloud-starter-2.0.1.RELEASE.jar:/home/user/.m2/repository/org/springframework/cloud/spring-cloud-context/2.0.1.RELEASE/spring-cloud-context-2.0.1.RELEASE.jar:/home/user/.m2/repository/org/springframework/security/spring-security-crypto/5.0.8.RELEASE/spring-security-crypto-5.0.8.RELEASE.jar:/home/user/.m2/repository/org/springframework/cloud/spring-cloud-commons/2.0.1.RELEASE/spring-cloud-commons-2.0.1.RELEASE.jar:/home/user/.m2/repository/org/springframework/security/spring-security-rsa/1.0.5.RELEASE/spring-security-rsa-1.0.5.RELEASE.jar:/home/user/.m2/repository/org/bouncycastle/bcpkix-jdk15on/1.56/bcpkix-jdk15on-1.56.jar:/home/user/.m2/repository/org/bouncycastle/bcprov-jdk15on/1.56/bcprov-jdk15on-1.56.jar:/home/user/.m2/repository/org/springframework/cloud/spring-cloud-netflix-core/2.0.1.RELEASE/spring-cloud-netflix-core-2.0.1.RELEASE.jar:/home/user/.m2/repository/org/springframework/cloud/spring-cloud-netflix-ribbon/2.0.1.RELEASE/spring-cloud-netflix-ribbon-2.0.1.RELEASE.jar:/home/user/.m2/repository/org/springframework/cloud/spring-cloud-netflix-archaius/2.0.1.RELEASE/spring-cloud-netflix-archaius-2.0.1.RELEASE.jar:/home/user/.m2/repository/org/springframework/cloud/spring-cloud-starter-netflix-archaius/2.0.1.RELEASE/spring-cloud-starter-netflix-archaius-2.0.1.RELEASE.jar:/home/user/.m2/repository/com/netflix/archaius/archaius-core/0.7.6/archaius-core-0.7.6.jar:/home/user/.m2/repository/com/google/code/findbugs/jsr305/3.0.1/jsr305-3.0.1.jar:/home/user/.m2/repository/commons-configuration/commons-configuration/1.8/commons-configuration-1.8.jar:/home/user/.m2/repository/commons-lang/commons-lang/2.6/commons-lang-2.6.jar:/home/user/.m2/repository/com/netflix/hystrix/hystrix-core/1.5.12/hystrix-core-1.5.12.jar:/home/user/.m2/repository/io/reactivex/rxjava/1.3.8/rxjava-1.3.8.jar:/home/user/.m2/repository/com/netflix/hystrix/hystrix-serialization/1.5.12/hystrix-serialization-1.5.12.jar:/home/user/.m2/repository/com/fasterxml/jackson/module/jackson-module-afterburner/2.9.6/jackson-module-afterburner-2.9.6.jar:/home/user/.m2/repository/com/fasterxml/jackson/core/jackson-core/2.9.6/jackson-core-2.9.6.jar:/home/user/.m2/repository/com/fasterxml/jackson/core/jackson-annotations/2.9.0/jackson-annotations-2.9.0.jar:/home/user/.m2/repository/com/netflix/hystrix/hystrix-metrics-event-stream/1.5.12/hystrix-metrics-event-stream-1.5.12.jar:/home/user/.m2/repository/com/netflix/hystrix/hystrix-javanica/1.5.12/hystrix-javanica-1.5.12.jar:/home/user/.m2/repository/org/ow2/asm/asm/5.0.4/asm-5.0.4.jar:/home/user/.m2/repository/io/reactivex/rxjava-reactive-streams/1.2.1/rxjava-reactive-streams-1.2.1.jar:/home/user/.m2/repository/org/reactivestreams/reactive-streams/1.0.2/reactive-streams-1.0.2.jar:/home/user/.m2/repository/org/flywaydb/flyway-core/5.0.7/flyway-core-5.0.7.jar:/home/user/.m2/repository/org/springframework/boot/spring-boot-devtools/2.0.5.RELEASE/spring-boot-devtools-2.0.5.RELEASE.jar:/home/user/.m2/repository/org/springframework/boot/spring-boot/2.0.5.RELEASE/spring-boot-2.0.5.RELEASE.jar:/home/user/.m2/repository/org/springframework/boot/spring-boot-autoconfigure/2.0.5.RELEASE/spring-boot-autoconfigure-2.0.5.RELEASE.jar:/home/user/.m2/repository/org/springframework/boot/spring-boot-configuration-processor/2.0.5.RELEASE/spring-boot-configuration-processor-2.0.5.RELEASE.jar:/home/user/.m2/repository/org/springframework/boot/spring-boot-starter-test/2.0.5.RELEASE/spring-boot-starter-test-2.0.5.RELEASE.jar:/home/user/.m2/repository/org/springframework/boot/spring-boot-test/2.0.5.RELEASE/spring-boot-test-2.0.5.RELEASE.jar:/home/user/.m2/repository/org/springframework/boot/spring-boot-test-autoconfigure/2.0.5.RELEASE/spring-boot-test-autoconfigure-2.0.5.RELEASE.jar:/home/user/.m2/repository/com/jayway/jsonpath/json-path/2.4.0/json-path-2.4.0.jar:/home/user/.m2/repository/net/minidev/json-smart/2.3/json-smart-2.3.jar:/home/user/.m2/repository/net/minidev/accessors-smart/1.2/accessors-smart-1.2.jar:/home/user/.m2/repository/junit/junit/4.12/junit-4.12.jar:/home/user/.m2/repository/org/assertj/assertj-core/3.9.1/assertj-core-3.9.1.jar:/home/user/.m2/repository/org/mockito/mockito-core/2.15.0/mockito-core-2.15.0.jar:/home/user/.m2/repository/net/bytebuddy/byte-buddy/1.7.11/byte-buddy-1.7.11.jar:/home/user/.m2/repository/net/bytebuddy/byte-buddy-agent/1.7.11/byte-buddy-agent-1.7.11.jar:/home/user/.m2/repository/org/objenesis/objenesis/2.6/objenesis-2.6.jar:/home/user/.m2/repository/org/hamcrest/hamcrest-core/1.3/hamcrest-core-1.3.jar:/home/user/.m2/repository/org/hamcrest/hamcrest-library/1.3/hamcrest-library-1.3.jar:/home/user/.m2/repository/org/skyscreamer/jsonassert/1.5.0/jsonassert-1.5.0.jar:/home/user/.m2/repository/com/vaadin/external/google/android-json/0.0.20131108.vaadin1/android-json-0.0.20131108.vaadin1.jar:/home/user/.m2/repository/org/springframework/spring-core/5.0.9.RELEASE/spring-core-5.0.9.RELEASE.jar:/home/user/.m2/repository/org/springframework/spring-jcl/5.0.9.RELEASE/spring-jcl-5.0.9.RELEASE.jar:/home/user/.m2/repository/org/springframework/spring-test/5.0.9.RELEASE/spring-test-5.0.9.RELEASE.jar:/home/user/.m2/repository/org/xmlunit/xmlunit-core/2.5.1/xmlunit-core-2.5.1.jar:/home/user/.m2/repository/com/h2database/h2/1.4.197/h2-1.4.197.jar:/home/user/.m2/repository/mysql/mysql-connector-java/5.1.47/mysql-connector-java-5.1.47.jar:/home/user/.m2/repository/org/postgresql/postgresql/42.2.5/postgresql-42.2.5.jar:/home/user/.m2/repository/org/projectlombok/lombok/1.16.22/lombok-1.16.22.jar:/home/user/.m2/repository/net/logstash/logback/logstash-logback-encoder/4.9/logstash-logback-encoder-4.9.jar:/home/user/.m2/repository/ch/qos/logback/logback-core/1.2.3/logback-core-1.2.3.jar:/home/user/.m2/repository/com/fasterxml/jackson/core/jackson-databind/2.9.6/jackson-databind-2.9.6.jar:/home/user/.m2/repository/io/springfox/springfox-swagger2/2.9.2/springfox-swagger2-2.9.2.jar:/home/user/.m2/repository/io/swagger/swagger-annotations/1.5.20/swagger-annotations-1.5.20.jar:/home/user/.m2/repository/io/swagger/swagger-models/1.5.20/swagger-models-1.5.20.jar:/home/user/.m2/repository/io/springfox/springfox-spi/2.9.2/springfox-spi-2.9.2.jar:/home/user/.m2/repository/io/springfox/springfox-core/2.9.2/springfox-core-2.9.2.jar:/home/user/.m2/repository/io/springfox/springfox-schema/2.9.2/springfox-schema-2.9.2.jar:/home/user/.m2/repository/io/springfox/springfox-swagger-common/2.9.2/springfox-swagger-common-2.9.2.jar:/home/user/.m2/repository/io/springfox/springfox-spring-web/2.9.2/springfox-spring-web-2.9.2.jar:/home/user/.m2/repository/com/google/guava/guava/20.0/guava-20.0.jar:/home/user/.m2/repository/com/fasterxml/classmate/1.3.4/classmate-1.3.4.jar:/home/user/.m2/repository/org/slf4j/slf4j-api/1.7.25/slf4j-api-1.7.25.jar:/home/user/.m2/repository/org/springframework/plugin/spring-plugin-core/1.2.0.RELEASE/spring-plugin-core-1.2.0.RELEASE.jar:/home/user/.m2/repository/org/springframework/plugin/spring-plugin-metadata/1.2.0.RELEASE/spring-plugin-metadata-1.2.0.RELEASE.jar:/home/user/.m2/repository/org/mapstruct/mapstruct/1.2.0.Final/mapstruct-1.2.0.Final.jar:/home/user/.m2/repository/io/springfox/springfox-swagger-ui/2.9.2/springfox-swagger-ui-2.9.2.jar:/home/user/.m2/repository/org/testcontainers/postgresql/1.8.3/postgresql-1.8.3.jar:/home/user/.m2/repository/org/testcontainers/jdbc/1.8.3/jdbc-1.8.3.jar:/home/user/.m2/repository/org/testcontainers/database-commons/1.8.3/database-commons-1.8.3.jar:/home/user/.m2/repository/org/testcontainers/testcontainers/1.8.3/testcontainers-1.8.3.jar:/home/user/.m2/repository/org/slf4j/slf4j-ext/1.7.25/slf4j-ext-1.7.25.jar:/home/user/.m2/repository/org/jetbrains/annotations/15.0/annotations-15.0.jar:/home/user/.m2/repository/org/apache/commons/commons-compress/1.16.1/commons-compress-1.16.1.jar:/home/user/.m2/repository/javax/xml/bind/jaxb-api/2.3.0/jaxb-api-2.3.0.jar:/home/user/.m2/repository/org/rnorth/duct-tape/duct-tape/1.0.7/duct-tape-1.0.7.jar:/home/user/.m2/repository/org/rnorth/visible-assertions/visible-assertions/2.1.1/visible-assertions-2.1.1.jar:/home/user/.m2/repository/net/java/dev/jna/jna/4.5.2/jna-4.5.2.jar:/home/user/.m2/repository/org/rnorth/tcp-unix-socket-proxy/1.0.2/tcp-unix-socket-proxy-1.0.2.jar:/home/user/.m2/repository/com/kohlschutter/junixsocket/junixsocket-native-common/2.0.4/junixsocket-native-common-2.0.4.jar:/home/user/.m2/repository/org/scijava/native-lib-loader/2.0.2/native-lib-loader-2.0.2.jar:/home/user/.m2/repository/com/kohlschutter/junixsocket/junixsocket-common/2.0.4/junixsocket-common-2.0.4.jar:/home/user/.m2/repository/net/java/dev/jna/jna-platform/4.5.2/jna-platform-4.5.2.jar:/home/user/.m2/repository/de/codecentric/chaos-monkey-spring-boot/2.0.0/chaos-monkey-spring-boot-2.0.0.jar:/home/user/.m2/repository/org/apache/commons/commons-lang3/3.7/commons-lang3-3.7.jar:, java.vm.vendor=Oracle Corporation, sun.arch.data.model=64, java.vendor.url=http://java.oracle.com/, user.timezone=Etc/UTC, os.name=Linux, java.vm.specification.version=11, sun.java.launcher=SUN_STANDARD, sun.boot.library.path=/usr/lib/jvm/java-11-openjdk-amd64/lib, sun.java.command=/projects/cif01/target/surefire/surefirebooter3441113788749219461.jar /projects/cif01/target/surefire 2019-12-27T05-00-29_406-jvmRun1 surefire17367232764213479236tmp surefire_02567172058495547377tmp, jdk.debug=release, surefire.test.class.path=/projects/cif01/target/test-classes:/projects/cif01/target/classes:/home/user/.m2/repository/org/springframework/boot/spring-boot-starter-web/2.0.5.RELEASE/spring-boot-starter-web-2.0.5.RELEASE.jar:/home/user/.m2/repository/org/springframework/boot/spring-boot-starter/2.0.5.RELEASE/spring-boot-starter-2.0.5.RELEASE.jar:/home/user/.m2/repository/org/springframework/boot/spring-boot-starter-logging/2.0.5.RELEASE/spring-boot-starter-logging-2.0.5.RELEASE.jar:/home/user/.m2/repository/ch/qos/logback/logback-classic/1.2.3/logback-classic-1.2.3.jar:/home/user/.m2/repository/org/apache/logging/log4j/log4j-to-slf4j/2.10.0/log4j-to-slf4j-2.10.0.jar:/home/user/.m2/repository/org/apache/logging/log4j/log4j-api/2.10.0/log4j-api-2.10.0.jar:/home/user/.m2/repository/org/slf4j/jul-to-slf4j/1.7.25/jul-to-slf4j-1.7.25.jar:/home/user/.m2/repository/javax/annotation/javax.annotation-api/1.3.2/javax.annotation-api-1.3.2.jar:/home/user/.m2/repository/org/yaml/snakeyaml/1.19/snakeyaml-1.19.jar:/home/user/.m2/repository/org/springframework/boot/spring-boot-starter-json/2.0.5.RELEASE/spring-boot-starter-json-2.0.5.RELEASE.jar:/home/user/.m2/repository/com/fasterxml/jackson/datatype/jackson-datatype-jdk8/2.9.6/jackson-datatype-jdk8-2.9.6.jar:/home/user/.m2/repository/com/fasterxml/jackson/datatype/jackson-datatype-jsr310/2.9.6/jackson-datatype-jsr310-2.9.6.jar:/home/user/.m2/repository/com/fasterxml/jackson/module/jackson-module-parameter-names/2.9.6/jackson-module-parameter-names-2.9.6.jar:/home/user/.m2/repository/org/springframework/boot/spring-boot-starter-tomcat/2.0.5.RELEASE/spring-boot-starter-tomcat-2.0.5.RELEASE.jar:/home/user/.m2/repository/org/apache/tomcat/embed/tomcat-embed-core/8.5.34/tomcat-embed-core-8.5.34.jar:/home/user/.m2/repository/org/apache/tomcat/embed/tomcat-embed-el/8.5.34/tomcat-embed-el-8.5.34.jar:/home/user/.m2/repository/org/apache/tomcat/embed/tomcat-embed-websocket/8.5.34/tomcat-embed-websocket-8.5.34.jar:/home/user/.m2/repository/org/hibernate/validator/hibernate-validator/6.0.12.Final/hibernate-validator-6.0.12.Final.jar:/home/user/.m2/repository/javax/validation/validation-api/2.0.1.Final/validation-api-2.0.1.Final.jar:/home/user/.m2/repository/org/jboss/logging/jboss-logging/3.3.2.Final/jboss-logging-3.3.2.Final.jar:/home/user/.m2/repository/org/springframework/spring-web/5.0.9.RELEASE/spring-web-5.0.9.RELEASE.jar:/home/user/.m2/repository/org/springframework/spring-beans/5.0.9.RELEASE/spring-beans-5.0.9.RELEASE.jar:/home/user/.m2/repository/org/springframework/spring-webmvc/5.0.9.RELEASE/spring-webmvc-5.0.9.RELEASE.jar:/home/user/.m2/repository/org/springframework/spring-context/5.0.9.RELEASE/spring-context-5.0.9.RELEASE.jar:/home/user/.m2/repository/org/springframework/spring-expression/5.0.9.RELEASE/spring-expression-5.0.9.RELEASE.jar:/home/user/.m2/repository/org/springframework/boot/spring-boot-starter-aop/2.0.5.RELEASE/spring-boot-starter-aop-2.0.5.RELEASE.jar:/home/user/.m2/repository/org/springframework/spring-aop/5.0.9.RELEASE/spring-aop-5.0.9.RELEASE.jar:/home/user/.m2/repository/org/aspectj/aspectjweaver/1.8.13/aspectjweaver-1.8.13.jar:/home/user/.m2/repository/org/springframework/boot/spring-boot-starter-data-jpa/2.0.5.RELEASE/spring-boot-starter-data-jpa-2.0.5.RELEASE.jar:/home/user/.m2/repository/org/springframework/boot/spring-boot-starter-jdbc/2.0.5.RELEASE/spring-boot-starter-jdbc-2.0.5.RELEASE.jar:/home/user/.m2/repository/com/zaxxer/HikariCP/2.7.9/HikariCP-2.7.9.jar:/home/user/.m2/repository/org/springframework/spring-jdbc/5.0.9.RELEASE/spring-jdbc-5.0.9.RELEASE.jar:/home/user/.m2/repository/javax/transaction/javax.transaction-api/1.2/javax.transaction-api-1.2.jar:/home/user/.m2/repository/org/hibernate/hibernate-core/5.2.17.Final/hibernate-core-5.2.17.Final.jar:/home/user/.m2/repository/org/hibernate/javax/persistence/hibernate-jpa-2.1-api/1.0.2.Final/hibernate-jpa-2.1-api-1.0.2.Final.jar:/home/user/.m2/repository/org/javassist/javassist/3.22.0-GA/javassist-3.22.0-GA.jar:/home/user/.m2/repository/antlr/antlr/2.7.7/antlr-2.7.7.jar:/home/user/.m2/repository/org/jboss/jandex/2.0.3.Final/jandex-2.0.3.Final.jar:/home/user/.m2/repository/dom4j/dom4j/1.6.1/dom4j-1.6.1.jar:/home/user/.m2/repository/org/hibernate/common/hibernate-commons-annotations/5.0.1.Final/hibernate-commons-annotations-5.0.1.Final.jar:/home/user/.m2/repository/org/springframework/data/spring-data-jpa/2.0.10.RELEASE/spring-data-jpa-2.0.10.RELEASE.jar:/home/user/.m2/repository/org/springframework/data/spring-data-commons/2.0.10.RELEASE/spring-data-commons-2.0.10.RELEASE.jar:/home/user/.m2/repository/org/springframework/spring-orm/5.0.9.RELEASE/spring-orm-5.0.9.RELEASE.jar:/home/user/.m2/repository/org/springframework/spring-tx/5.0.9.RELEASE/spring-tx-5.0.9.RELEASE.jar:/home/user/.m2/repository/org/springframework/spring-aspects/5.0.9.RELEASE/spring-aspects-5.0.9.RELEASE.jar:/home/user/.m2/repository/org/springframework/boot/spring-boot-starter-actuator/2.0.5.RELEASE/spring-boot-starter-actuator-2.0.5.RELEASE.jar:/home/user/.m2/repository/org/springframework/boot/spring-boot-actuator-autoconfigure/2.0.5.RELEASE/spring-boot-actuator-autoconfigure-2.0.5.RELEASE.jar:/home/user/.m2/repository/org/springframework/boot/spring-boot-actuator/2.0.5.RELEASE/spring-boot-actuator-2.0.5.RELEASE.jar:/home/user/.m2/repository/io/micrometer/micrometer-core/1.0.6/micrometer-core-1.0.6.jar:/home/user/.m2/repository/org/hdrhistogram/HdrHistogram/2.1.10/HdrHistogram-2.1.10.jar:/home/user/.m2/repository/org/latencyutils/LatencyUtils/2.0.3/LatencyUtils-2.0.3.jar:/home/user/.m2/repository/io/micrometer/micrometer-registry-prometheus/1.0.6/micrometer-registry-prometheus-1.0.6.jar:/home/user/.m2/repository/io/prometheus/simpleclient_common/0.4.0/simpleclient_common-0.4.0.jar:/home/user/.m2/repository/io/prometheus/simpleclient/0.4.0/simpleclient-0.4.0.jar:/home/user/.m2/repository/org/springframework/cloud/spring-cloud-starter-netflix-hystrix/2.0.1.RELEASE/spring-cloud-starter-netflix-hystrix-2.0.1.RELEASE.jar:/home/user/.m2/repository/org/springframework/cloud/spring-cloud-starter/2.0.1.RELEASE/spring-cloud-starter-2.0.1.RELEASE.jar:/home/user/.m2/repository/org/springframework/cloud/spring-cloud-context/2.0.1.RELEASE/spring-cloud-context-2.0.1.RELEASE.jar:/home/user/.m2/repository/org/springframework/security/spring-security-crypto/5.0.8.RELEASE/spring-security-crypto-5.0.8.RELEASE.jar:/home/user/.m2/repository/org/springframework/cloud/spring-cloud-commons/2.0.1.RELEASE/spring-cloud-commons-2.0.1.RELEASE.jar:/home/user/.m2/repository/org/springframework/security/spring-security-rsa/1.0.5.RELEASE/spring-security-rsa-1.0.5.RELEASE.jar:/home/user/.m2/repository/org/bouncycastle/bcpkix-jdk15on/1.56/bcpkix-jdk15on-1.56.jar:/home/user/.m2/repository/org/bouncycastle/bcprov-jdk15on/1.56/bcprov-jdk15on-1.56.jar:/home/user/.m2/repository/org/springframework/cloud/spring-cloud-netflix-core/2.0.1.RELEASE/spring-cloud-netflix-core-2.0.1.RELEASE.jar:/home/user/.m2/repository/org/springframework/cloud/spring-cloud-netflix-ribbon/2.0.1.RELEASE/spring-cloud-netflix-ribbon-2.0.1.RELEASE.jar:/home/user/.m2/repository/org/springframework/cloud/spring-cloud-netflix-archaius/2.0.1.RELEASE/spring-cloud-netflix-archaius-2.0.1.RELEASE.jar:/home/user/.m2/repository/org/springframework/cloud/spring-cloud-starter-netflix-archaius/2.0.1.RELEASE/spring-cloud-starter-netflix-archaius-2.0.1.RELEASE.jar:/home/user/.m2/repository/com/netflix/archaius/archaius-core/0.7.6/archaius-core-0.7.6.jar:/home/user/.m2/repository/com/google/code/findbugs/jsr305/3.0.1/jsr305-3.0.1.jar:/home/user/.m2/repository/commons-configuration/commons-configuration/1.8/commons-configuration-1.8.jar:/home/user/.m2/repository/commons-lang/commons-lang/2.6/commons-lang-2.6.jar:/home/user/.m2/repository/com/netflix/hystrix/hystrix-core/1.5.12/hystrix-core-1.5.12.jar:/home/user/.m2/repository/io/reactivex/rxjava/1.3.8/rxjava-1.3.8.jar:/home/user/.m2/repository/com/netflix/hystrix/hystrix-serialization/1.5.12/hystrix-serialization-1.5.12.jar:/home/user/.m2/repository/com/fasterxml/jackson/module/jackson-module-afterburner/2.9.6/jackson-module-afterburner-2.9.6.jar:/home/user/.m2/repository/com/fasterxml/jackson/core/jackson-core/2.9.6/jackson-core-2.9.6.jar:/home/user/.m2/repository/com/fasterxml/jackson/core/jackson-annotations/2.9.0/jackson-annotations-2.9.0.jar:/home/user/.m2/repository/com/netflix/hystrix/hystrix-metrics-event-stream/1.5.12/hystrix-metrics-event-stream-1.5.12.jar:/home/user/.m2/repository/com/netflix/hystrix/hystrix-javanica/1.5.12/hystrix-javanica-1.5.12.jar:/home/user/.m2/repository/org/ow2/asm/asm/5.0.4/asm-5.0.4.jar:/home/user/.m2/repository/io/reactivex/rxjava-reactive-streams/1.2.1/rxjava-reactive-streams-1.2.1.jar:/home/user/.m2/repository/org/reactivestreams/reactive-streams/1.0.2/reactive-streams-1.0.2.jar:/home/user/.m2/repository/org/flywaydb/flyway-core/5.0.7/flyway-core-5.0.7.jar:/home/user/.m2/repository/org/springframework/boot/spring-boot-devtools/2.0.5.RELEASE/spring-boot-devtools-2.0.5.RELEASE.jar:/home/user/.m2/repository/org/springframework/boot/spring-boot/2.0.5.RELEASE/spring-boot-2.0.5.RELEASE.jar:/home/user/.m2/repository/org/springframework/boot/spring-boot-autoconfigure/2.0.5.RELEASE/spring-boot-autoconfigure-2.0.5.RELEASE.jar:/home/user/.m2/repository/org/springframework/boot/spring-boot-configuration-processor/2.0.5.RELEASE/spring-boot-configuration-processor-2.0.5.RELEASE.jar:/home/user/.m2/repository/org/springframework/boot/spring-boot-starter-test/2.0.5.RELEASE/spring-boot-starter-test-2.0.5.RELEASE.jar:/home/user/.m2/repository/org/springframework/boot/spring-boot-test/2.0.5.RELEASE/spring-boot-test-2.0.5.RELEASE.jar:/home/user/.m2/repository/org/springframework/boot/spring-boot-test-autoconfigure/2.0.5.RELEASE/spring-boot-test-autoconfigure-2.0.5.RELEASE.jar:/home/user/.m2/repository/com/jayway/jsonpath/json-path/2.4.0/json-path-2.4.0.jar:/home/user/.m2/repository/net/minidev/json-smart/2.3/json-smart-2.3.jar:/home/user/.m2/repository/net/minidev/accessors-smart/1.2/accessors-smart-1.2.jar:/home/user/.m2/repository/junit/junit/4.12/junit-4.12.jar:/home/user/.m2/repository/org/assertj/assertj-core/3.9.1/assertj-core-3.9.1.jar:/home/user/.m2/repository/org/mockito/mockito-core/2.15.0/mockito-core-2.15.0.jar:/home/user/.m2/repository/net/bytebuddy/byte-buddy/1.7.11/byte-buddy-1.7.11.jar:/home/user/.m2/repository/net/bytebuddy/byte-buddy-agent/1.7.11/byte-buddy-agent-1.7.11.jar:/home/user/.m2/repository/org/objenesis/objenesis/2.6/objenesis-2.6.jar:/home/user/.m2/repository/org/hamcrest/hamcrest-core/1.3/hamcrest-core-1.3.jar:/home/user/.m2/repository/org/hamcrest/hamcrest-library/1.3/hamcrest-library-1.3.jar:/home/user/.m2/repository/org/skyscreamer/jsonassert/1.5.0/jsonassert-1.5.0.jar:/home/user/.m2/repository/com/vaadin/external/google/android-json/0.0.20131108.vaadin1/android-json-0.0.20131108.vaadin1.jar:/home/user/.m2/repository/org/springframework/spring-core/5.0.9.RELEASE/spring-core-5.0.9.RELEASE.jar:/home/user/.m2/repository/org/springframework/spring-jcl/5.0.9.RELEASE/spring-jcl-5.0.9.RELEASE.jar:/home/user/.m2/repository/org/springframework/spring-test/5.0.9.RELEASE/spring-test-5.0.9.RELEASE.jar:/home/user/.m2/repository/org/xmlunit/xmlunit-core/2.5.1/xmlunit-core-2.5.1.jar:/home/user/.m2/repository/com/h2database/h2/1.4.197/h2-1.4.197.jar:/home/user/.m2/repository/mysql/mysql-connector-java/5.1.47/mysql-connector-java-5.1.47.jar:/home/user/.m2/repository/org/postgresql/postgresql/42.2.5/postgresql-42.2.5.jar:/home/user/.m2/repository/org/projectlombok/lombok/1.16.22/lombok-1.16.22.jar:/home/user/.m2/repository/net/logstash/logback/logstash-logback-encoder/4.9/logstash-logback-encoder-4.9.jar:/home/user/.m2/repository/ch/qos/logback/logback-core/1.2.3/logback-core-1.2.3.jar:/home/user/.m2/repository/com/fasterxml/jackson/core/jackson-databind/2.9.6/jackson-databind-2.9.6.jar:/home/user/.m2/repository/io/springfox/springfox-swagger2/2.9.2/springfox-swagger2-2.9.2.jar:/home/user/.m2/repository/io/swagger/swagger-annotations/1.5.20/swagger-annotations-1.5.20.jar:/home/user/.m2/repository/io/swagger/swagger-models/1.5.20/swagger-models-1.5.20.jar:/home/user/.m2/repository/io/springfox/springfox-spi/2.9.2/springfox-spi-2.9.2.jar:/home/user/.m2/repository/io/springfox/springfox-core/2.9.2/springfox-core-2.9.2.jar:/home/user/.m2/repository/io/springfox/springfox-schema/2.9.2/springfox-schema-2.9.2.jar:/home/user/.m2/repository/io/springfox/springfox-swagger-common/2.9.2/springfox-swagger-common-2.9.2.jar:/home/user/.m2/repository/io/springfox/springfox-spring-web/2.9.2/springfox-spring-web-2.9.2.jar:/home/user/.m2/repository/com/google/guava/guava/20.0/guava-20.0.jar:/home/user/.m2/repository/com/fasterxml/classmate/1.3.4/classmate-1.3.4.jar:/home/user/.m2/repository/org/slf4j/slf4j-api/1.7.25/slf4j-api-1.7.25.jar:/home/user/.m2/repository/org/springframework/plugin/spring-plugin-core/1.2.0.RELEASE/spring-plugin-core-1.2.0.RELEASE.jar:/home/user/.m2/repository/org/springframework/plugin/spring-plugin-metadata/1.2.0.RELEASE/spring-plugin-metadata-1.2.0.RELEASE.jar:/home/user/.m2/repository/org/mapstruct/mapstruct/1.2.0.Final/mapstruct-1.2.0.Final.jar:/home/user/.m2/repository/io/springfox/springfox-swagger-ui/2.9.2/springfox-swagger-ui-2.9.2.jar:/home/user/.m2/repository/org/testcontainers/postgresql/1.8.3/postgresql-1.8.3.jar:/home/user/.m2/repository/org/testcontainers/jdbc/1.8.3/jdbc-1.8.3.jar:/home/user/.m2/repository/org/testcontainers/database-commons/1.8.3/database-commons-1.8.3.jar:/home/user/.m2/repository/org/testcontainers/testcontainers/1.8.3/testcontainers-1.8.3.jar:/home/user/.m2/repository/org/slf4j/slf4j-ext/1.7.25/slf4j-ext-1.7.25.jar:/home/user/.m2/repository/org/jetbrains/annotations/15.0/annotations-15.0.jar:/home/user/.m2/repository/org/apache/commons/commons-compress/1.16.1/commons-compress-1.16.1.jar:/home/user/.m2/repository/javax/xml/bind/jaxb-api/2.3.0/jaxb-api-2.3.0.jar:/home/user/.m2/repository/org/rnorth/duct-tape/duct-tape/1.0.7/duct-tape-1.0.7.jar:/home/user/.m2/repository/org/rnorth/visible-assertions/visible-assertions/2.1.1/visible-assertions-2.1.1.jar:/home/user/.m2/repository/net/java/dev/jna/jna/4.5.2/jna-4.5.2.jar:/home/user/.m2/repository/org/rnorth/tcp-unix-socket-proxy/1.0.2/tcp-unix-socket-proxy-1.0.2.jar:/home/user/.m2/repository/com/kohlschutter/junixsocket/junixsocket-native-common/2.0.4/junixsocket-native-common-2.0.4.jar:/home/user/.m2/repository/org/scijava/native-lib-loader/2.0.2/native-lib-loader-2.0.2.jar:/home/user/.m2/repository/com/kohlschutter/junixsocket/junixsocket-common/2.0.4/junixsocket-common-2.0.4.jar:/home/user/.m2/repository/net/java/dev/jna/jna-platform/4.5.2/jna-platform-4.5.2.jar:/home/user/.m2/repository/de/codecentric/chaos-monkey-spring-boot/2.0.0/chaos-monkey-spring-boot-2.0.0.jar:/home/user/.m2/repository/org/apache/commons/commons-lang3/3.7/commons-lang3-3.7.jar:, sun.cpu.endian=little, user.home=/home/user, user.language=en, java.specification.vendor=Oracle Corporation, java.version.date=2019-04-16, java.home=/usr/lib/jvm/java-11-openjdk-amd64, file.separator=/, basedir=/projects/cif01, java.vm.compressedOopsMode=32-bit, line.separator=
, java.specification.name=Java Platform API Specification, java.vm.specification.vendor=Oracle Corporation, java.awt.graphicsenv=sun.awt.X11GraphicsEnvironment, surefire.real.class.path=/projects/cif01/target/surefire/surefirebooter3441113788749219461.jar, sun.management.compiler=HotSpot 64-Bit Tiered Compilers, java.runtime.version=11.0.3+1-Debian-1bpo91, user.name=user, path.separator=:, java.security.egd=file:/dev/./urandom, os.version=3.10.0-957.21.3.el7.x86_64, java.runtime.name=OpenJDK Runtime Environment, file.encoding=UTF-8, sun.zip.disableMemoryMapping=true, java.vm.name=OpenJDK 64-Bit Server VM, localRepository=/home/user/.m2/repository, java.vendor.url.bug=http://bugreport.java.com/bugreport/, java.io.tmpdir=/tmp, java.version=11.0.3, user.dir=/projects/cif01, os.arch=amd64, SkipTests=true, java.vm.specification.name=Java Virtual Machine Specification, java.awt.printerjob=sun.print.PSPrinterJob, sun.os.patch.level=unknown, java.library.path=/usr/java/packages/lib:/usr/lib/x86_64-linux-gnu/jni:/lib/x86_64-linux-gnu:/usr/lib/x86_64-linux-gnu:/usr/lib/jni:/lib:/usr/lib, java.vendor=Oracle Corporation, java.vm.info=mixed mode, sharing, java.vm.version=11.0.3+1-Debian-1bpo91, sun.io.unicode.encoding=UnicodeLittle, java.class.version=55.0}}, SystemEnvironmentPropertySource@1301352406 {name='systemEnvironment', properties={PATH=/usr/local/sbin:/usr/local/bin:/usr/sbin:/usr/bin:/sbin:/bin, SERVERF0ZSKQO6_THEIA_IDET6M_PORT_13132_TCP=tcp://172.30.118.64:13132, KUBERNETES_PORT_53_UDP_PROTO=udp, KUBERNETES_PORT_53_UDP_ADDR=172.30.0.1, SERVER8CRYH4BR_JWTPROXY_SERVICE_PORT_SERVER_4401=4401, SERVER8CRYH4BR_JWTPROXY_SERVICE_PORT_SERVER_4400=4400, SERVERZ4PWWHFC_CHE_MACHINE_EXECOGK_SERVICE_HOST=172.30.75.233, SERVERF0ZSKQO6_THEIA_IDET6M_SERVICE_PORT_SERVER_3100=3100, SERVERF0ZSKQO6_THEIA_IDET6M_PORT_3100_TCP=tcp://172.30.118.64:3100, SERVERZ4PWWHFC_CHE_MACHINE_EXECOGK_SERVICE_PORT_SERVER_4444=4444, CHE_OSO_PROJECT=jaehong-kim, SERVERF0ZSKQO6_THEIA_IDET6M_SERVICE_PORT=3100, SERVER8CRYH4BR_JWTPROXY_SERVICE_PORT=4400, CHE_API_INTERNAL=https://che.openshift.io/api, SERVERF0ZSKQO6_THEIA_IDET6M_PORT_13131_TCP_ADDR=172.30.118.64, PWD=/projects/cif01, SERVERF0ZSKQO6_THEIA_IDET6M_PORT_13133_TCP_PORT=13133, SERVER8CRYH4BR_JWTPROXY_PORT_4401_TCP_PORT=4401, SERVER8CRYH4BR_JWTPROXY_PORT_4400_TCP_PORT=4400, JAVA_DEBIAN_VERSION=11.0.3+1-1~bpo9+1, SERVERZ4PWWHFC_CHE_MACHINE_EXECOGK_PORT=tcp://172.30.75.233:4444, SERVERZ4PWWHFC_CHE_MACHINE_EXECOGK_PORT_4444_TCP_PROTO=tcp, KUBERNETES_SERVICE_PORT_HTTPS=443, SERVERF0ZSKQO6_THEIA_IDET6M_PORT_13131_TCP_PROTO=tcp, SHLVL=2, SERVERF0ZSKQO6_THEIA_IDET6M_SERVICE_HOST=172.30.118.64, CHE_MACHINE_TOKEN=eyJhbGciOiJSUzI1NiIsImtpbmQiOiJtYWNoaW5lX3Rva2VuIiwia2lkIjoid29ya3NwYWNldHV5bndrOTJjNndlbHlnaiJ9.eyJ3c2lkIjoid29ya3NwYWNldHV5bndrOTJjNndlbHlnaiIsInVpZCI6IjUyZDRlMjMyLWU3YjktNGU0NS1hY2M4LWE2ODUyNjgwNWFjMyIsImF1ZCI6IndvcmtzcGFjZXR1eW53azkyYzZ3ZWx5Z2oiLCJuYmYiOi0xLCJ1bmFtZSI6ImphZWhvbmcua2ltQGdvb2RtaXQuY28ua3IiLCJpc3MiOiJ3c21hc3RlciIsImV4cCI6MTYwODk1NzQ1OCwiaWF0IjoxNTc3NDIxNDU4LCJqdGkiOiJhNWY3ODdkNi0zMzJiLTQxNjktYjgwNS03MzQ2MWI1OWEyMzUifQ.aPFLP9vA2hwFXVQ_djhIG8D5S3eIiQPBkXE1mph30nWGCFslNrHz_A8ndnloVMWbswHw6-OUjmxgwdlwLO1c1BYI4hr__fmVm1HP4bt6whRW7rQQTpQ_OF67_AtZvfqPma1G3qbI4lUff-9_wHRBBTjjvvJtcZsE0r_Dho8WsjwFV1E-Ec2vVTYZHNRsD8dO5XnhusYY5YcSn51LZw0DPV_M3OmttYuVIBdcL_QCZEewOD6ecSLzJjQ_sScmsgz2ZRwYSzWHqhox_SAB1ThMDtt6nbktfM5Ng35vh1m0ZZu29bWSZ2gbm8Tnw5AHz-D1IfVxGGXS1_NDYQRPLYP3Ng, KUBERNETES_PORT=tcp://172.30.0.1:443, JAVA_HOME=/docker-java-home, SERVER8CRYH4BR_JWTPROXY_PORT_4400_TCP_PROTO=tcp, TERM=xterm, SERVERF0ZSKQO6_THEIA_IDET6M_PORT_3100_TCP_PROTO=tcp, JAVA_TOOL_OPTIONS=-XX:MaxRAMPercentage=50 -XX:+UseParallelGC -XX:MinHeapFreeRatio=10 -XX:MaxHeapFreeRatio=20 -XX:GCTimeRatio=4 -XX:AdaptiveSizePolicyWeight=90 -Dsun.zip.disableMemoryMapping=true -Xms20m -Djava.security.egd=file:/dev/./urandom, SERVERF0ZSKQO6_THEIA_IDET6M_PORT_13132_TCP_PORT=13132, SERVER8CRYH4BR_JWTPROXY_PORT_4400_TCP=tcp://172.30.209.168:4400, SERVER8CRYH4BR_JWTPROXY_PORT_4401_TCP_PROTO=tcp, SERVERF0ZSKQO6_THEIA_IDET6M_PORT_3130_TCP_PROTO=tcp, SERVERF0ZSKQO6_THEIA_IDET6M_PORT=tcp://172.30.118.64:3100, SERVERF0ZSKQO6_THEIA_IDET6M_SERVICE_PORT_SERVER_3130=3130, SERVERF0ZSKQO6_THEIA_IDET6M_PORT_13132_TCP_PROTO=tcp, JAVA_VERSION=11.0.3, _=/usr/bin/mvn, KUBERNETES_PORT_443_TCP_ADDR=172.30.0.1, SERVER8CRYH4BR_JWTPROXY_PORT_4401_TCP_ADDR=172.30.209.168, KUBERNETES_PORT_443_TCP_PROTO=tcp, MAVEN_PROJECTBASEDIR=/projects/cif01, CHE_MACHINE_AUTH_SIGNATURE__PUBLIC__KEY=MIIBIjANBgkqhkiG9w0BAQEFAAOCAQ8AMIIBCgKCAQEAqdeOCzzbkxeHILtqgG9ofgCBRNjm5juwUzKTFw0p4hlI6RUzgIr6HWBcMT/Q29W4EtAU8znvxOK7DcJ3pM6XowxqbtJIsNS/XCp+Yeq+iIM0reMoWz4ND+KrmLcsTkqSpyjWehYOmLK6hxG0/e02poGCg3uIbdQjUepeG8GWweuDiy4ym9Gi75f0JVzFy0wXPI5NzC188rQfsFX1SOCaY8LYZxZe33VZ2g04dZPai58lIbo0q8/D5288fw2Qzrg0yyAnOOYUr3TZvA21DzOz1+nd8kagjEcG9VlLsiVEH58qAgTu41ZdX8AAcEK84ECUY5yRKpxCMEHtz8wGdWkR7wIDAQAB, SERVERF0ZSKQO6_THEIA_IDET6M_SERVICE_PORT_SERVER_13131=13131, SERVERF0ZSKQO6_THEIA_IDET6M_SERVICE_PORT_SERVER_13133=13133, SERVERF0ZSKQO6_THEIA_IDET6M_SERVICE_PORT_SERVER_13132=13132, KUBERNETES_PORT_53_TCP_PORT=53, SERVERZ4PWWHFC_CHE_MACHINE_EXECOGK_SERVICE_PORT=4444, CHE_WORKSPACE_NAMESPACE=jaehong.kim@goodmit.co.kr, SERVERF0ZSKQO6_THEIA_IDET6M_PORT_3130_TCP=tcp://172.30.118.64:3130, SERVERF0ZSKQO6_THEIA_IDET6M_PORT_3100_TCP_PORT=3100, KUBERNETES_SERVICE_PORT_DNS_TCP=53, SERVERF0ZSKQO6_THEIA_IDET6M_PORT_3130_TCP_PORT=3130, SERVERZ4PWWHFC_CHE_MACHINE_EXECOGK_PORT_4444_TCP_PORT=4444, JAVA_OPTS=-XX:MaxRAMPercentage=50 -XX:+UseParallelGC -XX:MinHeapFreeRatio=10 -XX:MaxHeapFreeRatio=20 -XX:GCTimeRatio=4 -XX:AdaptiveSizePolicyWeight=90 -Dsun.zip.disableMemoryMapping=true -Xms20m -Djava.security.egd=file:/dev/./urandom, CHE_PROJECTS_ROOT=/projects, SERVER8CRYH4BR_JWTPROXY_PORT_4400_TCP_ADDR=172.30.209.168, SERVERF0ZSKQO6_THEIA_IDET6M_PORT_13131_TCP=tcp://172.30.118.64:13131, CHE_WORKSPACE_NAME=wksp-psjy, CHE_OSO_TRUST_CERTS=true, MAVEN_HOME=/usr/share/maven, SERVERF0ZSKQO6_THEIA_IDET6M_PORT_13133_TCP=tcp://172.30.118.64:13133, CHE_MACHINE_AUTH_SIGNATURE__ALGORITHM=RSA, KUBERNETES_PORT_53_UDP_PORT=53, CHE_API_EXTERNAL=https://che.openshift.io/api, KUBERNETES_PORT_443_TCP=tcp://172.30.0.1:443, CHE_OSO_CLUSTER=https://api.starter-us-east-1a.openshift.com/, OLDPWD=/projects/cif01, SERVERF0ZSKQO6_THEIA_IDET6M_PORT_13133_TCP_ADDR=172.30.118.64, CHE_API=https://che.openshift.io/api, CHE_MACHINE_NAME=maven, SERVERF0ZSKQO6_THEIA_IDET6M_PORT_13132_TCP_ADDR=172.30.118.64, KUBERNETES_PORT_53_TCP=tcp://172.30.0.1:53, KUBERNETES_PORT_53_TCP_PROTO=tcp, SERVERZ4PWWHFC_CHE_MACHINE_EXECOGK_PORT_4444_TCP_ADDR=172.30.75.233, SERVER8CRYH4BR_JWTPROXY_PORT_4401_TCP=tcp://172.30.209.168:4401, KUBERNETES_SERVICE_HOST=172.30.0.1, LANG=C.UTF-8, MAVEN_OPTS= -XX:MaxRAMPercentage=50 -XX:+UseParallelGC -XX:MinHeapFreeRatio=10 -XX:MaxHeapFreeRatio=20 -XX:GCTimeRatio=4 -XX:AdaptiveSizePolicyWeight=90 -Dsun.zip.disableMemoryMapping=true -Xms20m -Djava.security.egd=file:/dev/./urandom -Duser.home=/home/user, CHE_WORKSPACE_LOGS_ROOT__DIR=/workspace_logs, KUBERNETES_SERVICE_PORT_DNS=53, SERVERF0ZSKQO6_THEIA_IDET6M_PORT_3130_TCP_ADDR=172.30.118.64, MAVEN_CMD_LINE_ARGS=/home/user/.m2 package -DSkipTests, KUBERNETES_PORT_53_UDP=udp://172.30.0.1:53, SERVERZ4PWWHFC_CHE_MACHINE_EXECOGK_PORT_4444_TCP=tcp://172.30.75.233:4444, SERVERF0ZSKQO6_THEIA_IDET6M_PORT_13133_TCP_PROTO=tcp, SERVER8CRYH4BR_JWTPROXY_PORT=tcp://172.30.209.168:4400, MAVEN_CONFIG=/home/user/.m2, CHE_OSO_USER_TOKEN=ttvyJJo3EWhhQn-f0C9lRBOaOXFM4-UqwbfsRvgmMks, KUBERNETES_PORT_53_TCP_ADDR=172.30.0.1, KUBERNETES_SERVICE_PORT=443, SERVERF0ZSKQO6_THEIA_IDET6M_PORT_3100_TCP_ADDR=172.30.118.64, SERVERF0ZSKQO6_THEIA_IDET6M_PORT_13131_TCP_PORT=13131, SERVER8CRYH4BR_JWTPROXY_SERVICE_HOST=172.30.209.168, HOSTNAME=workspacetuynwk92c6welygj.maven-7dfbf9f949-d9ngw, CHE_WORKSPACE_ID=workspacetuynwk92c6welygj, KUBERNETES_PORT_443_TCP_PORT=443, HOME=/home/user}}]
05:00:31.648 [main] DEBUG org.springframework.core.io.support.PathMatchingResourcePatternResolver - Resolved classpath location [com/daishin/api/web/controller/] to resources [URL [file:/projects/cif01/target/test-classes/com/daishin/api/web/controller/], URL [file:/projects/cif01/target/classes/com/daishin/api/web/controller/]]
05:00:31.649 [main] DEBUG org.springframework.core.io.support.PathMatchingResourcePatternResolver - Looking for matching resources in directory tree [/projects/cif01/target/test-classes/com/daishin/api/web/controller]
05:00:31.649 [main] DEBUG org.springframework.core.io.support.PathMatchingResourcePatternResolver - Searching directory [/projects/cif01/target/test-classes/com/daishin/api/web/controller] for files matching pattern [/projects/cif01/target/test-classes/com/daishin/api/web/controller/*.class]
05:00:31.706 [main] DEBUG org.springframework.core.io.support.PathMatchingResourcePatternResolver - Looking for matching resources in directory tree [/projects/cif01/target/classes/com/daishin/api/web/controller]
05:00:31.706 [main] DEBUG org.springframework.core.io.support.PathMatchingResourcePatternResolver - Searching directory [/projects/cif01/target/classes/com/daishin/api/web/controller] for files matching pattern [/projects/cif01/target/classes/com/daishin/api/web/controller/*.class]
05:00:31.709 [main] DEBUG org.springframework.core.io.support.PathMatchingResourcePatternResolver - Resolved location pattern [classpath*:com/daishin/api/web/controller/*.class] to resources [file [/projects/cif01/target/test-classes/com/daishin/api/web/controller/UserControllerIT.class], file [/projects/cif01/target/test-classes/com/daishin/api/web/controller/UserControllerTests.class], file [/projects/cif01/target/classes/com/daishin/api/web/controller/UserController.class]]
05:00:31.909 [main] DEBUG org.springframework.core.io.support.PathMatchingResourcePatternResolver - Resolved classpath location [com/daishin/api/web/] to resources [URL [file:/projects/cif01/target/test-classes/com/daishin/api/web/], URL [file:/projects/cif01/target/classes/com/daishin/api/web/]]
05:00:31.909 [main] DEBUG org.springframework.core.io.support.PathMatchingResourcePatternResolver - Looking for matching resources in directory tree [/projects/cif01/target/test-classes/com/daishin/api/web]
05:00:31.909 [main] DEBUG org.springframework.core.io.support.PathMatchingResourcePatternResolver - Searching directory [/projects/cif01/target/test-classes/com/daishin/api/web] for files matching pattern [/projects/cif01/target/test-classes/com/daishin/api/web/*.class]
05:00:31.910 [main] DEBUG org.springframework.core.io.support.PathMatchingResourcePatternResolver - Looking for matching resources in directory tree [/projects/cif01/target/classes/com/daishin/api/web]
05:00:31.910 [main] DEBUG org.springframework.core.io.support.PathMatchingResourcePatternResolver - Searching directory [/projects/cif01/target/classes/com/daishin/api/web] for files matching pattern [/projects/cif01/target/classes/com/daishin/api/web/*.class]
05:00:31.910 [main] DEBUG org.springframework.core.io.support.PathMatchingResourcePatternResolver - Resolved location pattern [classpath*:com/daishin/api/web/*.class] to resources []
05:00:31.911 [main] DEBUG org.springframework.core.io.support.PathMatchingResourcePatternResolver - Resolved classpath location [com/daishin/api/] to resources [URL [file:/projects/cif01/target/test-classes/com/daishin/api/], URL [file:/projects/cif01/target/classes/com/daishin/api/]]
05:00:31.911 [main] DEBUG org.springframework.core.io.support.PathMatchingResourcePatternResolver - Looking for matching resources in directory tree [/projects/cif01/target/test-classes/com/daishin/api]
05:00:31.911 [main] DEBUG org.springframework.core.io.support.PathMatchingResourcePatternResolver - Searching directory [/projects/cif01/target/test-classes/com/daishin/api] for files matching pattern [/projects/cif01/target/test-classes/com/daishin/api/*.class]
05:00:31.911 [main] DEBUG org.springframework.core.io.support.PathMatchingResourcePatternResolver - Looking for matching resources in directory tree [/projects/cif01/target/classes/com/daishin/api]
05:00:31.911 [main] DEBUG org.springframework.core.io.support.PathMatchingResourcePatternResolver - Searching directory [/projects/cif01/target/classes/com/daishin/api] for files matching pattern [/projects/cif01/target/classes/com/daishin/api/*.class]
05:00:31.912 [main] DEBUG org.springframework.core.io.support.PathMatchingResourcePatternResolver - Resolved location pattern [classpath*:com/daishin/api/*.class] to resources [file [/projects/cif01/target/classes/com/daishin/api/SpringBootRestApiApplication.class]]
05:00:31.927 [main] DEBUG org.springframework.context.annotation.ClassPathScanningCandidateComponentProvider - Identified candidate component class: file [/projects/cif01/target/classes/com/daishin/api/SpringBootRestApiApplication.class]
05:00:31.928 [main] INFO org.springframework.boot.test.context.SpringBootTestContextBootstrapper - Found @SpringBootConfiguration com.daishin.api.SpringBootRestApiApplication for test class com.daishin.api.web.controller.UserControllerTests
05:00:31.929 [main] DEBUG org.springframework.boot.test.autoconfigure.web.servlet.WebMvcTestContextBootstrapper - @TestExecutionListeners is not present for class [com.daishin.api.web.controller.UserControllerTests]: using defaults.
05:00:31.930 [main] INFO org.springframework.boot.test.autoconfigure.web.servlet.WebMvcTestContextBootstrapper - Loaded default TestExecutionListener class names from location [META-INF/spring.factories]: [org.springframework.boot.test.mock.mockito.MockitoTestExecutionListener, org.springframework.boot.test.mock.mockito.ResetMocksTestExecutionListener, org.springframework.boot.test.autoconfigure.restdocs.RestDocsTestExecutionListener, org.springframework.boot.test.autoconfigure.web.client.MockRestServiceServerResetTestExecutionListener, org.springframework.boot.test.autoconfigure.web.servlet.MockMvcPrintOnlyOnFailureTestExecutionListener, org.springframework.boot.test.autoconfigure.web.servlet.WebDriverTestExecutionListener, org.springframework.test.context.web.ServletTestExecutionListener, org.springframework.test.context.support.DirtiesContextBeforeModesTestExecutionListener, org.springframework.test.context.support.DependencyInjectionTestExecutionListener, org.springframework.test.context.support.DirtiesContextTestExecutionListener, org.springframework.test.context.transaction.TransactionalTestExecutionListener, org.springframework.test.context.jdbc.SqlScriptsTestExecutionListener]
05:00:32.008 [main] INFO org.springframework.boot.test.autoconfigure.web.servlet.WebMvcTestContextBootstrapper - Using TestExecutionListeners: [org.springframework.test.context.web.ServletTestExecutionListener@17f9d882, org.springframework.test.context.support.DirtiesContextBeforeModesTestExecutionListener@79e4c792, org.springframework.boot.test.mock.mockito.MockitoTestExecutionListener@196a42c3, org.springframework.boot.test.autoconfigure.SpringBootDependencyInjectionTestExecutionListener@4c60d6e9, org.springframework.test.context.support.DirtiesContextTestExecutionListener@15043a2f, org.springframework.test.context.transaction.TransactionalTestExecutionListener@4a83a74a, org.springframework.test.context.jdbc.SqlScriptsTestExecutionListener@1349883, org.springframework.boot.test.mock.mockito.ResetMocksTestExecutionListener@4b29d1d2, org.springframework.boot.test.autoconfigure.restdocs.RestDocsTestExecutionListener@7f485fda, org.springframework.boot.test.autoconfigure.web.client.MockRestServiceServerResetTestExecutionListener@28261e8e, org.springframework.boot.test.autoconfigure.web.servlet.MockMvcPrintOnlyOnFailureTestExecutionListener@d737b89, org.springframework.boot.test.autoconfigure.web.servlet.WebDriverTestExecutionListener@8519cb4]
05:00:32.010 [main] DEBUG org.springframework.test.annotation.ProfileValueUtils - Retrieved @ProfileValueSourceConfiguration [null] for test class [com.daishin.api.web.controller.UserControllerTests]
05:00:32.010 [main] DEBUG org.springframework.test.annotation.ProfileValueUtils - Retrieved ProfileValueSource type [class org.springframework.test.annotation.SystemProfileValueSource] for class [com.daishin.api.web.controller.UserControllerTests]
05:00:32.014 [main] DEBUG org.springframework.test.annotation.ProfileValueUtils - Retrieved @ProfileValueSourceConfiguration [null] for test class [com.daishin.api.web.controller.UserControllerTests]
05:00:32.014 [main] DEBUG org.springframework.test.annotation.ProfileValueUtils - Retrieved ProfileValueSource type [class org.springframework.test.annotation.SystemProfileValueSource] for class [com.daishin.api.web.controller.UserControllerTests]
05:00:32.014 [main] DEBUG org.springframework.test.annotation.ProfileValueUtils - Retrieved @ProfileValueSourceConfiguration [null] for test class [com.daishin.api.web.controller.UserControllerTests]
05:00:32.015 [main] DEBUG org.springframework.test.annotation.ProfileValueUtils - Retrieved ProfileValueSource type [class org.springframework.test.annotation.SystemProfileValueSource] for class [com.daishin.api.web.controller.UserControllerTests]
05:00:32.025 [main] DEBUG org.springframework.test.context.support.AbstractDirtiesContextTestExecutionListener - Before test class: context [DefaultTestContext@183ec003 testClass = UserControllerTests, testInstance = [null], testMethod = [null], testException = [null], mergedContextConfiguration = [WebMergedContextConfiguration@7d9d0818 testClass = UserControllerTests, locations = '{}', classes = '{class com.daishin.api.SpringBootRestApiApplication}', contextInitializerClasses = '[]', activeProfiles = '{}', propertySourceLocations = '{}', propertySourceProperties = '{org.springframework.boot.test.autoconfigure.web.servlet.WebMvcTestContextBootstrapper=true}', contextCustomizers = set[[ImportsContextCustomizer@221a3fa4 key = [org.springframework.boot.autoconfigure.cache.CacheAutoConfiguration, org.springframework.boot.autoconfigure.context.MessageSourceAutoConfiguration, org.springframework.boot.autoconfigure.freemarker.FreeMarkerAutoConfiguration, org.springframework.boot.autoconfigure.groovy.template.GroovyTemplateAutoConfiguration, org.springframework.boot.autoconfigure.gson.GsonAutoConfiguration, org.springframework.boot.autoconfigure.hateoas.HypermediaAutoConfiguration, org.springframework.boot.autoconfigure.http.HttpMessageConvertersAutoConfiguration, org.springframework.boot.autoconfigure.jackson.JacksonAutoConfiguration, org.springframework.boot.autoconfigure.jsonb.JsonbAutoConfiguration, org.springframework.boot.autoconfigure.mustache.MustacheAutoConfiguration, org.springframework.boot.autoconfigure.thymeleaf.ThymeleafAutoConfiguration, org.springframework.boot.autoconfigure.validation.ValidationAutoConfiguration, org.springframework.boot.autoconfigure.web.servlet.error.ErrorMvcAutoConfiguration, org.springframework.boot.autoconfigure.web.servlet.WebMvcAutoConfiguration, org.springframework.boot.test.autoconfigure.web.servlet.MockMvcAutoConfiguration, org.springframework.boot.test.autoconfigure.web.servlet.MockMvcSecurityAutoConfiguration, org.springframework.boot.test.autoconfigure.web.servlet.MockMvcWebClientAutoConfiguration, org.springframework.boot.test.autoconfigure.web.servlet.MockMvcWebDriverAutoConfiguration]], org.springframework.boot.test.context.filter.ExcludeFilterContextCustomizer@20d525, org.springframework.boot.test.json.DuplicateJsonObjectContextCustomizerFactory$DuplicateJsonObjectContextCustomizer@69453e37, org.springframework.boot.test.mock.mockito.MockitoContextCustomizer@d1b1213a, org.springframework.boot.test.autoconfigure.OverrideAutoConfigurationContextCustomizerFactory$DisableAutoConfigurationContextCustomizer@5c671d7f, org.springframework.boot.test.autoconfigure.filter.TypeExcludeFiltersContextCustomizer@6e174500, org.springframework.boot.test.autoconfigure.properties.PropertyMappingContextCustomizer@bc51d50c, org.springframework.boot.test.autoconfigure.web.servlet.WebDriverContextCustomizerFactory$Customizer@28975c28], resourceBasePath = '', contextLoader = 'org.springframework.boot.test.context.SpringBootContextLoader', parent = [null]], attributes = map[[empty]]], class annotated with @DirtiesContext [false] with mode [null].
05:00:32.026 [main] DEBUG org.springframework.test.annotation.ProfileValueUtils - Retrieved @ProfileValueSourceConfiguration [null] for test class [com.daishin.api.web.controller.UserControllerTests]
05:00:32.026 [main] DEBUG org.springframework.test.annotation.ProfileValueUtils - Retrieved ProfileValueSource type [class org.springframework.test.annotation.SystemProfileValueSource] for class [com.daishin.api.web.controller.UserControllerTests]
05:00:32.418 [main] DEBUG org.springframework.core.env.StandardEnvironment - Adding PropertySource 'systemProperties' with lowest search precedence
05:00:32.418 [main] DEBUG org.springframework.core.env.StandardEnvironment - Adding PropertySource 'systemEnvironment' with lowest search precedence
05:00:32.418 [main] DEBUG org.springframework.core.env.StandardEnvironment - Initialized StandardEnvironment with PropertySources [MapPropertySource@1814827909 {name='systemProperties', properties={awt.toolkit=sun.awt.X11.XToolkit, java.specification.version=11, sun.cpu.isalist=, sun.jnu.encoding=UTF-8, java.class.path=/projects/cif01/target/test-classes:/projects/cif01/target/classes:/home/user/.m2/repository/org/springframework/boot/spring-boot-starter-web/2.0.5.RELEASE/spring-boot-starter-web-2.0.5.RELEASE.jar:/home/user/.m2/repository/org/springframework/boot/spring-boot-starter/2.0.5.RELEASE/spring-boot-starter-2.0.5.RELEASE.jar:/home/user/.m2/repository/org/springframework/boot/spring-boot-starter-logging/2.0.5.RELEASE/spring-boot-starter-logging-2.0.5.RELEASE.jar:/home/user/.m2/repository/ch/qos/logback/logback-classic/1.2.3/logback-classic-1.2.3.jar:/home/user/.m2/repository/org/apache/logging/log4j/log4j-to-slf4j/2.10.0/log4j-to-slf4j-2.10.0.jar:/home/user/.m2/repository/org/apache/logging/log4j/log4j-api/2.10.0/log4j-api-2.10.0.jar:/home/user/.m2/repository/org/slf4j/jul-to-slf4j/1.7.25/jul-to-slf4j-1.7.25.jar:/home/user/.m2/repository/javax/annotation/javax.annotation-api/1.3.2/javax.annotation-api-1.3.2.jar:/home/user/.m2/repository/org/yaml/snakeyaml/1.19/snakeyaml-1.19.jar:/home/user/.m2/repository/org/springframework/boot/spring-boot-starter-json/2.0.5.RELEASE/spring-boot-starter-json-2.0.5.RELEASE.jar:/home/user/.m2/repository/com/fasterxml/jackson/datatype/jackson-datatype-jdk8/2.9.6/jackson-datatype-jdk8-2.9.6.jar:/home/user/.m2/repository/com/fasterxml/jackson/datatype/jackson-datatype-jsr310/2.9.6/jackson-datatype-jsr310-2.9.6.jar:/home/user/.m2/repository/com/fasterxml/jackson/module/jackson-module-parameter-names/2.9.6/jackson-module-parameter-names-2.9.6.jar:/home/user/.m2/repository/org/springframework/boot/spring-boot-starter-tomcat/2.0.5.RELEASE/spring-boot-starter-tomcat-2.0.5.RELEASE.jar:/home/user/.m2/repository/org/apache/tomcat/embed/tomcat-embed-core/8.5.34/tomcat-embed-core-8.5.34.jar:/home/user/.m2/repository/org/apache/tomcat/embed/tomcat-embed-el/8.5.34/tomcat-embed-el-8.5.34.jar:/home/user/.m2/repository/org/apache/tomcat/embed/tomcat-embed-websocket/8.5.34/tomcat-embed-websocket-8.5.34.jar:/home/user/.m2/repository/org/hibernate/validator/hibernate-validator/6.0.12.Final/hibernate-validator-6.0.12.Final.jar:/home/user/.m2/repository/javax/validation/validation-api/2.0.1.Final/validation-api-2.0.1.Final.jar:/home/user/.m2/repository/org/jboss/logging/jboss-logging/3.3.2.Final/jboss-logging-3.3.2.Final.jar:/home/user/.m2/repository/org/springframework/spring-web/5.0.9.RELEASE/spring-web-5.0.9.RELEASE.jar:/home/user/.m2/repository/org/springframework/spring-beans/5.0.9.RELEASE/spring-beans-5.0.9.RELEASE.jar:/home/user/.m2/repository/org/springframework/spring-webmvc/5.0.9.RELEASE/spring-webmvc-5.0.9.RELEASE.jar:/home/user/.m2/repository/org/springframework/spring-context/5.0.9.RELEASE/spring-context-5.0.9.RELEASE.jar:/home/user/.m2/repository/org/springframework/spring-expression/5.0.9.RELEASE/spring-expression-5.0.9.RELEASE.jar:/home/user/.m2/repository/org/springframework/boot/spring-boot-starter-aop/2.0.5.RELEASE/spring-boot-starter-aop-2.0.5.RELEASE.jar:/home/user/.m2/repository/org/springframework/spring-aop/5.0.9.RELEASE/spring-aop-5.0.9.RELEASE.jar:/home/user/.m2/repository/org/aspectj/aspectjweaver/1.8.13/aspectjweaver-1.8.13.jar:/home/user/.m2/repository/org/springframework/boot/spring-boot-starter-data-jpa/2.0.5.RELEASE/spring-boot-starter-data-jpa-2.0.5.RELEASE.jar:/home/user/.m2/repository/org/springframework/boot/spring-boot-starter-jdbc/2.0.5.RELEASE/spring-boot-starter-jdbc-2.0.5.RELEASE.jar:/home/user/.m2/repository/com/zaxxer/HikariCP/2.7.9/HikariCP-2.7.9.jar:/home/user/.m2/repository/org/springframework/spring-jdbc/5.0.9.RELEASE/spring-jdbc-5.0.9.RELEASE.jar:/home/user/.m2/repository/javax/transaction/javax.transaction-api/1.2/javax.transaction-api-1.2.jar:/home/user/.m2/repository/org/hibernate/hibernate-core/5.2.17.Final/hibernate-core-5.2.17.Final.jar:/home/user/.m2/repository/org/hibernate/javax/persistence/hibernate-jpa-2.1-api/1.0.2.Final/hibernate-jpa-2.1-api-1.0.2.Final.jar:/home/user/.m2/repository/org/javassist/javassist/3.22.0-GA/javassist-3.22.0-GA.jar:/home/user/.m2/repository/antlr/antlr/2.7.7/antlr-2.7.7.jar:/home/user/.m2/repository/org/jboss/jandex/2.0.3.Final/jandex-2.0.3.Final.jar:/home/user/.m2/repository/dom4j/dom4j/1.6.1/dom4j-1.6.1.jar:/home/user/.m2/repository/org/hibernate/common/hibernate-commons-annotations/5.0.1.Final/hibernate-commons-annotations-5.0.1.Final.jar:/home/user/.m2/repository/org/springframework/data/spring-data-jpa/2.0.10.RELEASE/spring-data-jpa-2.0.10.RELEASE.jar:/home/user/.m2/repository/org/springframework/data/spring-data-commons/2.0.10.RELEASE/spring-data-commons-2.0.10.RELEASE.jar:/home/user/.m2/repository/org/springframework/spring-orm/5.0.9.RELEASE/spring-orm-5.0.9.RELEASE.jar:/home/user/.m2/repository/org/springframework/spring-tx/5.0.9.RELEASE/spring-tx-5.0.9.RELEASE.jar:/home/user/.m2/repository/org/springframework/spring-aspects/5.0.9.RELEASE/spring-aspects-5.0.9.RELEASE.jar:/home/user/.m2/repository/org/springframework/boot/spring-boot-starter-actuator/2.0.5.RELEASE/spring-boot-starter-actuator-2.0.5.RELEASE.jar:/home/user/.m2/repository/org/springframework/boot/spring-boot-actuator-autoconfigure/2.0.5.RELEASE/spring-boot-actuator-autoconfigure-2.0.5.RELEASE.jar:/home/user/.m2/repository/org/springframework/boot/spring-boot-actuator/2.0.5.RELEASE/spring-boot-actuator-2.0.5.RELEASE.jar:/home/user/.m2/repository/io/micrometer/micrometer-core/1.0.6/micrometer-core-1.0.6.jar:/home/user/.m2/repository/org/hdrhistogram/HdrHistogram/2.1.10/HdrHistogram-2.1.10.jar:/home/user/.m2/repository/org/latencyutils/LatencyUtils/2.0.3/LatencyUtils-2.0.3.jar:/home/user/.m2/repository/io/micrometer/micrometer-registry-prometheus/1.0.6/micrometer-registry-prometheus-1.0.6.jar:/home/user/.m2/repository/io/prometheus/simpleclient_common/0.4.0/simpleclient_common-0.4.0.jar:/home/user/.m2/repository/io/prometheus/simpleclient/0.4.0/simpleclient-0.4.0.jar:/home/user/.m2/repository/org/springframework/cloud/spring-cloud-starter-netflix-hystrix/2.0.1.RELEASE/spring-cloud-starter-netflix-hystrix-2.0.1.RELEASE.jar:/home/user/.m2/repository/org/springframework/cloud/spring-cloud-starter/2.0.1.RELEASE/spring-cloud-starter-2.0.1.RELEASE.jar:/home/user/.m2/repository/org/springframework/cloud/spring-cloud-context/2.0.1.RELEASE/spring-cloud-context-2.0.1.RELEASE.jar:/home/user/.m2/repository/org/springframework/security/spring-security-crypto/5.0.8.RELEASE/spring-security-crypto-5.0.8.RELEASE.jar:/home/user/.m2/repository/org/springframework/cloud/spring-cloud-commons/2.0.1.RELEASE/spring-cloud-commons-2.0.1.RELEASE.jar:/home/user/.m2/repository/org/springframework/security/spring-security-rsa/1.0.5.RELEASE/spring-security-rsa-1.0.5.RELEASE.jar:/home/user/.m2/repository/org/bouncycastle/bcpkix-jdk15on/1.56/bcpkix-jdk15on-1.56.jar:/home/user/.m2/repository/org/bouncycastle/bcprov-jdk15on/1.56/bcprov-jdk15on-1.56.jar:/home/user/.m2/repository/org/springframework/cloud/spring-cloud-netflix-core/2.0.1.RELEASE/spring-cloud-netflix-core-2.0.1.RELEASE.jar:/home/user/.m2/repository/org/springframework/cloud/spring-cloud-netflix-ribbon/2.0.1.RELEASE/spring-cloud-netflix-ribbon-2.0.1.RELEASE.jar:/home/user/.m2/repository/org/springframework/cloud/spring-cloud-netflix-archaius/2.0.1.RELEASE/spring-cloud-netflix-archaius-2.0.1.RELEASE.jar:/home/user/.m2/repository/org/springframework/cloud/spring-cloud-starter-netflix-archaius/2.0.1.RELEASE/spring-cloud-starter-netflix-archaius-2.0.1.RELEASE.jar:/home/user/.m2/repository/com/netflix/archaius/archaius-core/0.7.6/archaius-core-0.7.6.jar:/home/user/.m2/repository/com/google/code/findbugs/jsr305/3.0.1/jsr305-3.0.1.jar:/home/user/.m2/repository/commons-configuration/commons-configuration/1.8/commons-configuration-1.8.jar:/home/user/.m2/repository/commons-lang/commons-lang/2.6/commons-lang-2.6.jar:/home/user/.m2/repository/com/netflix/hystrix/hystrix-core/1.5.12/hystrix-core-1.5.12.jar:/home/user/.m2/repository/io/reactivex/rxjava/1.3.8/rxjava-1.3.8.jar:/home/user/.m2/repository/com/netflix/hystrix/hystrix-serialization/1.5.12/hystrix-serialization-1.5.12.jar:/home/user/.m2/repository/com/fasterxml/jackson/module/jackson-module-afterburner/2.9.6/jackson-module-afterburner-2.9.6.jar:/home/user/.m2/repository/com/fasterxml/jackson/core/jackson-core/2.9.6/jackson-core-2.9.6.jar:/home/user/.m2/repository/com/fasterxml/jackson/core/jackson-annotations/2.9.0/jackson-annotations-2.9.0.jar:/home/user/.m2/repository/com/netflix/hystrix/hystrix-metrics-event-stream/1.5.12/hystrix-metrics-event-stream-1.5.12.jar:/home/user/.m2/repository/com/netflix/hystrix/hystrix-javanica/1.5.12/hystrix-javanica-1.5.12.jar:/home/user/.m2/repository/org/ow2/asm/asm/5.0.4/asm-5.0.4.jar:/home/user/.m2/repository/io/reactivex/rxjava-reactive-streams/1.2.1/rxjava-reactive-streams-1.2.1.jar:/home/user/.m2/repository/org/reactivestreams/reactive-streams/1.0.2/reactive-streams-1.0.2.jar:/home/user/.m2/repository/org/flywaydb/flyway-core/5.0.7/flyway-core-5.0.7.jar:/home/user/.m2/repository/org/springframework/boot/spring-boot-devtools/2.0.5.RELEASE/spring-boot-devtools-2.0.5.RELEASE.jar:/home/user/.m2/repository/org/springframework/boot/spring-boot/2.0.5.RELEASE/spring-boot-2.0.5.RELEASE.jar:/home/user/.m2/repository/org/springframework/boot/spring-boot-autoconfigure/2.0.5.RELEASE/spring-boot-autoconfigure-2.0.5.RELEASE.jar:/home/user/.m2/repository/org/springframework/boot/spring-boot-configuration-processor/2.0.5.RELEASE/spring-boot-configuration-processor-2.0.5.RELEASE.jar:/home/user/.m2/repository/org/springframework/boot/spring-boot-starter-test/2.0.5.RELEASE/spring-boot-starter-test-2.0.5.RELEASE.jar:/home/user/.m2/repository/org/springframework/boot/spring-boot-test/2.0.5.RELEASE/spring-boot-test-2.0.5.RELEASE.jar:/home/user/.m2/repository/org/springframework/boot/spring-boot-test-autoconfigure/2.0.5.RELEASE/spring-boot-test-autoconfigure-2.0.5.RELEASE.jar:/home/user/.m2/repository/com/jayway/jsonpath/json-path/2.4.0/json-path-2.4.0.jar:/home/user/.m2/repository/net/minidev/json-smart/2.3/json-smart-2.3.jar:/home/user/.m2/repository/net/minidev/accessors-smart/1.2/accessors-smart-1.2.jar:/home/user/.m2/repository/junit/junit/4.12/junit-4.12.jar:/home/user/.m2/repository/org/assertj/assertj-core/3.9.1/assertj-core-3.9.1.jar:/home/user/.m2/repository/org/mockito/mockito-core/2.15.0/mockito-core-2.15.0.jar:/home/user/.m2/repository/net/bytebuddy/byte-buddy/1.7.11/byte-buddy-1.7.11.jar:/home/user/.m2/repository/net/bytebuddy/byte-buddy-agent/1.7.11/byte-buddy-agent-1.7.11.jar:/home/user/.m2/repository/org/objenesis/objenesis/2.6/objenesis-2.6.jar:/home/user/.m2/repository/org/hamcrest/hamcrest-core/1.3/hamcrest-core-1.3.jar:/home/user/.m2/repository/org/hamcrest/hamcrest-library/1.3/hamcrest-library-1.3.jar:/home/user/.m2/repository/org/skyscreamer/jsonassert/1.5.0/jsonassert-1.5.0.jar:/home/user/.m2/repository/com/vaadin/external/google/android-json/0.0.20131108.vaadin1/android-json-0.0.20131108.vaadin1.jar:/home/user/.m2/repository/org/springframework/spring-core/5.0.9.RELEASE/spring-core-5.0.9.RELEASE.jar:/home/user/.m2/repository/org/springframework/spring-jcl/5.0.9.RELEASE/spring-jcl-5.0.9.RELEASE.jar:/home/user/.m2/repository/org/springframework/spring-test/5.0.9.RELEASE/spring-test-5.0.9.RELEASE.jar:/home/user/.m2/repository/org/xmlunit/xmlunit-core/2.5.1/xmlunit-core-2.5.1.jar:/home/user/.m2/repository/com/h2database/h2/1.4.197/h2-1.4.197.jar:/home/user/.m2/repository/mysql/mysql-connector-java/5.1.47/mysql-connector-java-5.1.47.jar:/home/user/.m2/repository/org/postgresql/postgresql/42.2.5/postgresql-42.2.5.jar:/home/user/.m2/repository/org/projectlombok/lombok/1.16.22/lombok-1.16.22.jar:/home/user/.m2/repository/net/logstash/logback/logstash-logback-encoder/4.9/logstash-logback-encoder-4.9.jar:/home/user/.m2/repository/ch/qos/logback/logback-core/1.2.3/logback-core-1.2.3.jar:/home/user/.m2/repository/com/fasterxml/jackson/core/jackson-databind/2.9.6/jackson-databind-2.9.6.jar:/home/user/.m2/repository/io/springfox/springfox-swagger2/2.9.2/springfox-swagger2-2.9.2.jar:/home/user/.m2/repository/io/swagger/swagger-annotations/1.5.20/swagger-annotations-1.5.20.jar:/home/user/.m2/repository/io/swagger/swagger-models/1.5.20/swagger-models-1.5.20.jar:/home/user/.m2/repository/io/springfox/springfox-spi/2.9.2/springfox-spi-2.9.2.jar:/home/user/.m2/repository/io/springfox/springfox-core/2.9.2/springfox-core-2.9.2.jar:/home/user/.m2/repository/io/springfox/springfox-schema/2.9.2/springfox-schema-2.9.2.jar:/home/user/.m2/repository/io/springfox/springfox-swagger-common/2.9.2/springfox-swagger-common-2.9.2.jar:/home/user/.m2/repository/io/springfox/springfox-spring-web/2.9.2/springfox-spring-web-2.9.2.jar:/home/user/.m2/repository/com/google/guava/guava/20.0/guava-20.0.jar:/home/user/.m2/repository/com/fasterxml/classmate/1.3.4/classmate-1.3.4.jar:/home/user/.m2/repository/org/slf4j/slf4j-api/1.7.25/slf4j-api-1.7.25.jar:/home/user/.m2/repository/org/springframework/plugin/spring-plugin-core/1.2.0.RELEASE/spring-plugin-core-1.2.0.RELEASE.jar:/home/user/.m2/repository/org/springframework/plugin/spring-plugin-metadata/1.2.0.RELEASE/spring-plugin-metadata-1.2.0.RELEASE.jar:/home/user/.m2/repository/org/mapstruct/mapstruct/1.2.0.Final/mapstruct-1.2.0.Final.jar:/home/user/.m2/repository/io/springfox/springfox-swagger-ui/2.9.2/springfox-swagger-ui-2.9.2.jar:/home/user/.m2/repository/org/testcontainers/postgresql/1.8.3/postgresql-1.8.3.jar:/home/user/.m2/repository/org/testcontainers/jdbc/1.8.3/jdbc-1.8.3.jar:/home/user/.m2/repository/org/testcontainers/database-commons/1.8.3/database-commons-1.8.3.jar:/home/user/.m2/repository/org/testcontainers/testcontainers/1.8.3/testcontainers-1.8.3.jar:/home/user/.m2/repository/org/slf4j/slf4j-ext/1.7.25/slf4j-ext-1.7.25.jar:/home/user/.m2/repository/org/jetbrains/annotations/15.0/annotations-15.0.jar:/home/user/.m2/repository/org/apache/commons/commons-compress/1.16.1/commons-compress-1.16.1.jar:/home/user/.m2/repository/javax/xml/bind/jaxb-api/2.3.0/jaxb-api-2.3.0.jar:/home/user/.m2/repository/org/rnorth/duct-tape/duct-tape/1.0.7/duct-tape-1.0.7.jar:/home/user/.m2/repository/org/rnorth/visible-assertions/visible-assertions/2.1.1/visible-assertions-2.1.1.jar:/home/user/.m2/repository/net/java/dev/jna/jna/4.5.2/jna-4.5.2.jar:/home/user/.m2/repository/org/rnorth/tcp-unix-socket-proxy/1.0.2/tcp-unix-socket-proxy-1.0.2.jar:/home/user/.m2/repository/com/kohlschutter/junixsocket/junixsocket-native-common/2.0.4/junixsocket-native-common-2.0.4.jar:/home/user/.m2/repository/org/scijava/native-lib-loader/2.0.2/native-lib-loader-2.0.2.jar:/home/user/.m2/repository/com/kohlschutter/junixsocket/junixsocket-common/2.0.4/junixsocket-common-2.0.4.jar:/home/user/.m2/repository/net/java/dev/jna/jna-platform/4.5.2/jna-platform-4.5.2.jar:/home/user/.m2/repository/de/codecentric/chaos-monkey-spring-boot/2.0.0/chaos-monkey-spring-boot-2.0.0.jar:/home/user/.m2/repository/org/apache/commons/commons-lang3/3.7/commons-lang3-3.7.jar:, java.vm.vendor=Oracle Corporation, sun.arch.data.model=64, java.vendor.url=http://java.oracle.com/, user.timezone=Etc/UTC, os.name=Linux, java.vm.specification.version=11, sun.java.launcher=SUN_STANDARD, sun.boot.library.path=/usr/lib/jvm/java-11-openjdk-amd64/lib, sun.java.command=/projects/cif01/target/surefire/surefirebooter3441113788749219461.jar /projects/cif01/target/surefire 2019-12-27T05-00-29_406-jvmRun1 surefire17367232764213479236tmp surefire_02567172058495547377tmp, jdk.debug=release, surefire.test.class.path=/projects/cif01/target/test-classes:/projects/cif01/target/classes:/home/user/.m2/repository/org/springframework/boot/spring-boot-starter-web/2.0.5.RELEASE/spring-boot-starter-web-2.0.5.RELEASE.jar:/home/user/.m2/repository/org/springframework/boot/spring-boot-starter/2.0.5.RELEASE/spring-boot-starter-2.0.5.RELEASE.jar:/home/user/.m2/repository/org/springframework/boot/spring-boot-starter-logging/2.0.5.RELEASE/spring-boot-starter-logging-2.0.5.RELEASE.jar:/home/user/.m2/repository/ch/qos/logback/logback-classic/1.2.3/logback-classic-1.2.3.jar:/home/user/.m2/repository/org/apache/logging/log4j/log4j-to-slf4j/2.10.0/log4j-to-slf4j-2.10.0.jar:/home/user/.m2/repository/org/apache/logging/log4j/log4j-api/2.10.0/log4j-api-2.10.0.jar:/home/user/.m2/repository/org/slf4j/jul-to-slf4j/1.7.25/jul-to-slf4j-1.7.25.jar:/home/user/.m2/repository/javax/annotation/javax.annotation-api/1.3.2/javax.annotation-api-1.3.2.jar:/home/user/.m2/repository/org/yaml/snakeyaml/1.19/snakeyaml-1.19.jar:/home/user/.m2/repository/org/springframework/boot/spring-boot-starter-json/2.0.5.RELEASE/spring-boot-starter-json-2.0.5.RELEASE.jar:/home/user/.m2/repository/com/fasterxml/jackson/datatype/jackson-datatype-jdk8/2.9.6/jackson-datatype-jdk8-2.9.6.jar:/home/user/.m2/repository/com/fasterxml/jackson/datatype/jackson-datatype-jsr310/2.9.6/jackson-datatype-jsr310-2.9.6.jar:/home/user/.m2/repository/com/fasterxml/jackson/module/jackson-module-parameter-names/2.9.6/jackson-module-parameter-names-2.9.6.jar:/home/user/.m2/repository/org/springframework/boot/spring-boot-starter-tomcat/2.0.5.RELEASE/spring-boot-starter-tomcat-2.0.5.RELEASE.jar:/home/user/.m2/repository/org/apache/tomcat/embed/tomcat-embed-core/8.5.34/tomcat-embed-core-8.5.34.jar:/home/user/.m2/repository/org/apache/tomcat/embed/tomcat-embed-el/8.5.34/tomcat-embed-el-8.5.34.jar:/home/user/.m2/repository/org/apache/tomcat/embed/tomcat-embed-websocket/8.5.34/tomcat-embed-websocket-8.5.34.jar:/home/user/.m2/repository/org/hibernate/validator/hibernate-validator/6.0.12.Final/hibernate-validator-6.0.12.Final.jar:/home/user/.m2/repository/javax/validation/validation-api/2.0.1.Final/validation-api-2.0.1.Final.jar:/home/user/.m2/repository/org/jboss/logging/jboss-logging/3.3.2.Final/jboss-logging-3.3.2.Final.jar:/home/user/.m2/repository/org/springframework/spring-web/5.0.9.RELEASE/spring-web-5.0.9.RELEASE.jar:/home/user/.m2/repository/org/springframework/spring-beans/5.0.9.RELEASE/spring-beans-5.0.9.RELEASE.jar:/home/user/.m2/repository/org/springframework/spring-webmvc/5.0.9.RELEASE/spring-webmvc-5.0.9.RELEASE.jar:/home/user/.m2/repository/org/springframework/spring-context/5.0.9.RELEASE/spring-context-5.0.9.RELEASE.jar:/home/user/.m2/repository/org/springframework/spring-expression/5.0.9.RELEASE/spring-expression-5.0.9.RELEASE.jar:/home/user/.m2/repository/org/springframework/boot/spring-boot-starter-aop/2.0.5.RELEASE/spring-boot-starter-aop-2.0.5.RELEASE.jar:/home/user/.m2/repository/org/springframework/spring-aop/5.0.9.RELEASE/spring-aop-5.0.9.RELEASE.jar:/home/user/.m2/repository/org/aspectj/aspectjweaver/1.8.13/aspectjweaver-1.8.13.jar:/home/user/.m2/repository/org/springframework/boot/spring-boot-starter-data-jpa/2.0.5.RELEASE/spring-boot-starter-data-jpa-2.0.5.RELEASE.jar:/home/user/.m2/repository/org/springframework/boot/spring-boot-starter-jdbc/2.0.5.RELEASE/spring-boot-starter-jdbc-2.0.5.RELEASE.jar:/home/user/.m2/repository/com/zaxxer/HikariCP/2.7.9/HikariCP-2.7.9.jar:/home/user/.m2/repository/org/springframework/spring-jdbc/5.0.9.RELEASE/spring-jdbc-5.0.9.RELEASE.jar:/home/user/.m2/repository/javax/transaction/javax.transaction-api/1.2/javax.transaction-api-1.2.jar:/home/user/.m2/repository/org/hibernate/hibernate-core/5.2.17.Final/hibernate-core-5.2.17.Final.jar:/home/user/.m2/repository/org/hibernate/javax/persistence/hibernate-jpa-2.1-api/1.0.2.Final/hibernate-jpa-2.1-api-1.0.2.Final.jar:/home/user/.m2/repository/org/javassist/javassist/3.22.0-GA/javassist-3.22.0-GA.jar:/home/user/.m2/repository/antlr/antlr/2.7.7/antlr-2.7.7.jar:/home/user/.m2/repository/org/jboss/jandex/2.0.3.Final/jandex-2.0.3.Final.jar:/home/user/.m2/repository/dom4j/dom4j/1.6.1/dom4j-1.6.1.jar:/home/user/.m2/repository/org/hibernate/common/hibernate-commons-annotations/5.0.1.Final/hibernate-commons-annotations-5.0.1.Final.jar:/home/user/.m2/repository/org/springframework/data/spring-data-jpa/2.0.10.RELEASE/spring-data-jpa-2.0.10.RELEASE.jar:/home/user/.m2/repository/org/springframework/data/spring-data-commons/2.0.10.RELEASE/spring-data-commons-2.0.10.RELEASE.jar:/home/user/.m2/repository/org/springframework/spring-orm/5.0.9.RELEASE/spring-orm-5.0.9.RELEASE.jar:/home/user/.m2/repository/org/springframework/spring-tx/5.0.9.RELEASE/spring-tx-5.0.9.RELEASE.jar:/home/user/.m2/repository/org/springframework/spring-aspects/5.0.9.RELEASE/spring-aspects-5.0.9.RELEASE.jar:/home/user/.m2/repository/org/springframework/boot/spring-boot-starter-actuator/2.0.5.RELEASE/spring-boot-starter-actuator-2.0.5.RELEASE.jar:/home/user/.m2/repository/org/springframework/boot/spring-boot-actuator-autoconfigure/2.0.5.RELEASE/spring-boot-actuator-autoconfigure-2.0.5.RELEASE.jar:/home/user/.m2/repository/org/springframework/boot/spring-boot-actuator/2.0.5.RELEASE/spring-boot-actuator-2.0.5.RELEASE.jar:/home/user/.m2/repository/io/micrometer/micrometer-core/1.0.6/micrometer-core-1.0.6.jar:/home/user/.m2/repository/org/hdrhistogram/HdrHistogram/2.1.10/HdrHistogram-2.1.10.jar:/home/user/.m2/repository/org/latencyutils/LatencyUtils/2.0.3/LatencyUtils-2.0.3.jar:/home/user/.m2/repository/io/micrometer/micrometer-registry-prometheus/1.0.6/micrometer-registry-prometheus-1.0.6.jar:/home/user/.m2/repository/io/prometheus/simpleclient_common/0.4.0/simpleclient_common-0.4.0.jar:/home/user/.m2/repository/io/prometheus/simpleclient/0.4.0/simpleclient-0.4.0.jar:/home/user/.m2/repository/org/springframework/cloud/spring-cloud-starter-netflix-hystrix/2.0.1.RELEASE/spring-cloud-starter-netflix-hystrix-2.0.1.RELEASE.jar:/home/user/.m2/repository/org/springframework/cloud/spring-cloud-starter/2.0.1.RELEASE/spring-cloud-starter-2.0.1.RELEASE.jar:/home/user/.m2/repository/org/springframework/cloud/spring-cloud-context/2.0.1.RELEASE/spring-cloud-context-2.0.1.RELEASE.jar:/home/user/.m2/repository/org/springframework/security/spring-security-crypto/5.0.8.RELEASE/spring-security-crypto-5.0.8.RELEASE.jar:/home/user/.m2/repository/org/springframework/cloud/spring-cloud-commons/2.0.1.RELEASE/spring-cloud-commons-2.0.1.RELEASE.jar:/home/user/.m2/repository/org/springframework/security/spring-security-rsa/1.0.5.RELEASE/spring-security-rsa-1.0.5.RELEASE.jar:/home/user/.m2/repository/org/bouncycastle/bcpkix-jdk15on/1.56/bcpkix-jdk15on-1.56.jar:/home/user/.m2/repository/org/bouncycastle/bcprov-jdk15on/1.56/bcprov-jdk15on-1.56.jar:/home/user/.m2/repository/org/springframework/cloud/spring-cloud-netflix-core/2.0.1.RELEASE/spring-cloud-netflix-core-2.0.1.RELEASE.jar:/home/user/.m2/repository/org/springframework/cloud/spring-cloud-netflix-ribbon/2.0.1.RELEASE/spring-cloud-netflix-ribbon-2.0.1.RELEASE.jar:/home/user/.m2/repository/org/springframework/cloud/spring-cloud-netflix-archaius/2.0.1.RELEASE/spring-cloud-netflix-archaius-2.0.1.RELEASE.jar:/home/user/.m2/repository/org/springframework/cloud/spring-cloud-starter-netflix-archaius/2.0.1.RELEASE/spring-cloud-starter-netflix-archaius-2.0.1.RELEASE.jar:/home/user/.m2/repository/com/netflix/archaius/archaius-core/0.7.6/archaius-core-0.7.6.jar:/home/user/.m2/repository/com/google/code/findbugs/jsr305/3.0.1/jsr305-3.0.1.jar:/home/user/.m2/repository/commons-configuration/commons-configuration/1.8/commons-configuration-1.8.jar:/home/user/.m2/repository/commons-lang/commons-lang/2.6/commons-lang-2.6.jar:/home/user/.m2/repository/com/netflix/hystrix/hystrix-core/1.5.12/hystrix-core-1.5.12.jar:/home/user/.m2/repository/io/reactivex/rxjava/1.3.8/rxjava-1.3.8.jar:/home/user/.m2/repository/com/netflix/hystrix/hystrix-serialization/1.5.12/hystrix-serialization-1.5.12.jar:/home/user/.m2/repository/com/fasterxml/jackson/module/jackson-module-afterburner/2.9.6/jackson-module-afterburner-2.9.6.jar:/home/user/.m2/repository/com/fasterxml/jackson/core/jackson-core/2.9.6/jackson-core-2.9.6.jar:/home/user/.m2/repository/com/fasterxml/jackson/core/jackson-annotations/2.9.0/jackson-annotations-2.9.0.jar:/home/user/.m2/repository/com/netflix/hystrix/hystrix-metrics-event-stream/1.5.12/hystrix-metrics-event-stream-1.5.12.jar:/home/user/.m2/repository/com/netflix/hystrix/hystrix-javanica/1.5.12/hystrix-javanica-1.5.12.jar:/home/user/.m2/repository/org/ow2/asm/asm/5.0.4/asm-5.0.4.jar:/home/user/.m2/repository/io/reactivex/rxjava-reactive-streams/1.2.1/rxjava-reactive-streams-1.2.1.jar:/home/user/.m2/repository/org/reactivestreams/reactive-streams/1.0.2/reactive-streams-1.0.2.jar:/home/user/.m2/repository/org/flywaydb/flyway-core/5.0.7/flyway-core-5.0.7.jar:/home/user/.m2/repository/org/springframework/boot/spring-boot-devtools/2.0.5.RELEASE/spring-boot-devtools-2.0.5.RELEASE.jar:/home/user/.m2/repository/org/springframework/boot/spring-boot/2.0.5.RELEASE/spring-boot-2.0.5.RELEASE.jar:/home/user/.m2/repository/org/springframework/boot/spring-boot-autoconfigure/2.0.5.RELEASE/spring-boot-autoconfigure-2.0.5.RELEASE.jar:/home/user/.m2/repository/org/springframework/boot/spring-boot-configuration-processor/2.0.5.RELEASE/spring-boot-configuration-processor-2.0.5.RELEASE.jar:/home/user/.m2/repository/org/springframework/boot/spring-boot-starter-test/2.0.5.RELEASE/spring-boot-starter-test-2.0.5.RELEASE.jar:/home/user/.m2/repository/org/springframework/boot/spring-boot-test/2.0.5.RELEASE/spring-boot-test-2.0.5.RELEASE.jar:/home/user/.m2/repository/org/springframework/boot/spring-boot-test-autoconfigure/2.0.5.RELEASE/spring-boot-test-autoconfigure-2.0.5.RELEASE.jar:/home/user/.m2/repository/com/jayway/jsonpath/json-path/2.4.0/json-path-2.4.0.jar:/home/user/.m2/repository/net/minidev/json-smart/2.3/json-smart-2.3.jar:/home/user/.m2/repository/net/minidev/accessors-smart/1.2/accessors-smart-1.2.jar:/home/user/.m2/repository/junit/junit/4.12/junit-4.12.jar:/home/user/.m2/repository/org/assertj/assertj-core/3.9.1/assertj-core-3.9.1.jar:/home/user/.m2/repository/org/mockito/mockito-core/2.15.0/mockito-core-2.15.0.jar:/home/user/.m2/repository/net/bytebuddy/byte-buddy/1.7.11/byte-buddy-1.7.11.jar:/home/user/.m2/repository/net/bytebuddy/byte-buddy-agent/1.7.11/byte-buddy-agent-1.7.11.jar:/home/user/.m2/repository/org/objenesis/objenesis/2.6/objenesis-2.6.jar:/home/user/.m2/repository/org/hamcrest/hamcrest-core/1.3/hamcrest-core-1.3.jar:/home/user/.m2/repository/org/hamcrest/hamcrest-library/1.3/hamcrest-library-1.3.jar:/home/user/.m2/repository/org/skyscreamer/jsonassert/1.5.0/jsonassert-1.5.0.jar:/home/user/.m2/repository/com/vaadin/external/google/android-json/0.0.20131108.vaadin1/android-json-0.0.20131108.vaadin1.jar:/home/user/.m2/repository/org/springframework/spring-core/5.0.9.RELEASE/spring-core-5.0.9.RELEASE.jar:/home/user/.m2/repository/org/springframework/spring-jcl/5.0.9.RELEASE/spring-jcl-5.0.9.RELEASE.jar:/home/user/.m2/repository/org/springframework/spring-test/5.0.9.RELEASE/spring-test-5.0.9.RELEASE.jar:/home/user/.m2/repository/org/xmlunit/xmlunit-core/2.5.1/xmlunit-core-2.5.1.jar:/home/user/.m2/repository/com/h2database/h2/1.4.197/h2-1.4.197.jar:/home/user/.m2/repository/mysql/mysql-connector-java/5.1.47/mysql-connector-java-5.1.47.jar:/home/user/.m2/repository/org/postgresql/postgresql/42.2.5/postgresql-42.2.5.jar:/home/user/.m2/repository/org/projectlombok/lombok/1.16.22/lombok-1.16.22.jar:/home/user/.m2/repository/net/logstash/logback/logstash-logback-encoder/4.9/logstash-logback-encoder-4.9.jar:/home/user/.m2/repository/ch/qos/logback/logback-core/1.2.3/logback-core-1.2.3.jar:/home/user/.m2/repository/com/fasterxml/jackson/core/jackson-databind/2.9.6/jackson-databind-2.9.6.jar:/home/user/.m2/repository/io/springfox/springfox-swagger2/2.9.2/springfox-swagger2-2.9.2.jar:/home/user/.m2/repository/io/swagger/swagger-annotations/1.5.20/swagger-annotations-1.5.20.jar:/home/user/.m2/repository/io/swagger/swagger-models/1.5.20/swagger-models-1.5.20.jar:/home/user/.m2/repository/io/springfox/springfox-spi/2.9.2/springfox-spi-2.9.2.jar:/home/user/.m2/repository/io/springfox/springfox-core/2.9.2/springfox-core-2.9.2.jar:/home/user/.m2/repository/io/springfox/springfox-schema/2.9.2/springfox-schema-2.9.2.jar:/home/user/.m2/repository/io/springfox/springfox-swagger-common/2.9.2/springfox-swagger-common-2.9.2.jar:/home/user/.m2/repository/io/springfox/springfox-spring-web/2.9.2/springfox-spring-web-2.9.2.jar:/home/user/.m2/repository/com/google/guava/guava/20.0/guava-20.0.jar:/home/user/.m2/repository/com/fasterxml/classmate/1.3.4/classmate-1.3.4.jar:/home/user/.m2/repository/org/slf4j/slf4j-api/1.7.25/slf4j-api-1.7.25.jar:/home/user/.m2/repository/org/springframework/plugin/spring-plugin-core/1.2.0.RELEASE/spring-plugin-core-1.2.0.RELEASE.jar:/home/user/.m2/repository/org/springframework/plugin/spring-plugin-metadata/1.2.0.RELEASE/spring-plugin-metadata-1.2.0.RELEASE.jar:/home/user/.m2/repository/org/mapstruct/mapstruct/1.2.0.Final/mapstruct-1.2.0.Final.jar:/home/user/.m2/repository/io/springfox/springfox-swagger-ui/2.9.2/springfox-swagger-ui-2.9.2.jar:/home/user/.m2/repository/org/testcontainers/postgresql/1.8.3/postgresql-1.8.3.jar:/home/user/.m2/repository/org/testcontainers/jdbc/1.8.3/jdbc-1.8.3.jar:/home/user/.m2/repository/org/testcontainers/database-commons/1.8.3/database-commons-1.8.3.jar:/home/user/.m2/repository/org/testcontainers/testcontainers/1.8.3/testcontainers-1.8.3.jar:/home/user/.m2/repository/org/slf4j/slf4j-ext/1.7.25/slf4j-ext-1.7.25.jar:/home/user/.m2/repository/org/jetbrains/annotations/15.0/annotations-15.0.jar:/home/user/.m2/repository/org/apache/commons/commons-compress/1.16.1/commons-compress-1.16.1.jar:/home/user/.m2/repository/javax/xml/bind/jaxb-api/2.3.0/jaxb-api-2.3.0.jar:/home/user/.m2/repository/org/rnorth/duct-tape/duct-tape/1.0.7/duct-tape-1.0.7.jar:/home/user/.m2/repository/org/rnorth/visible-assertions/visible-assertions/2.1.1/visible-assertions-2.1.1.jar:/home/user/.m2/repository/net/java/dev/jna/jna/4.5.2/jna-4.5.2.jar:/home/user/.m2/repository/org/rnorth/tcp-unix-socket-proxy/1.0.2/tcp-unix-socket-proxy-1.0.2.jar:/home/user/.m2/repository/com/kohlschutter/junixsocket/junixsocket-native-common/2.0.4/junixsocket-native-common-2.0.4.jar:/home/user/.m2/repository/org/scijava/native-lib-loader/2.0.2/native-lib-loader-2.0.2.jar:/home/user/.m2/repository/com/kohlschutter/junixsocket/junixsocket-common/2.0.4/junixsocket-common-2.0.4.jar:/home/user/.m2/repository/net/java/dev/jna/jna-platform/4.5.2/jna-platform-4.5.2.jar:/home/user/.m2/repository/de/codecentric/chaos-monkey-spring-boot/2.0.0/chaos-monkey-spring-boot-2.0.0.jar:/home/user/.m2/repository/org/apache/commons/commons-lang3/3.7/commons-lang3-3.7.jar:, sun.cpu.endian=little, user.home=/home/user, user.language=en, java.specification.vendor=Oracle Corporation, java.version.date=2019-04-16, java.home=/usr/lib/jvm/java-11-openjdk-amd64, file.separator=/, basedir=/projects/cif01, java.vm.compressedOopsMode=32-bit, line.separator=
, java.specification.name=Java Platform API Specification, java.vm.specification.vendor=Oracle Corporation, java.awt.graphicsenv=sun.awt.X11GraphicsEnvironment, surefire.real.class.path=/projects/cif01/target/surefire/surefirebooter3441113788749219461.jar, sun.management.compiler=HotSpot 64-Bit Tiered Compilers, java.runtime.version=11.0.3+1-Debian-1bpo91, user.name=user, path.separator=:, java.security.egd=file:/dev/./urandom, os.version=3.10.0-957.21.3.el7.x86_64, java.runtime.name=OpenJDK Runtime Environment, file.encoding=UTF-8, sun.zip.disableMemoryMapping=true, java.vm.name=OpenJDK 64-Bit Server VM, localRepository=/home/user/.m2/repository, java.vendor.url.bug=http://bugreport.java.com/bugreport/, java.io.tmpdir=/tmp, java.version=11.0.3, user.dir=/projects/cif01, os.arch=amd64, SkipTests=true, java.vm.specification.name=Java Virtual Machine Specification, java.awt.printerjob=sun.print.PSPrinterJob, sun.os.patch.level=unknown, java.library.path=/usr/java/packages/lib:/usr/lib/x86_64-linux-gnu/jni:/lib/x86_64-linux-gnu:/usr/lib/x86_64-linux-gnu:/usr/lib/jni:/lib:/usr/lib, java.vendor=Oracle Corporation, java.vm.info=mixed mode, sharing, java.vm.version=11.0.3+1-Debian-1bpo91, sun.io.unicode.encoding=UnicodeLittle, java.class.version=55.0}}, SystemEnvironmentPropertySource@1597328335 {name='systemEnvironment', properties={PATH=/usr/local/sbin:/usr/local/bin:/usr/sbin:/usr/bin:/sbin:/bin, SERVERF0ZSKQO6_THEIA_IDET6M_PORT_13132_TCP=tcp://172.30.118.64:13132, KUBERNETES_PORT_53_UDP_PROTO=udp, KUBERNETES_PORT_53_UDP_ADDR=172.30.0.1, SERVER8CRYH4BR_JWTPROXY_SERVICE_PORT_SERVER_4401=4401, SERVER8CRYH4BR_JWTPROXY_SERVICE_PORT_SERVER_4400=4400, SERVERZ4PWWHFC_CHE_MACHINE_EXECOGK_SERVICE_HOST=172.30.75.233, SERVERF0ZSKQO6_THEIA_IDET6M_SERVICE_PORT_SERVER_3100=3100, SERVERF0ZSKQO6_THEIA_IDET6M_PORT_3100_TCP=tcp://172.30.118.64:3100, SERVERZ4PWWHFC_CHE_MACHINE_EXECOGK_SERVICE_PORT_SERVER_4444=4444, CHE_OSO_PROJECT=jaehong-kim, SERVERF0ZSKQO6_THEIA_IDET6M_SERVICE_PORT=3100, SERVER8CRYH4BR_JWTPROXY_SERVICE_PORT=4400, CHE_API_INTERNAL=https://che.openshift.io/api, SERVERF0ZSKQO6_THEIA_IDET6M_PORT_13131_TCP_ADDR=172.30.118.64, PWD=/projects/cif01, SERVERF0ZSKQO6_THEIA_IDET6M_PORT_13133_TCP_PORT=13133, SERVER8CRYH4BR_JWTPROXY_PORT_4401_TCP_PORT=4401, SERVER8CRYH4BR_JWTPROXY_PORT_4400_TCP_PORT=4400, JAVA_DEBIAN_VERSION=11.0.3+1-1~bpo9+1, SERVERZ4PWWHFC_CHE_MACHINE_EXECOGK_PORT=tcp://172.30.75.233:4444, SERVERZ4PWWHFC_CHE_MACHINE_EXECOGK_PORT_4444_TCP_PROTO=tcp, KUBERNETES_SERVICE_PORT_HTTPS=443, SERVERF0ZSKQO6_THEIA_IDET6M_PORT_13131_TCP_PROTO=tcp, SHLVL=2, SERVERF0ZSKQO6_THEIA_IDET6M_SERVICE_HOST=172.30.118.64, CHE_MACHINE_TOKEN=eyJhbGciOiJSUzI1NiIsImtpbmQiOiJtYWNoaW5lX3Rva2VuIiwia2lkIjoid29ya3NwYWNldHV5bndrOTJjNndlbHlnaiJ9.eyJ3c2lkIjoid29ya3NwYWNldHV5bndrOTJjNndlbHlnaiIsInVpZCI6IjUyZDRlMjMyLWU3YjktNGU0NS1hY2M4LWE2ODUyNjgwNWFjMyIsImF1ZCI6IndvcmtzcGFjZXR1eW53azkyYzZ3ZWx5Z2oiLCJuYmYiOi0xLCJ1bmFtZSI6ImphZWhvbmcua2ltQGdvb2RtaXQuY28ua3IiLCJpc3MiOiJ3c21hc3RlciIsImV4cCI6MTYwODk1NzQ1OCwiaWF0IjoxNTc3NDIxNDU4LCJqdGkiOiJhNWY3ODdkNi0zMzJiLTQxNjktYjgwNS03MzQ2MWI1OWEyMzUifQ.aPFLP9vA2hwFXVQ_djhIG8D5S3eIiQPBkXE1mph30nWGCFslNrHz_A8ndnloVMWbswHw6-OUjmxgwdlwLO1c1BYI4hr__fmVm1HP4bt6whRW7rQQTpQ_OF67_AtZvfqPma1G3qbI4lUff-9_wHRBBTjjvvJtcZsE0r_Dho8WsjwFV1E-Ec2vVTYZHNRsD8dO5XnhusYY5YcSn51LZw0DPV_M3OmttYuVIBdcL_QCZEewOD6ecSLzJjQ_sScmsgz2ZRwYSzWHqhox_SAB1ThMDtt6nbktfM5Ng35vh1m0ZZu29bWSZ2gbm8Tnw5AHz-D1IfVxGGXS1_NDYQRPLYP3Ng, KUBERNETES_PORT=tcp://172.30.0.1:443, JAVA_HOME=/docker-java-home, SERVER8CRYH4BR_JWTPROXY_PORT_4400_TCP_PROTO=tcp, TERM=xterm, SERVERF0ZSKQO6_THEIA_IDET6M_PORT_3100_TCP_PROTO=tcp, JAVA_TOOL_OPTIONS=-XX:MaxRAMPercentage=50 -XX:+UseParallelGC -XX:MinHeapFreeRatio=10 -XX:MaxHeapFreeRatio=20 -XX:GCTimeRatio=4 -XX:AdaptiveSizePolicyWeight=90 -Dsun.zip.disableMemoryMapping=true -Xms20m -Djava.security.egd=file:/dev/./urandom, SERVERF0ZSKQO6_THEIA_IDET6M_PORT_13132_TCP_PORT=13132, SERVER8CRYH4BR_JWTPROXY_PORT_4400_TCP=tcp://172.30.209.168:4400, SERVER8CRYH4BR_JWTPROXY_PORT_4401_TCP_PROTO=tcp, SERVERF0ZSKQO6_THEIA_IDET6M_PORT_3130_TCP_PROTO=tcp, SERVERF0ZSKQO6_THEIA_IDET6M_PORT=tcp://172.30.118.64:3100, SERVERF0ZSKQO6_THEIA_IDET6M_SERVICE_PORT_SERVER_3130=3130, SERVERF0ZSKQO6_THEIA_IDET6M_PORT_13132_TCP_PROTO=tcp, JAVA_VERSION=11.0.3, _=/usr/bin/mvn, KUBERNETES_PORT_443_TCP_ADDR=172.30.0.1, SERVER8CRYH4BR_JWTPROXY_PORT_4401_TCP_ADDR=172.30.209.168, KUBERNETES_PORT_443_TCP_PROTO=tcp, MAVEN_PROJECTBASEDIR=/projects/cif01, CHE_MACHINE_AUTH_SIGNATURE__PUBLIC__KEY=MIIBIjANBgkqhkiG9w0BAQEFAAOCAQ8AMIIBCgKCAQEAqdeOCzzbkxeHILtqgG9ofgCBRNjm5juwUzKTFw0p4hlI6RUzgIr6HWBcMT/Q29W4EtAU8znvxOK7DcJ3pM6XowxqbtJIsNS/XCp+Yeq+iIM0reMoWz4ND+KrmLcsTkqSpyjWehYOmLK6hxG0/e02poGCg3uIbdQjUepeG8GWweuDiy4ym9Gi75f0JVzFy0wXPI5NzC188rQfsFX1SOCaY8LYZxZe33VZ2g04dZPai58lIbo0q8/D5288fw2Qzrg0yyAnOOYUr3TZvA21DzOz1+nd8kagjEcG9VlLsiVEH58qAgTu41ZdX8AAcEK84ECUY5yRKpxCMEHtz8wGdWkR7wIDAQAB, SERVERF0ZSKQO6_THEIA_IDET6M_SERVICE_PORT_SERVER_13131=13131, SERVERF0ZSKQO6_THEIA_IDET6M_SERVICE_PORT_SERVER_13133=13133, SERVERF0ZSKQO6_THEIA_IDET6M_SERVICE_PORT_SERVER_13132=13132, KUBERNETES_PORT_53_TCP_PORT=53, SERVERZ4PWWHFC_CHE_MACHINE_EXECOGK_SERVICE_PORT=4444, CHE_WORKSPACE_NAMESPACE=jaehong.kim@goodmit.co.kr, SERVERF0ZSKQO6_THEIA_IDET6M_PORT_3130_TCP=tcp://172.30.118.64:3130, SERVERF0ZSKQO6_THEIA_IDET6M_PORT_3100_TCP_PORT=3100, KUBERNETES_SERVICE_PORT_DNS_TCP=53, SERVERF0ZSKQO6_THEIA_IDET6M_PORT_3130_TCP_PORT=3130, SERVERZ4PWWHFC_CHE_MACHINE_EXECOGK_PORT_4444_TCP_PORT=4444, JAVA_OPTS=-XX:MaxRAMPercentage=50 -XX:+UseParallelGC -XX:MinHeapFreeRatio=10 -XX:MaxHeapFreeRatio=20 -XX:GCTimeRatio=4 -XX:AdaptiveSizePolicyWeight=90 -Dsun.zip.disableMemoryMapping=true -Xms20m -Djava.security.egd=file:/dev/./urandom, CHE_PROJECTS_ROOT=/projects, SERVER8CRYH4BR_JWTPROXY_PORT_4400_TCP_ADDR=172.30.209.168, SERVERF0ZSKQO6_THEIA_IDET6M_PORT_13131_TCP=tcp://172.30.118.64:13131, CHE_WORKSPACE_NAME=wksp-psjy, CHE_OSO_TRUST_CERTS=true, MAVEN_HOME=/usr/share/maven, SERVERF0ZSKQO6_THEIA_IDET6M_PORT_13133_TCP=tcp://172.30.118.64:13133, CHE_MACHINE_AUTH_SIGNATURE__ALGORITHM=RSA, KUBERNETES_PORT_53_UDP_PORT=53, CHE_API_EXTERNAL=https://che.openshift.io/api, KUBERNETES_PORT_443_TCP=tcp://172.30.0.1:443, CHE_OSO_CLUSTER=https://api.starter-us-east-1a.openshift.com/, OLDPWD=/projects/cif01, SERVERF0ZSKQO6_THEIA_IDET6M_PORT_13133_TCP_ADDR=172.30.118.64, CHE_API=https://che.openshift.io/api, CHE_MACHINE_NAME=maven, SERVERF0ZSKQO6_THEIA_IDET6M_PORT_13132_TCP_ADDR=172.30.118.64, KUBERNETES_PORT_53_TCP=tcp://172.30.0.1:53, KUBERNETES_PORT_53_TCP_PROTO=tcp, SERVERZ4PWWHFC_CHE_MACHINE_EXECOGK_PORT_4444_TCP_ADDR=172.30.75.233, SERVER8CRYH4BR_JWTPROXY_PORT_4401_TCP=tcp://172.30.209.168:4401, KUBERNETES_SERVICE_HOST=172.30.0.1, LANG=C.UTF-8, MAVEN_OPTS= -XX:MaxRAMPercentage=50 -XX:+UseParallelGC -XX:MinHeapFreeRatio=10 -XX:MaxHeapFreeRatio=20 -XX:GCTimeRatio=4 -XX:AdaptiveSizePolicyWeight=90 -Dsun.zip.disableMemoryMapping=true -Xms20m -Djava.security.egd=file:/dev/./urandom -Duser.home=/home/user, CHE_WORKSPACE_LOGS_ROOT__DIR=/workspace_logs, KUBERNETES_SERVICE_PORT_DNS=53, SERVERF0ZSKQO6_THEIA_IDET6M_PORT_3130_TCP_ADDR=172.30.118.64, MAVEN_CMD_LINE_ARGS=/home/user/.m2 package -DSkipTests, KUBERNETES_PORT_53_UDP=udp://172.30.0.1:53, SERVERZ4PWWHFC_CHE_MACHINE_EXECOGK_PORT_4444_TCP=tcp://172.30.75.233:4444, SERVERF0ZSKQO6_THEIA_IDET6M_PORT_13133_TCP_PROTO=tcp, SERVER8CRYH4BR_JWTPROXY_PORT=tcp://172.30.209.168:4400, MAVEN_CONFIG=/home/user/.m2, CHE_OSO_USER_TOKEN=ttvyJJo3EWhhQn-f0C9lRBOaOXFM4-UqwbfsRvgmMks, KUBERNETES_PORT_53_TCP_ADDR=172.30.0.1, KUBERNETES_SERVICE_PORT=443, SERVERF0ZSKQO6_THEIA_IDET6M_PORT_3100_TCP_ADDR=172.30.118.64, SERVERF0ZSKQO6_THEIA_IDET6M_PORT_13131_TCP_PORT=13131, SERVER8CRYH4BR_JWTPROXY_SERVICE_HOST=172.30.209.168, HOSTNAME=workspacetuynwk92c6welygj.maven-7dfbf9f949-d9ngw, CHE_WORKSPACE_ID=workspacetuynwk92c6welygj, KUBERNETES_PORT_443_TCP_PORT=443, HOME=/home/user}}]
05:00:32.753 [main] DEBUG org.springframework.test.context.support.TestPropertySourceUtils - Adding inlined properties to environment: {spring.jmx.enabled=false, org.springframework.boot.test.autoconfigure.web.servlet.WebMvcTestContextBootstrapper=true, server.port=-1}
05:00:32.754 [main] DEBUG org.springframework.core.env.StandardEnvironment - Adding PropertySource 'Inlined Test Properties' with highest search precedence
2019-12-27 05:00:34.828  INFO 375 --- [           main] s.c.a.AnnotationConfigApplicationContext : Refreshing org.springframework.context.annotation.AnnotationConfigApplicationContext@19f9d595: startup date [Fri Dec 27 05:00:34 UTC 2019]; root of context hierarchy
2019-12-27 05:00:35.426  INFO 375 --- [           main] trationDelegate$BeanPostProcessorChecker : Bean 'configurationPropertiesRebinderAutoConfiguration' of type [org.springframework.cloud.autoconfigure.ConfigurationPropertiesRebinderAutoConfiguration$$EnhancerBySpringCGLIB$$4831e84d] is not eligible for getting processed by all BeanPostProcessors (for example: not eligible for auto-proxying)

  .   ____          _            __ _ _
 /\\ / ___'_ __ _ _(_)_ __  __ _ \ \ \ \
( ( )\___ | '_ | '_| | '_ \/ _` | \ \ \ \
 \\/  ___)| |_)| | | | | || (_| |  ) ) ) )
  '  |____| .__|_| |_|_| |_\__, | / / / /
 =========|_|==============|___/=/_/_/_/
 :: Spring Boot ::        (v2.0.5.RELEASE)

2019-12-27 05:00:36.137  INFO 375 --- [           main] c.d.a.w.controller.UserControllerTests   : No active profile set, falling back to default profiles: default
2019-12-27 05:00:36.205  INFO 375 --- [           main] o.s.w.c.s.GenericWebApplicationContext   : Refreshing org.springframework.web.context.support.GenericWebApplicationContext@30a7c98f: startup date [Fri Dec 27 05:00:36 UTC 2019]; parent: org.springframework.context.annotation.AnnotationConfigApplicationContext@19f9d595
2019-12-27 05:00:37.845 ERROR 375 --- [           main] o.s.boot.SpringApplication               : Application run failed

org.mockito.exceptions.base.MockitoException: 
Mockito cannot mock this class: class com.daishin.api.service.UserService.

Mockito can only mock non-private & non-final classes.
If you're not sure why you're getting this error, please report to the mailing list.


Java               : 11
JVM vendor name    : Oracle Corporation
JVM vendor version : 11.0.3+1-Debian-1bpo91
JVM name           : OpenJDK 64-Bit Server VM
JVM version        : 11.0.3+1-Debian-1bpo91
JVM info           : mixed mode, sharing
OS name            : Linux
OS version         : 3.10.0-957.21.3.el7.x86_64


Underlying exception : java.lang.UnsupportedOperationException: Cannot define class using reflection
	at org.springframework.boot.test.mock.mockito.MockDefinition.createMock(MockDefinition.java:157)
	at org.springframework.boot.test.mock.mockito.MockitoPostProcessor.createMock(MockitoPostProcessor.java:222)
	at org.springframework.boot.test.mock.mockito.MockitoPostProcessor.registerMock(MockitoPostProcessor.java:192)
	at org.springframework.boot.test.mock.mockito.MockitoPostProcessor.register(MockitoPostProcessor.java:174)
	at org.springframework.boot.test.mock.mockito.MockitoPostProcessor.postProcessBeanFactory(MockitoPostProcessor.java:144)
	at org.springframework.boot.test.mock.mockito.MockitoPostProcessor.postProcessBeanFactory(MockitoPostProcessor.java:131)
	at org.springframework.context.support.PostProcessorRegistrationDelegate.invokeBeanFactoryPostProcessors(PostProcessorRegistrationDelegate.java:282)
	at org.springframework.context.support.PostProcessorRegistrationDelegate.invokeBeanFactoryPostProcessors(PostProcessorRegistrationDelegate.java:170)
	at org.springframework.context.support.AbstractApplicationContext.invokeBeanFactoryPostProcessors(AbstractApplicationContext.java:694)
	at org.springframework.context.support.AbstractApplicationContext.refresh(AbstractApplicationContext.java:532)
	at org.springframework.boot.SpringApplication.refresh(SpringApplication.java:780)
	at org.springframework.boot.SpringApplication.refreshContext(SpringApplication.java:412)
	at org.springframework.boot.SpringApplication.run(SpringApplication.java:333)
	at org.springframework.boot.test.context.SpringBootContextLoader.loadContext(SpringBootContextLoader.java:139)
	at org.springframework.test.context.cache.DefaultCacheAwareContextLoaderDelegate.loadContextInternal(DefaultCacheAwareContextLoaderDelegate.java:99)
	at org.springframework.test.context.cache.DefaultCacheAwareContextLoaderDelegate.loadContext(DefaultCacheAwareContextLoaderDelegate.java:117)
	at org.springframework.test.context.support.DefaultTestContext.getApplicationContext(DefaultTestContext.java:108)
	at org.springframework.boot.test.mock.mockito.MockitoTestExecutionListener.postProcessFields(MockitoTestExecutionListener.java:99)
	at org.springframework.boot.test.mock.mockito.MockitoTestExecutionListener.injectFields(MockitoTestExecutionListener.java:79)
	at org.springframework.boot.test.mock.mockito.MockitoTestExecutionListener.prepareTestInstance(MockitoTestExecutionListener.java:54)
	at org.springframework.test.context.TestContextManager.prepareTestInstance(TestContextManager.java:246)
	at org.springframework.test.context.junit4.SpringJUnit4ClassRunner.createTest(SpringJUnit4ClassRunner.java:227)
	at org.springframework.test.context.junit4.SpringJUnit4ClassRunner$1.runReflectiveCall(SpringJUnit4ClassRunner.java:289)
	at org.junit.internal.runners.model.ReflectiveCallable.run(ReflectiveCallable.java:12)
	at org.springframework.test.context.junit4.SpringJUnit4ClassRunner.methodBlock(SpringJUnit4ClassRunner.java:291)
	at org.springframework.test.context.junit4.SpringJUnit4ClassRunner.runChild(SpringJUnit4ClassRunner.java:246)
	at org.springframework.test.context.junit4.SpringJUnit4ClassRunner.runChild(SpringJUnit4ClassRunner.java:97)
	at org.junit.runners.ParentRunner$3.run(ParentRunner.java:290)
	at org.junit.runners.ParentRunner$1.schedule(ParentRunner.java:71)
	at org.junit.runners.ParentRunner.runChildren(ParentRunner.java:288)
	at org.junit.runners.ParentRunner.access$000(ParentRunner.java:58)
	at org.junit.runners.ParentRunner$2.evaluate(ParentRunner.java:268)
	at org.springframework.test.context.junit4.statements.RunBeforeTestClassCallbacks.evaluate(RunBeforeTestClassCallbacks.java:61)
	at org.springframework.test.context.junit4.statements.RunAfterTestClassCallbacks.evaluate(RunAfterTestClassCallbacks.java:70)
	at org.junit.runners.ParentRunner.run(ParentRunner.java:363)
	at org.springframework.test.context.junit4.SpringJUnit4ClassRunner.run(SpringJUnit4ClassRunner.java:190)
	at org.apache.maven.surefire.junit4.JUnit4Provider.execute(JUnit4Provider.java:365)
	at org.apache.maven.surefire.junit4.JUnit4Provider.executeWithRerun(JUnit4Provider.java:273)
	at org.apache.maven.surefire.junit4.JUnit4Provider.executeTestSet(JUnit4Provider.java:238)
	at org.apache.maven.surefire.junit4.JUnit4Provider.invoke(JUnit4Provider.java:159)
	at org.apache.maven.surefire.booter.ForkedBooter.invokeProviderInSameClassLoader(ForkedBooter.java:379)
	at org.apache.maven.surefire.booter.ForkedBooter.runSuitesInProcess(ForkedBooter.java:340)
	at org.apache.maven.surefire.booter.ForkedBooter.execute(ForkedBooter.java:125)
	at org.apache.maven.surefire.booter.ForkedBooter.main(ForkedBooter.java:413)
Caused by: java.lang.UnsupportedOperationException: Cannot define class using reflection
	at net.bytebuddy.dynamic.loading.ClassInjector$UsingReflection$Dispatcher$Unavailable.defineClass(ClassInjector.java:821)
	at net.bytebuddy.dynamic.loading.ClassInjector$UsingReflection.inject(ClassInjector.java:185)
	at net.bytebuddy.dynamic.loading.ClassLoadingStrategy$Default$InjectionDispatcher.load(ClassLoadingStrategy.java:187)
	at net.bytebuddy.dynamic.TypeResolutionStrategy$Passive.initialize(TypeResolutionStrategy.java:79)
	at net.bytebuddy.dynamic.DynamicType$Default$Unloaded.load(DynamicType.java:4457)
	at org.mockito.internal.creation.bytebuddy.SubclassBytecodeGenerator.mockClass(SubclassBytecodeGenerator.java:121)
	at org.mockito.internal.creation.bytebuddy.TypeCachingBytecodeGenerator$1.call(TypeCachingBytecodeGenerator.java:37)
	at org.mockito.internal.creation.bytebuddy.TypeCachingBytecodeGenerator$1.call(TypeCachingBytecodeGenerator.java:34)
	at net.bytebuddy.TypeCache.findOrInsert(TypeCache.java:138)
	at net.bytebuddy.TypeCache$WithInlineExpunction.findOrInsert(TypeCache.java:346)
	at net.bytebuddy.TypeCache.findOrInsert(TypeCache.java:161)
	at net.bytebuddy.TypeCache$WithInlineExpunction.findOrInsert(TypeCache.java:355)
	at org.mockito.internal.creation.bytebuddy.TypeCachingBytecodeGenerator.mockClass(TypeCachingBytecodeGenerator.java:32)
	at org.mockito.internal.creation.bytebuddy.SubclassByteBuddyMockMaker.createMockType(SubclassByteBuddyMockMaker.java:71)
	at org.mockito.internal.creation.bytebuddy.SubclassByteBuddyMockMaker.createMock(SubclassByteBuddyMockMaker.java:42)
	at org.mockito.internal.creation.bytebuddy.ByteBuddyMockMaker.createMock(ByteBuddyMockMaker.java:25)
	at org.mockito.internal.util.MockUtil.createMock(MockUtil.java:35)
	at org.mockito.internal.MockitoCore.mock(MockitoCore.java:65)
	at org.mockito.Mockito.mock(Mockito.java:1855)
	... 44 common frames omitted
Caused by: java.lang.IllegalStateException: Could not find sun.misc.Unsafe
	at net.bytebuddy.dynamic.loading.ClassInjector$UsingUnsafe$Dispatcher$Disabled.initialize(ClassInjector.java:1366)
	at net.bytebuddy.dynamic.loading.ClassInjector$UsingUnsafe.inject(ClassInjector.java:1202)
	at net.bytebuddy.dynamic.loading.ClassLoadingStrategy$ForUnsafeInjection.load(ClassLoadingStrategy.java:458)
	at net.bytebuddy.dynamic.TypeResolutionStrategy$Passive.initialize(TypeResolutionStrategy.java:79)
	at net.bytebuddy.dynamic.DynamicType$Default$Unloaded.load(DynamicType.java:4457)
	at net.bytebuddy.dynamic.loading.ClassInjector$UsingReflection$Dispatcher$Indirect.make(ClassInjector.java:684)
	at net.bytebuddy.dynamic.loading.ClassInjector$UsingReflection$Dispatcher$CreationAction.run(ClassInjector.java:302)
	at net.bytebuddy.dynamic.loading.ClassInjector$UsingReflection$Dispatcher$CreationAction.run(ClassInjector.java:290)
	at java.base/java.security.AccessController.doPrivileged(Native Method)
	at net.bytebuddy.dynamic.loading.ClassInjector$UsingReflection.<clinit>(ClassInjector.java:70)
	at net.bytebuddy.dynamic.loading.ClassLoadingStrategy$Default$InjectionDispatcher.load(ClassLoadingStrategy.java:184)
	... 60 common frames omitted
Caused by: java.lang.NoSuchMethodException: sun.misc.Unsafe.defineClass(java.lang.String, [B, int, int, java.lang.ClassLoader, java.security.ProtectionDomain)
	at java.base/java.lang.Class.getMethod(Class.java:2108)
	at net.bytebuddy.dynamic.loading.ClassInjector$UsingUnsafe$Dispatcher$CreationAction.run(ClassInjector.java:1269)
	at net.bytebuddy.dynamic.loading.ClassInjector$UsingUnsafe$Dispatcher$CreationAction.run(ClassInjector.java:1257)
	at java.base/java.security.AccessController.doPrivileged(Native Method)
	at net.bytebuddy.dynamic.loading.ClassInjector$UsingUnsafe.<clinit>(ClassInjector.java:1136)
	... 69 common frames omitted

2019-12-27 05:00:37.847  INFO 375 --- [           main] o.s.w.c.s.GenericWebApplicationContext   : Closing org.springframework.web.context.support.GenericWebApplicationContext@30a7c98f: startup date [Fri Dec 27 05:00:36 UTC 2019]; parent: org.springframework.context.annotation.AnnotationConfigApplicationContext@19f9d595
2019-12-27 05:00:37.848 ERROR 375 --- [           main] o.s.test.context.TestContextManager      : Caught exception while allowing TestExecutionListener [org.springframework.boot.test.mock.mockito.MockitoTestExecutionListener@196a42c3] to prepare test instance [com.daishin.api.web.controller.UserControllerTests@52ea0269]

java.lang.IllegalStateException: Failed to load ApplicationContext
	at org.springframework.test.context.cache.DefaultCacheAwareContextLoaderDelegate.loadContext(DefaultCacheAwareContextLoaderDelegate.java:125)
	at org.springframework.test.context.support.DefaultTestContext.getApplicationContext(DefaultTestContext.java:108)
	at org.springframework.boot.test.mock.mockito.MockitoTestExecutionListener.postProcessFields(MockitoTestExecutionListener.java:99)
	at org.springframework.boot.test.mock.mockito.MockitoTestExecutionListener.injectFields(MockitoTestExecutionListener.java:79)
	at org.springframework.boot.test.mock.mockito.MockitoTestExecutionListener.prepareTestInstance(MockitoTestExecutionListener.java:54)
	at org.springframework.test.context.TestContextManager.prepareTestInstance(TestContextManager.java:246)
	at org.springframework.test.context.junit4.SpringJUnit4ClassRunner.createTest(SpringJUnit4ClassRunner.java:227)
	at org.springframework.test.context.junit4.SpringJUnit4ClassRunner$1.runReflectiveCall(SpringJUnit4ClassRunner.java:289)
	at org.junit.internal.runners.model.ReflectiveCallable.run(ReflectiveCallable.java:12)
	at org.springframework.test.context.junit4.SpringJUnit4ClassRunner.methodBlock(SpringJUnit4ClassRunner.java:291)
	at org.springframework.test.context.junit4.SpringJUnit4ClassRunner.runChild(SpringJUnit4ClassRunner.java:246)
	at org.springframework.test.context.junit4.SpringJUnit4ClassRunner.runChild(SpringJUnit4ClassRunner.java:97)
	at org.junit.runners.ParentRunner$3.run(ParentRunner.java:290)
	at org.junit.runners.ParentRunner$1.schedule(ParentRunner.java:71)
	at org.junit.runners.ParentRunner.runChildren(ParentRunner.java:288)
	at org.junit.runners.ParentRunner.access$000(ParentRunner.java:58)
	at org.junit.runners.ParentRunner$2.evaluate(ParentRunner.java:268)
	at org.springframework.test.context.junit4.statements.RunBeforeTestClassCallbacks.evaluate(RunBeforeTestClassCallbacks.java:61)
	at org.springframework.test.context.junit4.statements.RunAfterTestClassCallbacks.evaluate(RunAfterTestClassCallbacks.java:70)
	at org.junit.runners.ParentRunner.run(ParentRunner.java:363)
	at org.springframework.test.context.junit4.SpringJUnit4ClassRunner.run(SpringJUnit4ClassRunner.java:190)
	at org.apache.maven.surefire.junit4.JUnit4Provider.execute(JUnit4Provider.java:365)
	at org.apache.maven.surefire.junit4.JUnit4Provider.executeWithRerun(JUnit4Provider.java:273)
	at org.apache.maven.surefire.junit4.JUnit4Provider.executeTestSet(JUnit4Provider.java:238)
	at org.apache.maven.surefire.junit4.JUnit4Provider.invoke(JUnit4Provider.java:159)
	at org.apache.maven.surefire.booter.ForkedBooter.invokeProviderInSameClassLoader(ForkedBooter.java:379)
	at org.apache.maven.surefire.booter.ForkedBooter.runSuitesInProcess(ForkedBooter.java:340)
	at org.apache.maven.surefire.booter.ForkedBooter.execute(ForkedBooter.java:125)
	at org.apache.maven.surefire.booter.ForkedBooter.main(ForkedBooter.java:413)
Caused by: org.mockito.exceptions.base.MockitoException: 
Mockito cannot mock this class: class com.daishin.api.service.UserService.

Mockito can only mock non-private & non-final classes.
If you're not sure why you're getting this error, please report to the mailing list.


Java               : 11
JVM vendor name    : Oracle Corporation
JVM vendor version : 11.0.3+1-Debian-1bpo91
JVM name           : OpenJDK 64-Bit Server VM
JVM version        : 11.0.3+1-Debian-1bpo91
JVM info           : mixed mode, sharing
OS name            : Linux
OS version         : 3.10.0-957.21.3.el7.x86_64


Underlying exception : java.lang.UnsupportedOperationException: Cannot define class using reflection
	at org.springframework.boot.test.mock.mockito.MockDefinition.createMock(MockDefinition.java:157)
	at org.springframework.boot.test.mock.mockito.MockitoPostProcessor.createMock(MockitoPostProcessor.java:222)
	at org.springframework.boot.test.mock.mockito.MockitoPostProcessor.registerMock(MockitoPostProcessor.java:192)
	at org.springframework.boot.test.mock.mockito.MockitoPostProcessor.register(MockitoPostProcessor.java:174)
	at org.springframework.boot.test.mock.mockito.MockitoPostProcessor.postProcessBeanFactory(MockitoPostProcessor.java:144)
	at org.springframework.boot.test.mock.mockito.MockitoPostProcessor.postProcessBeanFactory(MockitoPostProcessor.java:131)
	at org.springframework.context.support.PostProcessorRegistrationDelegate.invokeBeanFactoryPostProcessors(PostProcessorRegistrationDelegate.java:282)
	at org.springframework.context.support.PostProcessorRegistrationDelegate.invokeBeanFactoryPostProcessors(PostProcessorRegistrationDelegate.java:170)
	at org.springframework.context.support.AbstractApplicationContext.invokeBeanFactoryPostProcessors(AbstractApplicationContext.java:694)
	at org.springframework.context.support.AbstractApplicationContext.refresh(AbstractApplicationContext.java:532)
	at org.springframework.boot.SpringApplication.refresh(SpringApplication.java:780)
	at org.springframework.boot.SpringApplication.refreshContext(SpringApplication.java:412)
	at org.springframework.boot.SpringApplication.run(SpringApplication.java:333)
	at org.springframework.boot.test.context.SpringBootContextLoader.loadContext(SpringBootContextLoader.java:139)
	at org.springframework.test.context.cache.DefaultCacheAwareContextLoaderDelegate.loadContextInternal(DefaultCacheAwareContextLoaderDelegate.java:99)
	at org.springframework.test.context.cache.DefaultCacheAwareContextLoaderDelegate.loadContext(DefaultCacheAwareContextLoaderDelegate.java:117)
	... 28 common frames omitted
Caused by: java.lang.UnsupportedOperationException: Cannot define class using reflection
	at net.bytebuddy.dynamic.loading.ClassInjector$UsingReflection$Dispatcher$Unavailable.defineClass(ClassInjector.java:821)
	at net.bytebuddy.dynamic.loading.ClassInjector$UsingReflection.inject(ClassInjector.java:185)
	at net.bytebuddy.dynamic.loading.ClassLoadingStrategy$Default$InjectionDispatcher.load(ClassLoadingStrategy.java:187)
	at net.bytebuddy.dynamic.TypeResolutionStrategy$Passive.initialize(TypeResolutionStrategy.java:79)
	at net.bytebuddy.dynamic.DynamicType$Default$Unloaded.load(DynamicType.java:4457)
	at org.mockito.internal.creation.bytebuddy.SubclassBytecodeGenerator.mockClass(SubclassBytecodeGenerator.java:121)
	at org.mockito.internal.creation.bytebuddy.TypeCachingBytecodeGenerator$1.call(TypeCachingBytecodeGenerator.java:37)
	at org.mockito.internal.creation.bytebuddy.TypeCachingBytecodeGenerator$1.call(TypeCachingBytecodeGenerator.java:34)
	at net.bytebuddy.TypeCache.findOrInsert(TypeCache.java:138)
	at net.bytebuddy.TypeCache$WithInlineExpunction.findOrInsert(TypeCache.java:346)
	at net.bytebuddy.TypeCache.findOrInsert(TypeCache.java:161)
	at net.bytebuddy.TypeCache$WithInlineExpunction.findOrInsert(TypeCache.java:355)
	at org.mockito.internal.creation.bytebuddy.TypeCachingBytecodeGenerator.mockClass(TypeCachingBytecodeGenerator.java:32)
	at org.mockito.internal.creation.bytebuddy.SubclassByteBuddyMockMaker.createMockType(SubclassByteBuddyMockMaker.java:71)
	at org.mockito.internal.creation.bytebuddy.SubclassByteBuddyMockMaker.createMock(SubclassByteBuddyMockMaker.java:42)
	at org.mockito.internal.creation.bytebuddy.ByteBuddyMockMaker.createMock(ByteBuddyMockMaker.java:25)
	at org.mockito.internal.util.MockUtil.createMock(MockUtil.java:35)
	at org.mockito.internal.MockitoCore.mock(MockitoCore.java:65)
	at org.mockito.Mockito.mock(Mockito.java:1855)
	... 44 common frames omitted
Caused by: java.lang.IllegalStateException: Could not find sun.misc.Unsafe
	at net.bytebuddy.dynamic.loading.ClassInjector$UsingUnsafe$Dispatcher$Disabled.initialize(ClassInjector.java:1366)
	at net.bytebuddy.dynamic.loading.ClassInjector$UsingUnsafe.inject(ClassInjector.java:1202)
	at net.bytebuddy.dynamic.loading.ClassLoadingStrategy$ForUnsafeInjection.load(ClassLoadingStrategy.java:458)
	at net.bytebuddy.dynamic.TypeResolutionStrategy$Passive.initialize(TypeResolutionStrategy.java:79)
	at net.bytebuddy.dynamic.DynamicType$Default$Unloaded.load(DynamicType.java:4457)
	at net.bytebuddy.dynamic.loading.ClassInjector$UsingReflection$Dispatcher$Indirect.make(ClassInjector.java:684)
	at net.bytebuddy.dynamic.loading.ClassInjector$UsingReflection$Dispatcher$CreationAction.run(ClassInjector.java:302)
	at net.bytebuddy.dynamic.loading.ClassInjector$UsingReflection$Dispatcher$CreationAction.run(ClassInjector.java:290)
	at java.base/java.security.AccessController.doPrivileged(Native Method)
	at net.bytebuddy.dynamic.loading.ClassInjector$UsingReflection.<clinit>(ClassInjector.java:70)
	at net.bytebuddy.dynamic.loading.ClassLoadingStrategy$Default$InjectionDispatcher.load(ClassLoadingStrategy.java:184)
	... 60 common frames omitted
Caused by: java.lang.NoSuchMethodException: sun.misc.Unsafe.defineClass(java.lang.String, [B, int, int, java.lang.ClassLoader, java.security.ProtectionDomain)
	at java.base/java.lang.Class.getMethod(Class.java:2108)
	at net.bytebuddy.dynamic.loading.ClassInjector$UsingUnsafe$Dispatcher$CreationAction.run(ClassInjector.java:1269)
	at net.bytebuddy.dynamic.loading.ClassInjector$UsingUnsafe$Dispatcher$CreationAction.run(ClassInjector.java:1257)
	at java.base/java.security.AccessController.doPrivileged(Native Method)
	at net.bytebuddy.dynamic.loading.ClassInjector$UsingUnsafe.<clinit>(ClassInjector.java:1136)
	... 69 common frames omitted

]]></system-out>
  </testcase>
  <testcase name="should_delete_user" classname="com.daishin.api.web.controller.UserControllerTests" time="0.001">
    <error message="Failed to load ApplicationContext" type="java.lang.IllegalStateException"><![CDATA[java.lang.IllegalStateException: Failed to load ApplicationContext
Caused by: org.mockito.exceptions.base.MockitoException: 

Mockito cannot mock this class: class com.daishin.api.service.UserService.

Mockito can only mock non-private & non-final classes.
If you're not sure why you're getting this error, please report to the mailing list.


Java               : 11
JVM vendor name    : Oracle Corporation
JVM vendor version : 11.0.3+1-Debian-1bpo91
JVM name           : OpenJDK 64-Bit Server VM
JVM version        : 11.0.3+1-Debian-1bpo91
JVM info           : mixed mode, sharing
OS name            : Linux
OS version         : 3.10.0-957.21.3.el7.x86_64


Underlying exception : java.lang.UnsupportedOperationException: Cannot define class using reflection
Caused by: java.lang.UnsupportedOperationException: Cannot define class using reflection
Caused by: java.lang.IllegalStateException: Could not find sun.misc.Unsafe
Caused by: java.lang.NoSuchMethodException: sun.misc.Unsafe.defineClass(java.lang.String, [B, int, int, java.lang.ClassLoader, java.security.ProtectionDomain)
]]></error>
    <system-out><![CDATA[2019-12-27 05:00:38.116  INFO 375 --- [           main] s.c.a.AnnotationConfigApplicationContext : Refreshing org.springframework.context.annotation.AnnotationConfigApplicationContext@1946384: startup date [Fri Dec 27 05:00:38 UTC 2019]; root of context hierarchy
2019-12-27 05:00:38.216  INFO 375 --- [           main] trationDelegate$BeanPostProcessorChecker : Bean 'configurationPropertiesRebinderAutoConfiguration' of type [org.springframework.cloud.autoconfigure.ConfigurationPropertiesRebinderAutoConfiguration$$EnhancerBySpringCGLIB$$4831e84d] is not eligible for getting processed by all BeanPostProcessors (for example: not eligible for auto-proxying)

  .   ____          _            __ _ _
 /\\ / ___'_ __ _ _(_)_ __  __ _ \ \ \ \
( ( )\___ | '_ | '_| | '_ \/ _` | \ \ \ \
 \\/  ___)| |_)| | | | | || (_| |  ) ) ) )
  '  |____| .__|_| |_|_| |_\__, | / / / /
 =========|_|==============|___/=/_/_/_/
 :: Spring Boot ::        (v2.0.5.RELEASE)

2019-12-27 05:00:38.412  INFO 375 --- [           main] c.d.a.w.controller.UserControllerTests   : No active profile set, falling back to default profiles: default
2019-12-27 05:00:38.414  INFO 375 --- [           main] o.s.w.c.s.GenericWebApplicationContext   : Refreshing org.springframework.web.context.support.GenericWebApplicationContext@6a15b73: startup date [Fri Dec 27 05:00:38 UTC 2019]; parent: org.springframework.context.annotation.AnnotationConfigApplicationContext@1946384
2019-12-27 05:00:38.835 ERROR 375 --- [           main] o.s.boot.SpringApplication               : Application run failed

org.mockito.exceptions.base.MockitoException: 
Mockito cannot mock this class: class com.daishin.api.service.UserService.

Mockito can only mock non-private & non-final classes.
If you're not sure why you're getting this error, please report to the mailing list.


Java               : 11
JVM vendor name    : Oracle Corporation
JVM vendor version : 11.0.3+1-Debian-1bpo91
JVM name           : OpenJDK 64-Bit Server VM
JVM version        : 11.0.3+1-Debian-1bpo91
JVM info           : mixed mode, sharing
OS name            : Linux
OS version         : 3.10.0-957.21.3.el7.x86_64


Underlying exception : java.lang.UnsupportedOperationException: Cannot define class using reflection
	at org.springframework.boot.test.mock.mockito.MockDefinition.createMock(MockDefinition.java:157)
	at org.springframework.boot.test.mock.mockito.MockitoPostProcessor.createMock(MockitoPostProcessor.java:222)
	at org.springframework.boot.test.mock.mockito.MockitoPostProcessor.registerMock(MockitoPostProcessor.java:192)
	at org.springframework.boot.test.mock.mockito.MockitoPostProcessor.register(MockitoPostProcessor.java:174)
	at org.springframework.boot.test.mock.mockito.MockitoPostProcessor.postProcessBeanFactory(MockitoPostProcessor.java:144)
	at org.springframework.boot.test.mock.mockito.MockitoPostProcessor.postProcessBeanFactory(MockitoPostProcessor.java:131)
	at org.springframework.context.support.PostProcessorRegistrationDelegate.invokeBeanFactoryPostProcessors(PostProcessorRegistrationDelegate.java:282)
	at org.springframework.context.support.PostProcessorRegistrationDelegate.invokeBeanFactoryPostProcessors(PostProcessorRegistrationDelegate.java:170)
	at org.springframework.context.support.AbstractApplicationContext.invokeBeanFactoryPostProcessors(AbstractApplicationContext.java:694)
	at org.springframework.context.support.AbstractApplicationContext.refresh(AbstractApplicationContext.java:532)
	at org.springframework.boot.SpringApplication.refresh(SpringApplication.java:780)
	at org.springframework.boot.SpringApplication.refreshContext(SpringApplication.java:412)
	at org.springframework.boot.SpringApplication.run(SpringApplication.java:333)
	at org.springframework.boot.test.context.SpringBootContextLoader.loadContext(SpringBootContextLoader.java:139)
	at org.springframework.test.context.cache.DefaultCacheAwareContextLoaderDelegate.loadContextInternal(DefaultCacheAwareContextLoaderDelegate.java:99)
	at org.springframework.test.context.cache.DefaultCacheAwareContextLoaderDelegate.loadContext(DefaultCacheAwareContextLoaderDelegate.java:117)
	at org.springframework.test.context.support.DefaultTestContext.getApplicationContext(DefaultTestContext.java:108)
	at org.springframework.boot.test.mock.mockito.MockitoTestExecutionListener.postProcessFields(MockitoTestExecutionListener.java:99)
	at org.springframework.boot.test.mock.mockito.MockitoTestExecutionListener.injectFields(MockitoTestExecutionListener.java:79)
	at org.springframework.boot.test.mock.mockito.MockitoTestExecutionListener.prepareTestInstance(MockitoTestExecutionListener.java:54)
	at org.springframework.test.context.TestContextManager.prepareTestInstance(TestContextManager.java:246)
	at org.springframework.test.context.junit4.SpringJUnit4ClassRunner.createTest(SpringJUnit4ClassRunner.java:227)
	at org.springframework.test.context.junit4.SpringJUnit4ClassRunner$1.runReflectiveCall(SpringJUnit4ClassRunner.java:289)
	at org.junit.internal.runners.model.ReflectiveCallable.run(ReflectiveCallable.java:12)
	at org.springframework.test.context.junit4.SpringJUnit4ClassRunner.methodBlock(SpringJUnit4ClassRunner.java:291)
	at org.springframework.test.context.junit4.SpringJUnit4ClassRunner.runChild(SpringJUnit4ClassRunner.java:246)
	at org.springframework.test.context.junit4.SpringJUnit4ClassRunner.runChild(SpringJUnit4ClassRunner.java:97)
	at org.junit.runners.ParentRunner$3.run(ParentRunner.java:290)
	at org.junit.runners.ParentRunner$1.schedule(ParentRunner.java:71)
	at org.junit.runners.ParentRunner.runChildren(ParentRunner.java:288)
	at org.junit.runners.ParentRunner.access$000(ParentRunner.java:58)
	at org.junit.runners.ParentRunner$2.evaluate(ParentRunner.java:268)
	at org.springframework.test.context.junit4.statements.RunBeforeTestClassCallbacks.evaluate(RunBeforeTestClassCallbacks.java:61)
	at org.springframework.test.context.junit4.statements.RunAfterTestClassCallbacks.evaluate(RunAfterTestClassCallbacks.java:70)
	at org.junit.runners.ParentRunner.run(ParentRunner.java:363)
	at org.springframework.test.context.junit4.SpringJUnit4ClassRunner.run(SpringJUnit4ClassRunner.java:190)
	at org.apache.maven.surefire.junit4.JUnit4Provider.execute(JUnit4Provider.java:365)
	at org.apache.maven.surefire.junit4.JUnit4Provider.executeWithRerun(JUnit4Provider.java:273)
	at org.apache.maven.surefire.junit4.JUnit4Provider.executeTestSet(JUnit4Provider.java:238)
	at org.apache.maven.surefire.junit4.JUnit4Provider.invoke(JUnit4Provider.java:159)
	at org.apache.maven.surefire.booter.ForkedBooter.invokeProviderInSameClassLoader(ForkedBooter.java:379)
	at org.apache.maven.surefire.booter.ForkedBooter.runSuitesInProcess(ForkedBooter.java:340)
	at org.apache.maven.surefire.booter.ForkedBooter.execute(ForkedBooter.java:125)
	at org.apache.maven.surefire.booter.ForkedBooter.main(ForkedBooter.java:413)
Caused by: java.lang.UnsupportedOperationException: Cannot define class using reflection
	at net.bytebuddy.dynamic.loading.ClassInjector$UsingReflection$Dispatcher$Unavailable.defineClass(ClassInjector.java:821)
	at net.bytebuddy.dynamic.loading.ClassInjector$UsingReflection.inject(ClassInjector.java:185)
	at net.bytebuddy.dynamic.loading.ClassLoadingStrategy$Default$InjectionDispatcher.load(ClassLoadingStrategy.java:187)
	at net.bytebuddy.dynamic.TypeResolutionStrategy$Passive.initialize(TypeResolutionStrategy.java:79)
	at net.bytebuddy.dynamic.DynamicType$Default$Unloaded.load(DynamicType.java:4457)
	at org.mockito.internal.creation.bytebuddy.SubclassBytecodeGenerator.mockClass(SubclassBytecodeGenerator.java:121)
	at org.mockito.internal.creation.bytebuddy.TypeCachingBytecodeGenerator$1.call(TypeCachingBytecodeGenerator.java:37)
	at org.mockito.internal.creation.bytebuddy.TypeCachingBytecodeGenerator$1.call(TypeCachingBytecodeGenerator.java:34)
	at net.bytebuddy.TypeCache.findOrInsert(TypeCache.java:138)
	at net.bytebuddy.TypeCache$WithInlineExpunction.findOrInsert(TypeCache.java:346)
	at net.bytebuddy.TypeCache.findOrInsert(TypeCache.java:161)
	at net.bytebuddy.TypeCache$WithInlineExpunction.findOrInsert(TypeCache.java:355)
	at org.mockito.internal.creation.bytebuddy.TypeCachingBytecodeGenerator.mockClass(TypeCachingBytecodeGenerator.java:32)
	at org.mockito.internal.creation.bytebuddy.SubclassByteBuddyMockMaker.createMockType(SubclassByteBuddyMockMaker.java:71)
	at org.mockito.internal.creation.bytebuddy.SubclassByteBuddyMockMaker.createMock(SubclassByteBuddyMockMaker.java:42)
	at org.mockito.internal.creation.bytebuddy.ByteBuddyMockMaker.createMock(ByteBuddyMockMaker.java:25)
	at org.mockito.internal.util.MockUtil.createMock(MockUtil.java:35)
	at org.mockito.internal.MockitoCore.mock(MockitoCore.java:65)
	at org.mockito.Mockito.mock(Mockito.java:1855)
	... 44 common frames omitted
Caused by: java.lang.IllegalStateException: Could not find sun.misc.Unsafe
	at net.bytebuddy.dynamic.loading.ClassInjector$UsingUnsafe$Dispatcher$Disabled.initialize(ClassInjector.java:1366)
	at net.bytebuddy.dynamic.loading.ClassInjector$UsingUnsafe.inject(ClassInjector.java:1202)
	at net.bytebuddy.dynamic.loading.ClassLoadingStrategy$ForUnsafeInjection.load(ClassLoadingStrategy.java:458)
	at net.bytebuddy.dynamic.TypeResolutionStrategy$Passive.initialize(TypeResolutionStrategy.java:79)
	at net.bytebuddy.dynamic.DynamicType$Default$Unloaded.load(DynamicType.java:4457)
	at net.bytebuddy.dynamic.loading.ClassInjector$UsingReflection$Dispatcher$Indirect.make(ClassInjector.java:684)
	at net.bytebuddy.dynamic.loading.ClassInjector$UsingReflection$Dispatcher$CreationAction.run(ClassInjector.java:302)
	at net.bytebuddy.dynamic.loading.ClassInjector$UsingReflection$Dispatcher$CreationAction.run(ClassInjector.java:290)
	at java.base/java.security.AccessController.doPrivileged(Native Method)
	at net.bytebuddy.dynamic.loading.ClassInjector$UsingReflection.<clinit>(ClassInjector.java:70)
	at net.bytebuddy.dynamic.loading.ClassLoadingStrategy$Default$InjectionDispatcher.load(ClassLoadingStrategy.java:184)
	... 60 common frames omitted
Caused by: java.lang.NoSuchMethodException: sun.misc.Unsafe.defineClass(java.lang.String, [B, int, int, java.lang.ClassLoader, java.security.ProtectionDomain)
	at java.base/java.lang.Class.getMethod(Class.java:2108)
	at net.bytebuddy.dynamic.loading.ClassInjector$UsingUnsafe$Dispatcher$CreationAction.run(ClassInjector.java:1269)
	at net.bytebuddy.dynamic.loading.ClassInjector$UsingUnsafe$Dispatcher$CreationAction.run(ClassInjector.java:1257)
	at java.base/java.security.AccessController.doPrivileged(Native Method)
	at net.bytebuddy.dynamic.loading.ClassInjector$UsingUnsafe.<clinit>(ClassInjector.java:1136)
	... 69 common frames omitted

2019-12-27 05:00:38.836  INFO 375 --- [           main] o.s.w.c.s.GenericWebApplicationContext   : Closing org.springframework.web.context.support.GenericWebApplicationContext@6a15b73: startup date [Fri Dec 27 05:00:38 UTC 2019]; parent: org.springframework.context.annotation.AnnotationConfigApplicationContext@1946384
2019-12-27 05:00:38.837 ERROR 375 --- [           main] o.s.test.context.TestContextManager      : Caught exception while allowing TestExecutionListener [org.springframework.boot.test.mock.mockito.MockitoTestExecutionListener@196a42c3] to prepare test instance [com.daishin.api.web.controller.UserControllerTests@4e80a001]

java.lang.IllegalStateException: Failed to load ApplicationContext
	at org.springframework.test.context.cache.DefaultCacheAwareContextLoaderDelegate.loadContext(DefaultCacheAwareContextLoaderDelegate.java:125)
	at org.springframework.test.context.support.DefaultTestContext.getApplicationContext(DefaultTestContext.java:108)
	at org.springframework.boot.test.mock.mockito.MockitoTestExecutionListener.postProcessFields(MockitoTestExecutionListener.java:99)
	at org.springframework.boot.test.mock.mockito.MockitoTestExecutionListener.injectFields(MockitoTestExecutionListener.java:79)
	at org.springframework.boot.test.mock.mockito.MockitoTestExecutionListener.prepareTestInstance(MockitoTestExecutionListener.java:54)
	at org.springframework.test.context.TestContextManager.prepareTestInstance(TestContextManager.java:246)
	at org.springframework.test.context.junit4.SpringJUnit4ClassRunner.createTest(SpringJUnit4ClassRunner.java:227)
	at org.springframework.test.context.junit4.SpringJUnit4ClassRunner$1.runReflectiveCall(SpringJUnit4ClassRunner.java:289)
	at org.junit.internal.runners.model.ReflectiveCallable.run(ReflectiveCallable.java:12)
	at org.springframework.test.context.junit4.SpringJUnit4ClassRunner.methodBlock(SpringJUnit4ClassRunner.java:291)
	at org.springframework.test.context.junit4.SpringJUnit4ClassRunner.runChild(SpringJUnit4ClassRunner.java:246)
	at org.springframework.test.context.junit4.SpringJUnit4ClassRunner.runChild(SpringJUnit4ClassRunner.java:97)
	at org.junit.runners.ParentRunner$3.run(ParentRunner.java:290)
	at org.junit.runners.ParentRunner$1.schedule(ParentRunner.java:71)
	at org.junit.runners.ParentRunner.runChildren(ParentRunner.java:288)
	at org.junit.runners.ParentRunner.access$000(ParentRunner.java:58)
	at org.junit.runners.ParentRunner$2.evaluate(ParentRunner.java:268)
	at org.springframework.test.context.junit4.statements.RunBeforeTestClassCallbacks.evaluate(RunBeforeTestClassCallbacks.java:61)
	at org.springframework.test.context.junit4.statements.RunAfterTestClassCallbacks.evaluate(RunAfterTestClassCallbacks.java:70)
	at org.junit.runners.ParentRunner.run(ParentRunner.java:363)
	at org.springframework.test.context.junit4.SpringJUnit4ClassRunner.run(SpringJUnit4ClassRunner.java:190)
	at org.apache.maven.surefire.junit4.JUnit4Provider.execute(JUnit4Provider.java:365)
	at org.apache.maven.surefire.junit4.JUnit4Provider.executeWithRerun(JUnit4Provider.java:273)
	at org.apache.maven.surefire.junit4.JUnit4Provider.executeTestSet(JUnit4Provider.java:238)
	at org.apache.maven.surefire.junit4.JUnit4Provider.invoke(JUnit4Provider.java:159)
	at org.apache.maven.surefire.booter.ForkedBooter.invokeProviderInSameClassLoader(ForkedBooter.java:379)
	at org.apache.maven.surefire.booter.ForkedBooter.runSuitesInProcess(ForkedBooter.java:340)
	at org.apache.maven.surefire.booter.ForkedBooter.execute(ForkedBooter.java:125)
	at org.apache.maven.surefire.booter.ForkedBooter.main(ForkedBooter.java:413)
Caused by: org.mockito.exceptions.base.MockitoException: 
Mockito cannot mock this class: class com.daishin.api.service.UserService.

Mockito can only mock non-private & non-final classes.
If you're not sure why you're getting this error, please report to the mailing list.


Java               : 11
JVM vendor name    : Oracle Corporation
JVM vendor version : 11.0.3+1-Debian-1bpo91
JVM name           : OpenJDK 64-Bit Server VM
JVM version        : 11.0.3+1-Debian-1bpo91
JVM info           : mixed mode, sharing
OS name            : Linux
OS version         : 3.10.0-957.21.3.el7.x86_64


Underlying exception : java.lang.UnsupportedOperationException: Cannot define class using reflection
	at org.springframework.boot.test.mock.mockito.MockDefinition.createMock(MockDefinition.java:157)
	at org.springframework.boot.test.mock.mockito.MockitoPostProcessor.createMock(MockitoPostProcessor.java:222)
	at org.springframework.boot.test.mock.mockito.MockitoPostProcessor.registerMock(MockitoPostProcessor.java:192)
	at org.springframework.boot.test.mock.mockito.MockitoPostProcessor.register(MockitoPostProcessor.java:174)
	at org.springframework.boot.test.mock.mockito.MockitoPostProcessor.postProcessBeanFactory(MockitoPostProcessor.java:144)
	at org.springframework.boot.test.mock.mockito.MockitoPostProcessor.postProcessBeanFactory(MockitoPostProcessor.java:131)
	at org.springframework.context.support.PostProcessorRegistrationDelegate.invokeBeanFactoryPostProcessors(PostProcessorRegistrationDelegate.java:282)
	at org.springframework.context.support.PostProcessorRegistrationDelegate.invokeBeanFactoryPostProcessors(PostProcessorRegistrationDelegate.java:170)
	at org.springframework.context.support.AbstractApplicationContext.invokeBeanFactoryPostProcessors(AbstractApplicationContext.java:694)
	at org.springframework.context.support.AbstractApplicationContext.refresh(AbstractApplicationContext.java:532)
	at org.springframework.boot.SpringApplication.refresh(SpringApplication.java:780)
	at org.springframework.boot.SpringApplication.refreshContext(SpringApplication.java:412)
	at org.springframework.boot.SpringApplication.run(SpringApplication.java:333)
	at org.springframework.boot.test.context.SpringBootContextLoader.loadContext(SpringBootContextLoader.java:139)
	at org.springframework.test.context.cache.DefaultCacheAwareContextLoaderDelegate.loadContextInternal(DefaultCacheAwareContextLoaderDelegate.java:99)
	at org.springframework.test.context.cache.DefaultCacheAwareContextLoaderDelegate.loadContext(DefaultCacheAwareContextLoaderDelegate.java:117)
	... 28 common frames omitted
Caused by: java.lang.UnsupportedOperationException: Cannot define class using reflection
	at net.bytebuddy.dynamic.loading.ClassInjector$UsingReflection$Dispatcher$Unavailable.defineClass(ClassInjector.java:821)
	at net.bytebuddy.dynamic.loading.ClassInjector$UsingReflection.inject(ClassInjector.java:185)
	at net.bytebuddy.dynamic.loading.ClassLoadingStrategy$Default$InjectionDispatcher.load(ClassLoadingStrategy.java:187)
	at net.bytebuddy.dynamic.TypeResolutionStrategy$Passive.initialize(TypeResolutionStrategy.java:79)
	at net.bytebuddy.dynamic.DynamicType$Default$Unloaded.load(DynamicType.java:4457)
	at org.mockito.internal.creation.bytebuddy.SubclassBytecodeGenerator.mockClass(SubclassBytecodeGenerator.java:121)
	at org.mockito.internal.creation.bytebuddy.TypeCachingBytecodeGenerator$1.call(TypeCachingBytecodeGenerator.java:37)
	at org.mockito.internal.creation.bytebuddy.TypeCachingBytecodeGenerator$1.call(TypeCachingBytecodeGenerator.java:34)
	at net.bytebuddy.TypeCache.findOrInsert(TypeCache.java:138)
	at net.bytebuddy.TypeCache$WithInlineExpunction.findOrInsert(TypeCache.java:346)
	at net.bytebuddy.TypeCache.findOrInsert(TypeCache.java:161)
	at net.bytebuddy.TypeCache$WithInlineExpunction.findOrInsert(TypeCache.java:355)
	at org.mockito.internal.creation.bytebuddy.TypeCachingBytecodeGenerator.mockClass(TypeCachingBytecodeGenerator.java:32)
	at org.mockito.internal.creation.bytebuddy.SubclassByteBuddyMockMaker.createMockType(SubclassByteBuddyMockMaker.java:71)
	at org.mockito.internal.creation.bytebuddy.SubclassByteBuddyMockMaker.createMock(SubclassByteBuddyMockMaker.java:42)
	at org.mockito.internal.creation.bytebuddy.ByteBuddyMockMaker.createMock(ByteBuddyMockMaker.java:25)
	at org.mockito.internal.util.MockUtil.createMock(MockUtil.java:35)
	at org.mockito.internal.MockitoCore.mock(MockitoCore.java:65)
	at org.mockito.Mockito.mock(Mockito.java:1855)
	... 44 common frames omitted
Caused by: java.lang.IllegalStateException: Could not find sun.misc.Unsafe
	at net.bytebuddy.dynamic.loading.ClassInjector$UsingUnsafe$Dispatcher$Disabled.initialize(ClassInjector.java:1366)
	at net.bytebuddy.dynamic.loading.ClassInjector$UsingUnsafe.inject(ClassInjector.java:1202)
	at net.bytebuddy.dynamic.loading.ClassLoadingStrategy$ForUnsafeInjection.load(ClassLoadingStrategy.java:458)
	at net.bytebuddy.dynamic.TypeResolutionStrategy$Passive.initialize(TypeResolutionStrategy.java:79)
	at net.bytebuddy.dynamic.DynamicType$Default$Unloaded.load(DynamicType.java:4457)
	at net.bytebuddy.dynamic.loading.ClassInjector$UsingReflection$Dispatcher$Indirect.make(ClassInjector.java:684)
	at net.bytebuddy.dynamic.loading.ClassInjector$UsingReflection$Dispatcher$CreationAction.run(ClassInjector.java:302)
	at net.bytebuddy.dynamic.loading.ClassInjector$UsingReflection$Dispatcher$CreationAction.run(ClassInjector.java:290)
	at java.base/java.security.AccessController.doPrivileged(Native Method)
	at net.bytebuddy.dynamic.loading.ClassInjector$UsingReflection.<clinit>(ClassInjector.java:70)
	at net.bytebuddy.dynamic.loading.ClassLoadingStrategy$Default$InjectionDispatcher.load(ClassLoadingStrategy.java:184)
	... 60 common frames omitted
Caused by: java.lang.NoSuchMethodException: sun.misc.Unsafe.defineClass(java.lang.String, [B, int, int, java.lang.ClassLoader, java.security.ProtectionDomain)
	at java.base/java.lang.Class.getMethod(Class.java:2108)
	at net.bytebuddy.dynamic.loading.ClassInjector$UsingUnsafe$Dispatcher$CreationAction.run(ClassInjector.java:1269)
	at net.bytebuddy.dynamic.loading.ClassInjector$UsingUnsafe$Dispatcher$CreationAction.run(ClassInjector.java:1257)
	at java.base/java.security.AccessController.doPrivileged(Native Method)
	at net.bytebuddy.dynamic.loading.ClassInjector$UsingUnsafe.<clinit>(ClassInjector.java:1136)
	... 69 common frames omitted

]]></system-out>
  </testcase>
  <testcase name="should_update_user" classname="com.daishin.api.web.controller.UserControllerTests" time="0">
    <error message="Failed to load ApplicationContext" type="java.lang.IllegalStateException"><![CDATA[java.lang.IllegalStateException: Failed to load ApplicationContext
Caused by: org.mockito.exceptions.base.MockitoException: 

Mockito cannot mock this class: class com.daishin.api.service.UserService.

Mockito can only mock non-private & non-final classes.
If you're not sure why you're getting this error, please report to the mailing list.


Java               : 11
JVM vendor name    : Oracle Corporation
JVM vendor version : 11.0.3+1-Debian-1bpo91
JVM name           : OpenJDK 64-Bit Server VM
JVM version        : 11.0.3+1-Debian-1bpo91
JVM info           : mixed mode, sharing
OS name            : Linux
OS version         : 3.10.0-957.21.3.el7.x86_64


Underlying exception : java.lang.UnsupportedOperationException: Cannot define class using reflection
Caused by: java.lang.UnsupportedOperationException: Cannot define class using reflection
Caused by: java.lang.IllegalStateException: Could not find sun.misc.Unsafe
Caused by: java.lang.NoSuchMethodException: sun.misc.Unsafe.defineClass(java.lang.String, [B, int, int, java.lang.ClassLoader, java.security.ProtectionDomain)
]]></error>
    <system-out><![CDATA[2019-12-27 05:00:39.020  INFO 375 --- [           main] s.c.a.AnnotationConfigApplicationContext : Refreshing org.springframework.context.annotation.AnnotationConfigApplicationContext@5ac53c06: startup date [Fri Dec 27 05:00:39 UTC 2019]; root of context hierarchy
2019-12-27 05:00:39.125  INFO 375 --- [           main] trationDelegate$BeanPostProcessorChecker : Bean 'configurationPropertiesRebinderAutoConfiguration' of type [org.springframework.cloud.autoconfigure.ConfigurationPropertiesRebinderAutoConfiguration$$EnhancerBySpringCGLIB$$4831e84d] is not eligible for getting processed by all BeanPostProcessors (for example: not eligible for auto-proxying)

  .   ____          _            __ _ _
 /\\ / ___'_ __ _ _(_)_ __  __ _ \ \ \ \
( ( )\___ | '_ | '_| | '_ \/ _` | \ \ \ \
 \\/  ___)| |_)| | | | | || (_| |  ) ) ) )
  '  |____| .__|_| |_|_| |_\__, | / / / /
 =========|_|==============|___/=/_/_/_/
 :: Spring Boot ::        (v2.0.5.RELEASE)

2019-12-27 05:00:39.313  INFO 375 --- [           main] c.d.a.w.controller.UserControllerTests   : No active profile set, falling back to default profiles: default
2019-12-27 05:00:39.316  INFO 375 --- [           main] o.s.w.c.s.GenericWebApplicationContext   : Refreshing org.springframework.web.context.support.GenericWebApplicationContext@22d8f4ed: startup date [Fri Dec 27 05:00:39 UTC 2019]; parent: org.springframework.context.annotation.AnnotationConfigApplicationContext@5ac53c06
2019-12-27 05:00:39.638 ERROR 375 --- [           main] o.s.boot.SpringApplication               : Application run failed

org.mockito.exceptions.base.MockitoException: 
Mockito cannot mock this class: class com.daishin.api.service.UserService.

Mockito can only mock non-private & non-final classes.
If you're not sure why you're getting this error, please report to the mailing list.


Java               : 11
JVM vendor name    : Oracle Corporation
JVM vendor version : 11.0.3+1-Debian-1bpo91
JVM name           : OpenJDK 64-Bit Server VM
JVM version        : 11.0.3+1-Debian-1bpo91
JVM info           : mixed mode, sharing
OS name            : Linux
OS version         : 3.10.0-957.21.3.el7.x86_64


Underlying exception : java.lang.UnsupportedOperationException: Cannot define class using reflection
	at org.springframework.boot.test.mock.mockito.MockDefinition.createMock(MockDefinition.java:157)
	at org.springframework.boot.test.mock.mockito.MockitoPostProcessor.createMock(MockitoPostProcessor.java:222)
	at org.springframework.boot.test.mock.mockito.MockitoPostProcessor.registerMock(MockitoPostProcessor.java:192)
	at org.springframework.boot.test.mock.mockito.MockitoPostProcessor.register(MockitoPostProcessor.java:174)
	at org.springframework.boot.test.mock.mockito.MockitoPostProcessor.postProcessBeanFactory(MockitoPostProcessor.java:144)
	at org.springframework.boot.test.mock.mockito.MockitoPostProcessor.postProcessBeanFactory(MockitoPostProcessor.java:131)
	at org.springframework.context.support.PostProcessorRegistrationDelegate.invokeBeanFactoryPostProcessors(PostProcessorRegistrationDelegate.java:282)
	at org.springframework.context.support.PostProcessorRegistrationDelegate.invokeBeanFactoryPostProcessors(PostProcessorRegistrationDelegate.java:170)
	at org.springframework.context.support.AbstractApplicationContext.invokeBeanFactoryPostProcessors(AbstractApplicationContext.java:694)
	at org.springframework.context.support.AbstractApplicationContext.refresh(AbstractApplicationContext.java:532)
	at org.springframework.boot.SpringApplication.refresh(SpringApplication.java:780)
	at org.springframework.boot.SpringApplication.refreshContext(SpringApplication.java:412)
	at org.springframework.boot.SpringApplication.run(SpringApplication.java:333)
	at org.springframework.boot.test.context.SpringBootContextLoader.loadContext(SpringBootContextLoader.java:139)
	at org.springframework.test.context.cache.DefaultCacheAwareContextLoaderDelegate.loadContextInternal(DefaultCacheAwareContextLoaderDelegate.java:99)
	at org.springframework.test.context.cache.DefaultCacheAwareContextLoaderDelegate.loadContext(DefaultCacheAwareContextLoaderDelegate.java:117)
	at org.springframework.test.context.support.DefaultTestContext.getApplicationContext(DefaultTestContext.java:108)
	at org.springframework.boot.test.mock.mockito.MockitoTestExecutionListener.postProcessFields(MockitoTestExecutionListener.java:99)
	at org.springframework.boot.test.mock.mockito.MockitoTestExecutionListener.injectFields(MockitoTestExecutionListener.java:79)
	at org.springframework.boot.test.mock.mockito.MockitoTestExecutionListener.prepareTestInstance(MockitoTestExecutionListener.java:54)
	at org.springframework.test.context.TestContextManager.prepareTestInstance(TestContextManager.java:246)
	at org.springframework.test.context.junit4.SpringJUnit4ClassRunner.createTest(SpringJUnit4ClassRunner.java:227)
	at org.springframework.test.context.junit4.SpringJUnit4ClassRunner$1.runReflectiveCall(SpringJUnit4ClassRunner.java:289)
	at org.junit.internal.runners.model.ReflectiveCallable.run(ReflectiveCallable.java:12)
	at org.springframework.test.context.junit4.SpringJUnit4ClassRunner.methodBlock(SpringJUnit4ClassRunner.java:291)
	at org.springframework.test.context.junit4.SpringJUnit4ClassRunner.runChild(SpringJUnit4ClassRunner.java:246)
	at org.springframework.test.context.junit4.SpringJUnit4ClassRunner.runChild(SpringJUnit4ClassRunner.java:97)
	at org.junit.runners.ParentRunner$3.run(ParentRunner.java:290)
	at org.junit.runners.ParentRunner$1.schedule(ParentRunner.java:71)
	at org.junit.runners.ParentRunner.runChildren(ParentRunner.java:288)
	at org.junit.runners.ParentRunner.access$000(ParentRunner.java:58)
	at org.junit.runners.ParentRunner$2.evaluate(ParentRunner.java:268)
	at org.springframework.test.context.junit4.statements.RunBeforeTestClassCallbacks.evaluate(RunBeforeTestClassCallbacks.java:61)
	at org.springframework.test.context.junit4.statements.RunAfterTestClassCallbacks.evaluate(RunAfterTestClassCallbacks.java:70)
	at org.junit.runners.ParentRunner.run(ParentRunner.java:363)
	at org.springframework.test.context.junit4.SpringJUnit4ClassRunner.run(SpringJUnit4ClassRunner.java:190)
	at org.apache.maven.surefire.junit4.JUnit4Provider.execute(JUnit4Provider.java:365)
	at org.apache.maven.surefire.junit4.JUnit4Provider.executeWithRerun(JUnit4Provider.java:273)
	at org.apache.maven.surefire.junit4.JUnit4Provider.executeTestSet(JUnit4Provider.java:238)
	at org.apache.maven.surefire.junit4.JUnit4Provider.invoke(JUnit4Provider.java:159)
	at org.apache.maven.surefire.booter.ForkedBooter.invokeProviderInSameClassLoader(ForkedBooter.java:379)
	at org.apache.maven.surefire.booter.ForkedBooter.runSuitesInProcess(ForkedBooter.java:340)
	at org.apache.maven.surefire.booter.ForkedBooter.execute(ForkedBooter.java:125)
	at org.apache.maven.surefire.booter.ForkedBooter.main(ForkedBooter.java:413)
Caused by: java.lang.UnsupportedOperationException: Cannot define class using reflection
	at net.bytebuddy.dynamic.loading.ClassInjector$UsingReflection$Dispatcher$Unavailable.defineClass(ClassInjector.java:821)
	at net.bytebuddy.dynamic.loading.ClassInjector$UsingReflection.inject(ClassInjector.java:185)
	at net.bytebuddy.dynamic.loading.ClassLoadingStrategy$Default$InjectionDispatcher.load(ClassLoadingStrategy.java:187)
	at net.bytebuddy.dynamic.TypeResolutionStrategy$Passive.initialize(TypeResolutionStrategy.java:79)
	at net.bytebuddy.dynamic.DynamicType$Default$Unloaded.load(DynamicType.java:4457)
	at org.mockito.internal.creation.bytebuddy.SubclassBytecodeGenerator.mockClass(SubclassBytecodeGenerator.java:121)
	at org.mockito.internal.creation.bytebuddy.TypeCachingBytecodeGenerator$1.call(TypeCachingBytecodeGenerator.java:37)
	at org.mockito.internal.creation.bytebuddy.TypeCachingBytecodeGenerator$1.call(TypeCachingBytecodeGenerator.java:34)
	at net.bytebuddy.TypeCache.findOrInsert(TypeCache.java:138)
	at net.bytebuddy.TypeCache$WithInlineExpunction.findOrInsert(TypeCache.java:346)
	at net.bytebuddy.TypeCache.findOrInsert(TypeCache.java:161)
	at net.bytebuddy.TypeCache$WithInlineExpunction.findOrInsert(TypeCache.java:355)
	at org.mockito.internal.creation.bytebuddy.TypeCachingBytecodeGenerator.mockClass(TypeCachingBytecodeGenerator.java:32)
	at org.mockito.internal.creation.bytebuddy.SubclassByteBuddyMockMaker.createMockType(SubclassByteBuddyMockMaker.java:71)
	at org.mockito.internal.creation.bytebuddy.SubclassByteBuddyMockMaker.createMock(SubclassByteBuddyMockMaker.java:42)
	at org.mockito.internal.creation.bytebuddy.ByteBuddyMockMaker.createMock(ByteBuddyMockMaker.java:25)
	at org.mockito.internal.util.MockUtil.createMock(MockUtil.java:35)
	at org.mockito.internal.MockitoCore.mock(MockitoCore.java:65)
	at org.mockito.Mockito.mock(Mockito.java:1855)
	... 44 common frames omitted
Caused by: java.lang.IllegalStateException: Could not find sun.misc.Unsafe
	at net.bytebuddy.dynamic.loading.ClassInjector$UsingUnsafe$Dispatcher$Disabled.initialize(ClassInjector.java:1366)
	at net.bytebuddy.dynamic.loading.ClassInjector$UsingUnsafe.inject(ClassInjector.java:1202)
	at net.bytebuddy.dynamic.loading.ClassLoadingStrategy$ForUnsafeInjection.load(ClassLoadingStrategy.java:458)
	at net.bytebuddy.dynamic.TypeResolutionStrategy$Passive.initialize(TypeResolutionStrategy.java:79)
	at net.bytebuddy.dynamic.DynamicType$Default$Unloaded.load(DynamicType.java:4457)
	at net.bytebuddy.dynamic.loading.ClassInjector$UsingReflection$Dispatcher$Indirect.make(ClassInjector.java:684)
	at net.bytebuddy.dynamic.loading.ClassInjector$UsingReflection$Dispatcher$CreationAction.run(ClassInjector.java:302)
	at net.bytebuddy.dynamic.loading.ClassInjector$UsingReflection$Dispatcher$CreationAction.run(ClassInjector.java:290)
	at java.base/java.security.AccessController.doPrivileged(Native Method)
	at net.bytebuddy.dynamic.loading.ClassInjector$UsingReflection.<clinit>(ClassInjector.java:70)
	at net.bytebuddy.dynamic.loading.ClassLoadingStrategy$Default$InjectionDispatcher.load(ClassLoadingStrategy.java:184)
	... 60 common frames omitted
Caused by: java.lang.NoSuchMethodException: sun.misc.Unsafe.defineClass(java.lang.String, [B, int, int, java.lang.ClassLoader, java.security.ProtectionDomain)
	at java.base/java.lang.Class.getMethod(Class.java:2108)
	at net.bytebuddy.dynamic.loading.ClassInjector$UsingUnsafe$Dispatcher$CreationAction.run(ClassInjector.java:1269)
	at net.bytebuddy.dynamic.loading.ClassInjector$UsingUnsafe$Dispatcher$CreationAction.run(ClassInjector.java:1257)
	at java.base/java.security.AccessController.doPrivileged(Native Method)
	at net.bytebuddy.dynamic.loading.ClassInjector$UsingUnsafe.<clinit>(ClassInjector.java:1136)
	... 69 common frames omitted

2019-12-27 05:00:39.639  INFO 375 --- [           main] o.s.w.c.s.GenericWebApplicationContext   : Closing org.springframework.web.context.support.GenericWebApplicationContext@22d8f4ed: startup date [Fri Dec 27 05:00:39 UTC 2019]; parent: org.springframework.context.annotation.AnnotationConfigApplicationContext@5ac53c06
2019-12-27 05:00:39.640 ERROR 375 --- [           main] o.s.test.context.TestContextManager      : Caught exception while allowing TestExecutionListener [org.springframework.boot.test.mock.mockito.MockitoTestExecutionListener@196a42c3] to prepare test instance [com.daishin.api.web.controller.UserControllerTests@5aa76ad2]

java.lang.IllegalStateException: Failed to load ApplicationContext
	at org.springframework.test.context.cache.DefaultCacheAwareContextLoaderDelegate.loadContext(DefaultCacheAwareContextLoaderDelegate.java:125)
	at org.springframework.test.context.support.DefaultTestContext.getApplicationContext(DefaultTestContext.java:108)
	at org.springframework.boot.test.mock.mockito.MockitoTestExecutionListener.postProcessFields(MockitoTestExecutionListener.java:99)
	at org.springframework.boot.test.mock.mockito.MockitoTestExecutionListener.injectFields(MockitoTestExecutionListener.java:79)
	at org.springframework.boot.test.mock.mockito.MockitoTestExecutionListener.prepareTestInstance(MockitoTestExecutionListener.java:54)
	at org.springframework.test.context.TestContextManager.prepareTestInstance(TestContextManager.java:246)
	at org.springframework.test.context.junit4.SpringJUnit4ClassRunner.createTest(SpringJUnit4ClassRunner.java:227)
	at org.springframework.test.context.junit4.SpringJUnit4ClassRunner$1.runReflectiveCall(SpringJUnit4ClassRunner.java:289)
	at org.junit.internal.runners.model.ReflectiveCallable.run(ReflectiveCallable.java:12)
	at org.springframework.test.context.junit4.SpringJUnit4ClassRunner.methodBlock(SpringJUnit4ClassRunner.java:291)
	at org.springframework.test.context.junit4.SpringJUnit4ClassRunner.runChild(SpringJUnit4ClassRunner.java:246)
	at org.springframework.test.context.junit4.SpringJUnit4ClassRunner.runChild(SpringJUnit4ClassRunner.java:97)
	at org.junit.runners.ParentRunner$3.run(ParentRunner.java:290)
	at org.junit.runners.ParentRunner$1.schedule(ParentRunner.java:71)
	at org.junit.runners.ParentRunner.runChildren(ParentRunner.java:288)
	at org.junit.runners.ParentRunner.access$000(ParentRunner.java:58)
	at org.junit.runners.ParentRunner$2.evaluate(ParentRunner.java:268)
	at org.springframework.test.context.junit4.statements.RunBeforeTestClassCallbacks.evaluate(RunBeforeTestClassCallbacks.java:61)
	at org.springframework.test.context.junit4.statements.RunAfterTestClassCallbacks.evaluate(RunAfterTestClassCallbacks.java:70)
	at org.junit.runners.ParentRunner.run(ParentRunner.java:363)
	at org.springframework.test.context.junit4.SpringJUnit4ClassRunner.run(SpringJUnit4ClassRunner.java:190)
	at org.apache.maven.surefire.junit4.JUnit4Provider.execute(JUnit4Provider.java:365)
	at org.apache.maven.surefire.junit4.JUnit4Provider.executeWithRerun(JUnit4Provider.java:273)
	at org.apache.maven.surefire.junit4.JUnit4Provider.executeTestSet(JUnit4Provider.java:238)
	at org.apache.maven.surefire.junit4.JUnit4Provider.invoke(JUnit4Provider.java:159)
	at org.apache.maven.surefire.booter.ForkedBooter.invokeProviderInSameClassLoader(ForkedBooter.java:379)
	at org.apache.maven.surefire.booter.ForkedBooter.runSuitesInProcess(ForkedBooter.java:340)
	at org.apache.maven.surefire.booter.ForkedBooter.execute(ForkedBooter.java:125)
	at org.apache.maven.surefire.booter.ForkedBooter.main(ForkedBooter.java:413)
Caused by: org.mockito.exceptions.base.MockitoException: 
Mockito cannot mock this class: class com.daishin.api.service.UserService.

Mockito can only mock non-private & non-final classes.
If you're not sure why you're getting this error, please report to the mailing list.


Java               : 11
JVM vendor name    : Oracle Corporation
JVM vendor version : 11.0.3+1-Debian-1bpo91
JVM name           : OpenJDK 64-Bit Server VM
JVM version        : 11.0.3+1-Debian-1bpo91
JVM info           : mixed mode, sharing
OS name            : Linux
OS version         : 3.10.0-957.21.3.el7.x86_64


Underlying exception : java.lang.UnsupportedOperationException: Cannot define class using reflection
	at org.springframework.boot.test.mock.mockito.MockDefinition.createMock(MockDefinition.java:157)
	at org.springframework.boot.test.mock.mockito.MockitoPostProcessor.createMock(MockitoPostProcessor.java:222)
	at org.springframework.boot.test.mock.mockito.MockitoPostProcessor.registerMock(MockitoPostProcessor.java:192)
	at org.springframework.boot.test.mock.mockito.MockitoPostProcessor.register(MockitoPostProcessor.java:174)
	at org.springframework.boot.test.mock.mockito.MockitoPostProcessor.postProcessBeanFactory(MockitoPostProcessor.java:144)
	at org.springframework.boot.test.mock.mockito.MockitoPostProcessor.postProcessBeanFactory(MockitoPostProcessor.java:131)
	at org.springframework.context.support.PostProcessorRegistrationDelegate.invokeBeanFactoryPostProcessors(PostProcessorRegistrationDelegate.java:282)
	at org.springframework.context.support.PostProcessorRegistrationDelegate.invokeBeanFactoryPostProcessors(PostProcessorRegistrationDelegate.java:170)
	at org.springframework.context.support.AbstractApplicationContext.invokeBeanFactoryPostProcessors(AbstractApplicationContext.java:694)
	at org.springframework.context.support.AbstractApplicationContext.refresh(AbstractApplicationContext.java:532)
	at org.springframework.boot.SpringApplication.refresh(SpringApplication.java:780)
	at org.springframework.boot.SpringApplication.refreshContext(SpringApplication.java:412)
	at org.springframework.boot.SpringApplication.run(SpringApplication.java:333)
	at org.springframework.boot.test.context.SpringBootContextLoader.loadContext(SpringBootContextLoader.java:139)
	at org.springframework.test.context.cache.DefaultCacheAwareContextLoaderDelegate.loadContextInternal(DefaultCacheAwareContextLoaderDelegate.java:99)
	at org.springframework.test.context.cache.DefaultCacheAwareContextLoaderDelegate.loadContext(DefaultCacheAwareContextLoaderDelegate.java:117)
	... 28 common frames omitted
Caused by: java.lang.UnsupportedOperationException: Cannot define class using reflection
	at net.bytebuddy.dynamic.loading.ClassInjector$UsingReflection$Dispatcher$Unavailable.defineClass(ClassInjector.java:821)
	at net.bytebuddy.dynamic.loading.ClassInjector$UsingReflection.inject(ClassInjector.java:185)
	at net.bytebuddy.dynamic.loading.ClassLoadingStrategy$Default$InjectionDispatcher.load(ClassLoadingStrategy.java:187)
	at net.bytebuddy.dynamic.TypeResolutionStrategy$Passive.initialize(TypeResolutionStrategy.java:79)
	at net.bytebuddy.dynamic.DynamicType$Default$Unloaded.load(DynamicType.java:4457)
	at org.mockito.internal.creation.bytebuddy.SubclassBytecodeGenerator.mockClass(SubclassBytecodeGenerator.java:121)
	at org.mockito.internal.creation.bytebuddy.TypeCachingBytecodeGenerator$1.call(TypeCachingBytecodeGenerator.java:37)
	at org.mockito.internal.creation.bytebuddy.TypeCachingBytecodeGenerator$1.call(TypeCachingBytecodeGenerator.java:34)
	at net.bytebuddy.TypeCache.findOrInsert(TypeCache.java:138)
	at net.bytebuddy.TypeCache$WithInlineExpunction.findOrInsert(TypeCache.java:346)
	at net.bytebuddy.TypeCache.findOrInsert(TypeCache.java:161)
	at net.bytebuddy.TypeCache$WithInlineExpunction.findOrInsert(TypeCache.java:355)
	at org.mockito.internal.creation.bytebuddy.TypeCachingBytecodeGenerator.mockClass(TypeCachingBytecodeGenerator.java:32)
	at org.mockito.internal.creation.bytebuddy.SubclassByteBuddyMockMaker.createMockType(SubclassByteBuddyMockMaker.java:71)
	at org.mockito.internal.creation.bytebuddy.SubclassByteBuddyMockMaker.createMock(SubclassByteBuddyMockMaker.java:42)
	at org.mockito.internal.creation.bytebuddy.ByteBuddyMockMaker.createMock(ByteBuddyMockMaker.java:25)
	at org.mockito.internal.util.MockUtil.createMock(MockUtil.java:35)
	at org.mockito.internal.MockitoCore.mock(MockitoCore.java:65)
	at org.mockito.Mockito.mock(Mockito.java:1855)
	... 44 common frames omitted
Caused by: java.lang.IllegalStateException: Could not find sun.misc.Unsafe
	at net.bytebuddy.dynamic.loading.ClassInjector$UsingUnsafe$Dispatcher$Disabled.initialize(ClassInjector.java:1366)
	at net.bytebuddy.dynamic.loading.ClassInjector$UsingUnsafe.inject(ClassInjector.java:1202)
	at net.bytebuddy.dynamic.loading.ClassLoadingStrategy$ForUnsafeInjection.load(ClassLoadingStrategy.java:458)
	at net.bytebuddy.dynamic.TypeResolutionStrategy$Passive.initialize(TypeResolutionStrategy.java:79)
	at net.bytebuddy.dynamic.DynamicType$Default$Unloaded.load(DynamicType.java:4457)
	at net.bytebuddy.dynamic.loading.ClassInjector$UsingReflection$Dispatcher$Indirect.make(ClassInjector.java:684)
	at net.bytebuddy.dynamic.loading.ClassInjector$UsingReflection$Dispatcher$CreationAction.run(ClassInjector.java:302)
	at net.bytebuddy.dynamic.loading.ClassInjector$UsingReflection$Dispatcher$CreationAction.run(ClassInjector.java:290)
	at java.base/java.security.AccessController.doPrivileged(Native Method)
	at net.bytebuddy.dynamic.loading.ClassInjector$UsingReflection.<clinit>(ClassInjector.java:70)
	at net.bytebuddy.dynamic.loading.ClassLoadingStrategy$Default$InjectionDispatcher.load(ClassLoadingStrategy.java:184)
	... 60 common frames omitted
Caused by: java.lang.NoSuchMethodException: sun.misc.Unsafe.defineClass(java.lang.String, [B, int, int, java.lang.ClassLoader, java.security.ProtectionDomain)
	at java.base/java.lang.Class.getMethod(Class.java:2108)
	at net.bytebuddy.dynamic.loading.ClassInjector$UsingUnsafe$Dispatcher$CreationAction.run(ClassInjector.java:1269)
	at net.bytebuddy.dynamic.loading.ClassInjector$UsingUnsafe$Dispatcher$CreationAction.run(ClassInjector.java:1257)
	at java.base/java.security.AccessController.doPrivileged(Native Method)
	at net.bytebuddy.dynamic.loading.ClassInjector$UsingUnsafe.<clinit>(ClassInjector.java:1136)
	... 69 common frames omitted

]]></system-out>
  </testcase>
  <testcase name="should_create_user" classname="com.daishin.api.web.controller.UserControllerTests" time="0">
    <error message="Failed to load ApplicationContext" type="java.lang.IllegalStateException"><![CDATA[java.lang.IllegalStateException: Failed to load ApplicationContext
Caused by: org.mockito.exceptions.base.MockitoException: 

Mockito cannot mock this class: class com.daishin.api.service.UserService.

Mockito can only mock non-private & non-final classes.
If you're not sure why you're getting this error, please report to the mailing list.


Java               : 11
JVM vendor name    : Oracle Corporation
JVM vendor version : 11.0.3+1-Debian-1bpo91
JVM name           : OpenJDK 64-Bit Server VM
JVM version        : 11.0.3+1-Debian-1bpo91
JVM info           : mixed mode, sharing
OS name            : Linux
OS version         : 3.10.0-957.21.3.el7.x86_64


Underlying exception : java.lang.UnsupportedOperationException: Cannot define class using reflection
Caused by: java.lang.UnsupportedOperationException: Cannot define class using reflection
Caused by: java.lang.IllegalStateException: Could not find sun.misc.Unsafe
Caused by: java.lang.NoSuchMethodException: sun.misc.Unsafe.defineClass(java.lang.String, [B, int, int, java.lang.ClassLoader, java.security.ProtectionDomain)
]]></error>
    <system-out><![CDATA[2019-12-27 05:00:39.916  INFO 375 --- [           main] s.c.a.AnnotationConfigApplicationContext : Refreshing org.springframework.context.annotation.AnnotationConfigApplicationContext@31aab981: startup date [Fri Dec 27 05:00:39 UTC 2019]; root of context hierarchy
2019-12-27 05:00:40.009  INFO 375 --- [           main] trationDelegate$BeanPostProcessorChecker : Bean 'configurationPropertiesRebinderAutoConfiguration' of type [org.springframework.cloud.autoconfigure.ConfigurationPropertiesRebinderAutoConfiguration$$EnhancerBySpringCGLIB$$4831e84d] is not eligible for getting processed by all BeanPostProcessors (for example: not eligible for auto-proxying)

  .   ____          _            __ _ _
 /\\ / ___'_ __ _ _(_)_ __  __ _ \ \ \ \
( ( )\___ | '_ | '_| | '_ \/ _` | \ \ \ \
 \\/  ___)| |_)| | | | | || (_| |  ) ) ) )
  '  |____| .__|_| |_|_| |_\__, | / / / /
 =========|_|==============|___/=/_/_/_/
 :: Spring Boot ::        (v2.0.5.RELEASE)

2019-12-27 05:00:40.209  INFO 375 --- [           main] c.d.a.w.controller.UserControllerTests   : No active profile set, falling back to default profiles: default
2019-12-27 05:00:40.211  INFO 375 --- [           main] o.s.w.c.s.GenericWebApplicationContext   : Refreshing org.springframework.web.context.support.GenericWebApplicationContext@6aa7e176: startup date [Fri Dec 27 05:00:40 UTC 2019]; parent: org.springframework.context.annotation.AnnotationConfigApplicationContext@31aab981
2019-12-27 05:00:40.619 ERROR 375 --- [           main] o.s.boot.SpringApplication               : Application run failed

org.mockito.exceptions.base.MockitoException: 
Mockito cannot mock this class: class com.daishin.api.service.UserService.

Mockito can only mock non-private & non-final classes.
If you're not sure why you're getting this error, please report to the mailing list.


Java               : 11
JVM vendor name    : Oracle Corporation
JVM vendor version : 11.0.3+1-Debian-1bpo91
JVM name           : OpenJDK 64-Bit Server VM
JVM version        : 11.0.3+1-Debian-1bpo91
JVM info           : mixed mode, sharing
OS name            : Linux
OS version         : 3.10.0-957.21.3.el7.x86_64


Underlying exception : java.lang.UnsupportedOperationException: Cannot define class using reflection
	at org.springframework.boot.test.mock.mockito.MockDefinition.createMock(MockDefinition.java:157)
	at org.springframework.boot.test.mock.mockito.MockitoPostProcessor.createMock(MockitoPostProcessor.java:222)
	at org.springframework.boot.test.mock.mockito.MockitoPostProcessor.registerMock(MockitoPostProcessor.java:192)
	at org.springframework.boot.test.mock.mockito.MockitoPostProcessor.register(MockitoPostProcessor.java:174)
	at org.springframework.boot.test.mock.mockito.MockitoPostProcessor.postProcessBeanFactory(MockitoPostProcessor.java:144)
	at org.springframework.boot.test.mock.mockito.MockitoPostProcessor.postProcessBeanFactory(MockitoPostProcessor.java:131)
	at org.springframework.context.support.PostProcessorRegistrationDelegate.invokeBeanFactoryPostProcessors(PostProcessorRegistrationDelegate.java:282)
	at org.springframework.context.support.PostProcessorRegistrationDelegate.invokeBeanFactoryPostProcessors(PostProcessorRegistrationDelegate.java:170)
	at org.springframework.context.support.AbstractApplicationContext.invokeBeanFactoryPostProcessors(AbstractApplicationContext.java:694)
	at org.springframework.context.support.AbstractApplicationContext.refresh(AbstractApplicationContext.java:532)
	at org.springframework.boot.SpringApplication.refresh(SpringApplication.java:780)
	at org.springframework.boot.SpringApplication.refreshContext(SpringApplication.java:412)
	at org.springframework.boot.SpringApplication.run(SpringApplication.java:333)
	at org.springframework.boot.test.context.SpringBootContextLoader.loadContext(SpringBootContextLoader.java:139)
	at org.springframework.test.context.cache.DefaultCacheAwareContextLoaderDelegate.loadContextInternal(DefaultCacheAwareContextLoaderDelegate.java:99)
	at org.springframework.test.context.cache.DefaultCacheAwareContextLoaderDelegate.loadContext(DefaultCacheAwareContextLoaderDelegate.java:117)
	at org.springframework.test.context.support.DefaultTestContext.getApplicationContext(DefaultTestContext.java:108)
	at org.springframework.boot.test.mock.mockito.MockitoTestExecutionListener.postProcessFields(MockitoTestExecutionListener.java:99)
	at org.springframework.boot.test.mock.mockito.MockitoTestExecutionListener.injectFields(MockitoTestExecutionListener.java:79)
	at org.springframework.boot.test.mock.mockito.MockitoTestExecutionListener.prepareTestInstance(MockitoTestExecutionListener.java:54)
	at org.springframework.test.context.TestContextManager.prepareTestInstance(TestContextManager.java:246)
	at org.springframework.test.context.junit4.SpringJUnit4ClassRunner.createTest(SpringJUnit4ClassRunner.java:227)
	at org.springframework.test.context.junit4.SpringJUnit4ClassRunner$1.runReflectiveCall(SpringJUnit4ClassRunner.java:289)
	at org.junit.internal.runners.model.ReflectiveCallable.run(ReflectiveCallable.java:12)
	at org.springframework.test.context.junit4.SpringJUnit4ClassRunner.methodBlock(SpringJUnit4ClassRunner.java:291)
	at org.springframework.test.context.junit4.SpringJUnit4ClassRunner.runChild(SpringJUnit4ClassRunner.java:246)
	at org.springframework.test.context.junit4.SpringJUnit4ClassRunner.runChild(SpringJUnit4ClassRunner.java:97)
	at org.junit.runners.ParentRunner$3.run(ParentRunner.java:290)
	at org.junit.runners.ParentRunner$1.schedule(ParentRunner.java:71)
	at org.junit.runners.ParentRunner.runChildren(ParentRunner.java:288)
	at org.junit.runners.ParentRunner.access$000(ParentRunner.java:58)
	at org.junit.runners.ParentRunner$2.evaluate(ParentRunner.java:268)
	at org.springframework.test.context.junit4.statements.RunBeforeTestClassCallbacks.evaluate(RunBeforeTestClassCallbacks.java:61)
	at org.springframework.test.context.junit4.statements.RunAfterTestClassCallbacks.evaluate(RunAfterTestClassCallbacks.java:70)
	at org.junit.runners.ParentRunner.run(ParentRunner.java:363)
	at org.springframework.test.context.junit4.SpringJUnit4ClassRunner.run(SpringJUnit4ClassRunner.java:190)
	at org.apache.maven.surefire.junit4.JUnit4Provider.execute(JUnit4Provider.java:365)
	at org.apache.maven.surefire.junit4.JUnit4Provider.executeWithRerun(JUnit4Provider.java:273)
	at org.apache.maven.surefire.junit4.JUnit4Provider.executeTestSet(JUnit4Provider.java:238)
	at org.apache.maven.surefire.junit4.JUnit4Provider.invoke(JUnit4Provider.java:159)
	at org.apache.maven.surefire.booter.ForkedBooter.invokeProviderInSameClassLoader(ForkedBooter.java:379)
	at org.apache.maven.surefire.booter.ForkedBooter.runSuitesInProcess(ForkedBooter.java:340)
	at org.apache.maven.surefire.booter.ForkedBooter.execute(ForkedBooter.java:125)
	at org.apache.maven.surefire.booter.ForkedBooter.main(ForkedBooter.java:413)
Caused by: java.lang.UnsupportedOperationException: Cannot define class using reflection
	at net.bytebuddy.dynamic.loading.ClassInjector$UsingReflection$Dispatcher$Unavailable.defineClass(ClassInjector.java:821)
	at net.bytebuddy.dynamic.loading.ClassInjector$UsingReflection.inject(ClassInjector.java:185)
	at net.bytebuddy.dynamic.loading.ClassLoadingStrategy$Default$InjectionDispatcher.load(ClassLoadingStrategy.java:187)
	at net.bytebuddy.dynamic.TypeResolutionStrategy$Passive.initialize(TypeResolutionStrategy.java:79)
	at net.bytebuddy.dynamic.DynamicType$Default$Unloaded.load(DynamicType.java:4457)
	at org.mockito.internal.creation.bytebuddy.SubclassBytecodeGenerator.mockClass(SubclassBytecodeGenerator.java:121)
	at org.mockito.internal.creation.bytebuddy.TypeCachingBytecodeGenerator$1.call(TypeCachingBytecodeGenerator.java:37)
	at org.mockito.internal.creation.bytebuddy.TypeCachingBytecodeGenerator$1.call(TypeCachingBytecodeGenerator.java:34)
	at net.bytebuddy.TypeCache.findOrInsert(TypeCache.java:138)
	at net.bytebuddy.TypeCache$WithInlineExpunction.findOrInsert(TypeCache.java:346)
	at net.bytebuddy.TypeCache.findOrInsert(TypeCache.java:161)
	at net.bytebuddy.TypeCache$WithInlineExpunction.findOrInsert(TypeCache.java:355)
	at org.mockito.internal.creation.bytebuddy.TypeCachingBytecodeGenerator.mockClass(TypeCachingBytecodeGenerator.java:32)
	at org.mockito.internal.creation.bytebuddy.SubclassByteBuddyMockMaker.createMockType(SubclassByteBuddyMockMaker.java:71)
	at org.mockito.internal.creation.bytebuddy.SubclassByteBuddyMockMaker.createMock(SubclassByteBuddyMockMaker.java:42)
	at org.mockito.internal.creation.bytebuddy.ByteBuddyMockMaker.createMock(ByteBuddyMockMaker.java:25)
	at org.mockito.internal.util.MockUtil.createMock(MockUtil.java:35)
	at org.mockito.internal.MockitoCore.mock(MockitoCore.java:65)
	at org.mockito.Mockito.mock(Mockito.java:1855)
	... 44 common frames omitted
Caused by: java.lang.IllegalStateException: Could not find sun.misc.Unsafe
	at net.bytebuddy.dynamic.loading.ClassInjector$UsingUnsafe$Dispatcher$Disabled.initialize(ClassInjector.java:1366)
	at net.bytebuddy.dynamic.loading.ClassInjector$UsingUnsafe.inject(ClassInjector.java:1202)
	at net.bytebuddy.dynamic.loading.ClassLoadingStrategy$ForUnsafeInjection.load(ClassLoadingStrategy.java:458)
	at net.bytebuddy.dynamic.TypeResolutionStrategy$Passive.initialize(TypeResolutionStrategy.java:79)
	at net.bytebuddy.dynamic.DynamicType$Default$Unloaded.load(DynamicType.java:4457)
	at net.bytebuddy.dynamic.loading.ClassInjector$UsingReflection$Dispatcher$Indirect.make(ClassInjector.java:684)
	at net.bytebuddy.dynamic.loading.ClassInjector$UsingReflection$Dispatcher$CreationAction.run(ClassInjector.java:302)
	at net.bytebuddy.dynamic.loading.ClassInjector$UsingReflection$Dispatcher$CreationAction.run(ClassInjector.java:290)
	at java.base/java.security.AccessController.doPrivileged(Native Method)
	at net.bytebuddy.dynamic.loading.ClassInjector$UsingReflection.<clinit>(ClassInjector.java:70)
	at net.bytebuddy.dynamic.loading.ClassLoadingStrategy$Default$InjectionDispatcher.load(ClassLoadingStrategy.java:184)
	... 60 common frames omitted
Caused by: java.lang.NoSuchMethodException: sun.misc.Unsafe.defineClass(java.lang.String, [B, int, int, java.lang.ClassLoader, java.security.ProtectionDomain)
	at java.base/java.lang.Class.getMethod(Class.java:2108)
	at net.bytebuddy.dynamic.loading.ClassInjector$UsingUnsafe$Dispatcher$CreationAction.run(ClassInjector.java:1269)
	at net.bytebuddy.dynamic.loading.ClassInjector$UsingUnsafe$Dispatcher$CreationAction.run(ClassInjector.java:1257)
	at java.base/java.security.AccessController.doPrivileged(Native Method)
	at net.bytebuddy.dynamic.loading.ClassInjector$UsingUnsafe.<clinit>(ClassInjector.java:1136)
	... 69 common frames omitted

2019-12-27 05:00:40.620  INFO 375 --- [           main] o.s.w.c.s.GenericWebApplicationContext   : Closing org.springframework.web.context.support.GenericWebApplicationContext@6aa7e176: startup date [Fri Dec 27 05:00:40 UTC 2019]; parent: org.springframework.context.annotation.AnnotationConfigApplicationContext@31aab981
2019-12-27 05:00:40.621 ERROR 375 --- [           main] o.s.test.context.TestContextManager      : Caught exception while allowing TestExecutionListener [org.springframework.boot.test.mock.mockito.MockitoTestExecutionListener@196a42c3] to prepare test instance [com.daishin.api.web.controller.UserControllerTests@2c7c0e36]

java.lang.IllegalStateException: Failed to load ApplicationContext
	at org.springframework.test.context.cache.DefaultCacheAwareContextLoaderDelegate.loadContext(DefaultCacheAwareContextLoaderDelegate.java:125)
	at org.springframework.test.context.support.DefaultTestContext.getApplicationContext(DefaultTestContext.java:108)
	at org.springframework.boot.test.mock.mockito.MockitoTestExecutionListener.postProcessFields(MockitoTestExecutionListener.java:99)
	at org.springframework.boot.test.mock.mockito.MockitoTestExecutionListener.injectFields(MockitoTestExecutionListener.java:79)
	at org.springframework.boot.test.mock.mockito.MockitoTestExecutionListener.prepareTestInstance(MockitoTestExecutionListener.java:54)
	at org.springframework.test.context.TestContextManager.prepareTestInstance(TestContextManager.java:246)
	at org.springframework.test.context.junit4.SpringJUnit4ClassRunner.createTest(SpringJUnit4ClassRunner.java:227)
	at org.springframework.test.context.junit4.SpringJUnit4ClassRunner$1.runReflectiveCall(SpringJUnit4ClassRunner.java:289)
	at org.junit.internal.runners.model.ReflectiveCallable.run(ReflectiveCallable.java:12)
	at org.springframework.test.context.junit4.SpringJUnit4ClassRunner.methodBlock(SpringJUnit4ClassRunner.java:291)
	at org.springframework.test.context.junit4.SpringJUnit4ClassRunner.runChild(SpringJUnit4ClassRunner.java:246)
	at org.springframework.test.context.junit4.SpringJUnit4ClassRunner.runChild(SpringJUnit4ClassRunner.java:97)
	at org.junit.runners.ParentRunner$3.run(ParentRunner.java:290)
	at org.junit.runners.ParentRunner$1.schedule(ParentRunner.java:71)
	at org.junit.runners.ParentRunner.runChildren(ParentRunner.java:288)
	at org.junit.runners.ParentRunner.access$000(ParentRunner.java:58)
	at org.junit.runners.ParentRunner$2.evaluate(ParentRunner.java:268)
	at org.springframework.test.context.junit4.statements.RunBeforeTestClassCallbacks.evaluate(RunBeforeTestClassCallbacks.java:61)
	at org.springframework.test.context.junit4.statements.RunAfterTestClassCallbacks.evaluate(RunAfterTestClassCallbacks.java:70)
	at org.junit.runners.ParentRunner.run(ParentRunner.java:363)
	at org.springframework.test.context.junit4.SpringJUnit4ClassRunner.run(SpringJUnit4ClassRunner.java:190)
	at org.apache.maven.surefire.junit4.JUnit4Provider.execute(JUnit4Provider.java:365)
	at org.apache.maven.surefire.junit4.JUnit4Provider.executeWithRerun(JUnit4Provider.java:273)
	at org.apache.maven.surefire.junit4.JUnit4Provider.executeTestSet(JUnit4Provider.java:238)
	at org.apache.maven.surefire.junit4.JUnit4Provider.invoke(JUnit4Provider.java:159)
	at org.apache.maven.surefire.booter.ForkedBooter.invokeProviderInSameClassLoader(ForkedBooter.java:379)
	at org.apache.maven.surefire.booter.ForkedBooter.runSuitesInProcess(ForkedBooter.java:340)
	at org.apache.maven.surefire.booter.ForkedBooter.execute(ForkedBooter.java:125)
	at org.apache.maven.surefire.booter.ForkedBooter.main(ForkedBooter.java:413)
Caused by: org.mockito.exceptions.base.MockitoException: 
Mockito cannot mock this class: class com.daishin.api.service.UserService.

Mockito can only mock non-private & non-final classes.
If you're not sure why you're getting this error, please report to the mailing list.


Java               : 11
JVM vendor name    : Oracle Corporation
JVM vendor version : 11.0.3+1-Debian-1bpo91
JVM name           : OpenJDK 64-Bit Server VM
JVM version        : 11.0.3+1-Debian-1bpo91
JVM info           : mixed mode, sharing
OS name            : Linux
OS version         : 3.10.0-957.21.3.el7.x86_64


Underlying exception : java.lang.UnsupportedOperationException: Cannot define class using reflection
	at org.springframework.boot.test.mock.mockito.MockDefinition.createMock(MockDefinition.java:157)
	at org.springframework.boot.test.mock.mockito.MockitoPostProcessor.createMock(MockitoPostProcessor.java:222)
	at org.springframework.boot.test.mock.mockito.MockitoPostProcessor.registerMock(MockitoPostProcessor.java:192)
	at org.springframework.boot.test.mock.mockito.MockitoPostProcessor.register(MockitoPostProcessor.java:174)
	at org.springframework.boot.test.mock.mockito.MockitoPostProcessor.postProcessBeanFactory(MockitoPostProcessor.java:144)
	at org.springframework.boot.test.mock.mockito.MockitoPostProcessor.postProcessBeanFactory(MockitoPostProcessor.java:131)
	at org.springframework.context.support.PostProcessorRegistrationDelegate.invokeBeanFactoryPostProcessors(PostProcessorRegistrationDelegate.java:282)
	at org.springframework.context.support.PostProcessorRegistrationDelegate.invokeBeanFactoryPostProcessors(PostProcessorRegistrationDelegate.java:170)
	at org.springframework.context.support.AbstractApplicationContext.invokeBeanFactoryPostProcessors(AbstractApplicationContext.java:694)
	at org.springframework.context.support.AbstractApplicationContext.refresh(AbstractApplicationContext.java:532)
	at org.springframework.boot.SpringApplication.refresh(SpringApplication.java:780)
	at org.springframework.boot.SpringApplication.refreshContext(SpringApplication.java:412)
	at org.springframework.boot.SpringApplication.run(SpringApplication.java:333)
	at org.springframework.boot.test.context.SpringBootContextLoader.loadContext(SpringBootContextLoader.java:139)
	at org.springframework.test.context.cache.DefaultCacheAwareContextLoaderDelegate.loadContextInternal(DefaultCacheAwareContextLoaderDelegate.java:99)
	at org.springframework.test.context.cache.DefaultCacheAwareContextLoaderDelegate.loadContext(DefaultCacheAwareContextLoaderDelegate.java:117)
	... 28 common frames omitted
Caused by: java.lang.UnsupportedOperationException: Cannot define class using reflection
	at net.bytebuddy.dynamic.loading.ClassInjector$UsingReflection$Dispatcher$Unavailable.defineClass(ClassInjector.java:821)
	at net.bytebuddy.dynamic.loading.ClassInjector$UsingReflection.inject(ClassInjector.java:185)
	at net.bytebuddy.dynamic.loading.ClassLoadingStrategy$Default$InjectionDispatcher.load(ClassLoadingStrategy.java:187)
	at net.bytebuddy.dynamic.TypeResolutionStrategy$Passive.initialize(TypeResolutionStrategy.java:79)
	at net.bytebuddy.dynamic.DynamicType$Default$Unloaded.load(DynamicType.java:4457)
	at org.mockito.internal.creation.bytebuddy.SubclassBytecodeGenerator.mockClass(SubclassBytecodeGenerator.java:121)
	at org.mockito.internal.creation.bytebuddy.TypeCachingBytecodeGenerator$1.call(TypeCachingBytecodeGenerator.java:37)
	at org.mockito.internal.creation.bytebuddy.TypeCachingBytecodeGenerator$1.call(TypeCachingBytecodeGenerator.java:34)
	at net.bytebuddy.TypeCache.findOrInsert(TypeCache.java:138)
	at net.bytebuddy.TypeCache$WithInlineExpunction.findOrInsert(TypeCache.java:346)
	at net.bytebuddy.TypeCache.findOrInsert(TypeCache.java:161)
	at net.bytebuddy.TypeCache$WithInlineExpunction.findOrInsert(TypeCache.java:355)
	at org.mockito.internal.creation.bytebuddy.TypeCachingBytecodeGenerator.mockClass(TypeCachingBytecodeGenerator.java:32)
	at org.mockito.internal.creation.bytebuddy.SubclassByteBuddyMockMaker.createMockType(SubclassByteBuddyMockMaker.java:71)
	at org.mockito.internal.creation.bytebuddy.SubclassByteBuddyMockMaker.createMock(SubclassByteBuddyMockMaker.java:42)
	at org.mockito.internal.creation.bytebuddy.ByteBuddyMockMaker.createMock(ByteBuddyMockMaker.java:25)
	at org.mockito.internal.util.MockUtil.createMock(MockUtil.java:35)
	at org.mockito.internal.MockitoCore.mock(MockitoCore.java:65)
	at org.mockito.Mockito.mock(Mockito.java:1855)
	... 44 common frames omitted
Caused by: java.lang.IllegalStateException: Could not find sun.misc.Unsafe
	at net.bytebuddy.dynamic.loading.ClassInjector$UsingUnsafe$Dispatcher$Disabled.initialize(ClassInjector.java:1366)
	at net.bytebuddy.dynamic.loading.ClassInjector$UsingUnsafe.inject(ClassInjector.java:1202)
	at net.bytebuddy.dynamic.loading.ClassLoadingStrategy$ForUnsafeInjection.load(ClassLoadingStrategy.java:458)
	at net.bytebuddy.dynamic.TypeResolutionStrategy$Passive.initialize(TypeResolutionStrategy.java:79)
	at net.bytebuddy.dynamic.DynamicType$Default$Unloaded.load(DynamicType.java:4457)
	at net.bytebuddy.dynamic.loading.ClassInjector$UsingReflection$Dispatcher$Indirect.make(ClassInjector.java:684)
	at net.bytebuddy.dynamic.loading.ClassInjector$UsingReflection$Dispatcher$CreationAction.run(ClassInjector.java:302)
	at net.bytebuddy.dynamic.loading.ClassInjector$UsingReflection$Dispatcher$CreationAction.run(ClassInjector.java:290)
	at java.base/java.security.AccessController.doPrivileged(Native Method)
	at net.bytebuddy.dynamic.loading.ClassInjector$UsingReflection.<clinit>(ClassInjector.java:70)
	at net.bytebuddy.dynamic.loading.ClassLoadingStrategy$Default$InjectionDispatcher.load(ClassLoadingStrategy.java:184)
	... 60 common frames omitted
Caused by: java.lang.NoSuchMethodException: sun.misc.Unsafe.defineClass(java.lang.String, [B, int, int, java.lang.ClassLoader, java.security.ProtectionDomain)
	at java.base/java.lang.Class.getMethod(Class.java:2108)
	at net.bytebuddy.dynamic.loading.ClassInjector$UsingUnsafe$Dispatcher$CreationAction.run(ClassInjector.java:1269)
	at net.bytebuddy.dynamic.loading.ClassInjector$UsingUnsafe$Dispatcher$CreationAction.run(ClassInjector.java:1257)
	at java.base/java.security.AccessController.doPrivileged(Native Method)
	at net.bytebuddy.dynamic.loading.ClassInjector$UsingUnsafe.<clinit>(ClassInjector.java:1136)
	... 69 common frames omitted

]]></system-out>
  </testcase>
  <testcase name="should_get_user_by_id" classname="com.daishin.api.web.controller.UserControllerTests" time="0">
    <error message="Failed to load ApplicationContext" type="java.lang.IllegalStateException"><![CDATA[java.lang.IllegalStateException: Failed to load ApplicationContext
Caused by: org.mockito.exceptions.base.MockitoException: 

Mockito cannot mock this class: class com.daishin.api.service.UserService.

Mockito can only mock non-private & non-final classes.
If you're not sure why you're getting this error, please report to the mailing list.


Java               : 11
JVM vendor name    : Oracle Corporation
JVM vendor version : 11.0.3+1-Debian-1bpo91
JVM name           : OpenJDK 64-Bit Server VM
JVM version        : 11.0.3+1-Debian-1bpo91
JVM info           : mixed mode, sharing
OS name            : Linux
OS version         : 3.10.0-957.21.3.el7.x86_64


Underlying exception : java.lang.UnsupportedOperationException: Cannot define class using reflection
Caused by: java.lang.UnsupportedOperationException: Cannot define class using reflection
Caused by: java.lang.IllegalStateException: Could not find sun.misc.Unsafe
Caused by: java.lang.NoSuchMethodException: sun.misc.Unsafe.defineClass(java.lang.String, [B, int, int, java.lang.ClassLoader, java.security.ProtectionDomain)
]]></error>
    <system-out><![CDATA[2019-12-27 05:00:40.820  INFO 375 --- [           main] s.c.a.AnnotationConfigApplicationContext : Refreshing org.springframework.context.annotation.AnnotationConfigApplicationContext@5866731: startup date [Fri Dec 27 05:00:40 UTC 2019]; root of context hierarchy
2019-12-27 05:00:40.923  INFO 375 --- [           main] trationDelegate$BeanPostProcessorChecker : Bean 'configurationPropertiesRebinderAutoConfiguration' of type [org.springframework.cloud.autoconfigure.ConfigurationPropertiesRebinderAutoConfiguration$$EnhancerBySpringCGLIB$$4831e84d] is not eligible for getting processed by all BeanPostProcessors (for example: not eligible for auto-proxying)

  .   ____          _            __ _ _
 /\\ / ___'_ __ _ _(_)_ __  __ _ \ \ \ \
( ( )\___ | '_ | '_| | '_ \/ _` | \ \ \ \
 \\/  ___)| |_)| | | | | || (_| |  ) ) ) )
  '  |____| .__|_| |_|_| |_\__, | / / / /
 =========|_|==============|___/=/_/_/_/
 :: Spring Boot ::        (v2.0.5.RELEASE)

2019-12-27 05:00:41.036  INFO 375 --- [           main] c.d.a.w.controller.UserControllerTests   : No active profile set, falling back to default profiles: default
2019-12-27 05:00:41.037  INFO 375 --- [           main] o.s.w.c.s.GenericWebApplicationContext   : Refreshing org.springframework.web.context.support.GenericWebApplicationContext@6dae70f9: startup date [Fri Dec 27 05:00:41 UTC 2019]; parent: org.springframework.context.annotation.AnnotationConfigApplicationContext@5866731
2019-12-27 05:00:41.338 ERROR 375 --- [           main] o.s.boot.SpringApplication               : Application run failed

org.mockito.exceptions.base.MockitoException: 
Mockito cannot mock this class: class com.daishin.api.service.UserService.

Mockito can only mock non-private & non-final classes.
If you're not sure why you're getting this error, please report to the mailing list.


Java               : 11
JVM vendor name    : Oracle Corporation
JVM vendor version : 11.0.3+1-Debian-1bpo91
JVM name           : OpenJDK 64-Bit Server VM
JVM version        : 11.0.3+1-Debian-1bpo91
JVM info           : mixed mode, sharing
OS name            : Linux
OS version         : 3.10.0-957.21.3.el7.x86_64


Underlying exception : java.lang.UnsupportedOperationException: Cannot define class using reflection
	at org.springframework.boot.test.mock.mockito.MockDefinition.createMock(MockDefinition.java:157)
	at org.springframework.boot.test.mock.mockito.MockitoPostProcessor.createMock(MockitoPostProcessor.java:222)
	at org.springframework.boot.test.mock.mockito.MockitoPostProcessor.registerMock(MockitoPostProcessor.java:192)
	at org.springframework.boot.test.mock.mockito.MockitoPostProcessor.register(MockitoPostProcessor.java:174)
	at org.springframework.boot.test.mock.mockito.MockitoPostProcessor.postProcessBeanFactory(MockitoPostProcessor.java:144)
	at org.springframework.boot.test.mock.mockito.MockitoPostProcessor.postProcessBeanFactory(MockitoPostProcessor.java:131)
	at org.springframework.context.support.PostProcessorRegistrationDelegate.invokeBeanFactoryPostProcessors(PostProcessorRegistrationDelegate.java:282)
	at org.springframework.context.support.PostProcessorRegistrationDelegate.invokeBeanFactoryPostProcessors(PostProcessorRegistrationDelegate.java:170)
	at org.springframework.context.support.AbstractApplicationContext.invokeBeanFactoryPostProcessors(AbstractApplicationContext.java:694)
	at org.springframework.context.support.AbstractApplicationContext.refresh(AbstractApplicationContext.java:532)
	at org.springframework.boot.SpringApplication.refresh(SpringApplication.java:780)
	at org.springframework.boot.SpringApplication.refreshContext(SpringApplication.java:412)
	at org.springframework.boot.SpringApplication.run(SpringApplication.java:333)
	at org.springframework.boot.test.context.SpringBootContextLoader.loadContext(SpringBootContextLoader.java:139)
	at org.springframework.test.context.cache.DefaultCacheAwareContextLoaderDelegate.loadContextInternal(DefaultCacheAwareContextLoaderDelegate.java:99)
	at org.springframework.test.context.cache.DefaultCacheAwareContextLoaderDelegate.loadContext(DefaultCacheAwareContextLoaderDelegate.java:117)
	at org.springframework.test.context.support.DefaultTestContext.getApplicationContext(DefaultTestContext.java:108)
	at org.springframework.boot.test.mock.mockito.MockitoTestExecutionListener.postProcessFields(MockitoTestExecutionListener.java:99)
	at org.springframework.boot.test.mock.mockito.MockitoTestExecutionListener.injectFields(MockitoTestExecutionListener.java:79)
	at org.springframework.boot.test.mock.mockito.MockitoTestExecutionListener.prepareTestInstance(MockitoTestExecutionListener.java:54)
	at org.springframework.test.context.TestContextManager.prepareTestInstance(TestContextManager.java:246)
	at org.springframework.test.context.junit4.SpringJUnit4ClassRunner.createTest(SpringJUnit4ClassRunner.java:227)
	at org.springframework.test.context.junit4.SpringJUnit4ClassRunner$1.runReflectiveCall(SpringJUnit4ClassRunner.java:289)
	at org.junit.internal.runners.model.ReflectiveCallable.run(ReflectiveCallable.java:12)
	at org.springframework.test.context.junit4.SpringJUnit4ClassRunner.methodBlock(SpringJUnit4ClassRunner.java:291)
	at org.springframework.test.context.junit4.SpringJUnit4ClassRunner.runChild(SpringJUnit4ClassRunner.java:246)
	at org.springframework.test.context.junit4.SpringJUnit4ClassRunner.runChild(SpringJUnit4ClassRunner.java:97)
	at org.junit.runners.ParentRunner$3.run(ParentRunner.java:290)
	at org.junit.runners.ParentRunner$1.schedule(ParentRunner.java:71)
	at org.junit.runners.ParentRunner.runChildren(ParentRunner.java:288)
	at org.junit.runners.ParentRunner.access$000(ParentRunner.java:58)
	at org.junit.runners.ParentRunner$2.evaluate(ParentRunner.java:268)
	at org.springframework.test.context.junit4.statements.RunBeforeTestClassCallbacks.evaluate(RunBeforeTestClassCallbacks.java:61)
	at org.springframework.test.context.junit4.statements.RunAfterTestClassCallbacks.evaluate(RunAfterTestClassCallbacks.java:70)
	at org.junit.runners.ParentRunner.run(ParentRunner.java:363)
	at org.springframework.test.context.junit4.SpringJUnit4ClassRunner.run(SpringJUnit4ClassRunner.java:190)
	at org.apache.maven.surefire.junit4.JUnit4Provider.execute(JUnit4Provider.java:365)
	at org.apache.maven.surefire.junit4.JUnit4Provider.executeWithRerun(JUnit4Provider.java:273)
	at org.apache.maven.surefire.junit4.JUnit4Provider.executeTestSet(JUnit4Provider.java:238)
	at org.apache.maven.surefire.junit4.JUnit4Provider.invoke(JUnit4Provider.java:159)
	at org.apache.maven.surefire.booter.ForkedBooter.invokeProviderInSameClassLoader(ForkedBooter.java:379)
	at org.apache.maven.surefire.booter.ForkedBooter.runSuitesInProcess(ForkedBooter.java:340)
	at org.apache.maven.surefire.booter.ForkedBooter.execute(ForkedBooter.java:125)
	at org.apache.maven.surefire.booter.ForkedBooter.main(ForkedBooter.java:413)
Caused by: java.lang.UnsupportedOperationException: Cannot define class using reflection
	at net.bytebuddy.dynamic.loading.ClassInjector$UsingReflection$Dispatcher$Unavailable.defineClass(ClassInjector.java:821)
	at net.bytebuddy.dynamic.loading.ClassInjector$UsingReflection.inject(ClassInjector.java:185)
	at net.bytebuddy.dynamic.loading.ClassLoadingStrategy$Default$InjectionDispatcher.load(ClassLoadingStrategy.java:187)
	at net.bytebuddy.dynamic.TypeResolutionStrategy$Passive.initialize(TypeResolutionStrategy.java:79)
	at net.bytebuddy.dynamic.DynamicType$Default$Unloaded.load(DynamicType.java:4457)
	at org.mockito.internal.creation.bytebuddy.SubclassBytecodeGenerator.mockClass(SubclassBytecodeGenerator.java:121)
	at org.mockito.internal.creation.bytebuddy.TypeCachingBytecodeGenerator$1.call(TypeCachingBytecodeGenerator.java:37)
	at org.mockito.internal.creation.bytebuddy.TypeCachingBytecodeGenerator$1.call(TypeCachingBytecodeGenerator.java:34)
	at net.bytebuddy.TypeCache.findOrInsert(TypeCache.java:138)
	at net.bytebuddy.TypeCache$WithInlineExpunction.findOrInsert(TypeCache.java:346)
	at net.bytebuddy.TypeCache.findOrInsert(TypeCache.java:161)
	at net.bytebuddy.TypeCache$WithInlineExpunction.findOrInsert(TypeCache.java:355)
	at org.mockito.internal.creation.bytebuddy.TypeCachingBytecodeGenerator.mockClass(TypeCachingBytecodeGenerator.java:32)
	at org.mockito.internal.creation.bytebuddy.SubclassByteBuddyMockMaker.createMockType(SubclassByteBuddyMockMaker.java:71)
	at org.mockito.internal.creation.bytebuddy.SubclassByteBuddyMockMaker.createMock(SubclassByteBuddyMockMaker.java:42)
	at org.mockito.internal.creation.bytebuddy.ByteBuddyMockMaker.createMock(ByteBuddyMockMaker.java:25)
	at org.mockito.internal.util.MockUtil.createMock(MockUtil.java:35)
	at org.mockito.internal.MockitoCore.mock(MockitoCore.java:65)
	at org.mockito.Mockito.mock(Mockito.java:1855)
	... 44 common frames omitted
Caused by: java.lang.IllegalStateException: Could not find sun.misc.Unsafe
	at net.bytebuddy.dynamic.loading.ClassInjector$UsingUnsafe$Dispatcher$Disabled.initialize(ClassInjector.java:1366)
	at net.bytebuddy.dynamic.loading.ClassInjector$UsingUnsafe.inject(ClassInjector.java:1202)
	at net.bytebuddy.dynamic.loading.ClassLoadingStrategy$ForUnsafeInjection.load(ClassLoadingStrategy.java:458)
	at net.bytebuddy.dynamic.TypeResolutionStrategy$Passive.initialize(TypeResolutionStrategy.java:79)
	at net.bytebuddy.dynamic.DynamicType$Default$Unloaded.load(DynamicType.java:4457)
	at net.bytebuddy.dynamic.loading.ClassInjector$UsingReflection$Dispatcher$Indirect.make(ClassInjector.java:684)
	at net.bytebuddy.dynamic.loading.ClassInjector$UsingReflection$Dispatcher$CreationAction.run(ClassInjector.java:302)
	at net.bytebuddy.dynamic.loading.ClassInjector$UsingReflection$Dispatcher$CreationAction.run(ClassInjector.java:290)
	at java.base/java.security.AccessController.doPrivileged(Native Method)
	at net.bytebuddy.dynamic.loading.ClassInjector$UsingReflection.<clinit>(ClassInjector.java:70)
	at net.bytebuddy.dynamic.loading.ClassLoadingStrategy$Default$InjectionDispatcher.load(ClassLoadingStrategy.java:184)
	... 60 common frames omitted
Caused by: java.lang.NoSuchMethodException: sun.misc.Unsafe.defineClass(java.lang.String, [B, int, int, java.lang.ClassLoader, java.security.ProtectionDomain)
	at java.base/java.lang.Class.getMethod(Class.java:2108)
	at net.bytebuddy.dynamic.loading.ClassInjector$UsingUnsafe$Dispatcher$CreationAction.run(ClassInjector.java:1269)
	at net.bytebuddy.dynamic.loading.ClassInjector$UsingUnsafe$Dispatcher$CreationAction.run(ClassInjector.java:1257)
	at java.base/java.security.AccessController.doPrivileged(Native Method)
	at net.bytebuddy.dynamic.loading.ClassInjector$UsingUnsafe.<clinit>(ClassInjector.java:1136)
	... 69 common frames omitted

2019-12-27 05:00:41.338  INFO 375 --- [           main] o.s.w.c.s.GenericWebApplicationContext   : Closing org.springframework.web.context.support.GenericWebApplicationContext@6dae70f9: startup date [Fri Dec 27 05:00:41 UTC 2019]; parent: org.springframework.context.annotation.AnnotationConfigApplicationContext@5866731
2019-12-27 05:00:41.340 ERROR 375 --- [           main] o.s.test.context.TestContextManager      : Caught exception while allowing TestExecutionListener [org.springframework.boot.test.mock.mockito.MockitoTestExecutionListener@196a42c3] to prepare test instance [com.daishin.api.web.controller.UserControllerTests@9281d19]

java.lang.IllegalStateException: Failed to load ApplicationContext
	at org.springframework.test.context.cache.DefaultCacheAwareContextLoaderDelegate.loadContext(DefaultCacheAwareContextLoaderDelegate.java:125)
	at org.springframework.test.context.support.DefaultTestContext.getApplicationContext(DefaultTestContext.java:108)
	at org.springframework.boot.test.mock.mockito.MockitoTestExecutionListener.postProcessFields(MockitoTestExecutionListener.java:99)
	at org.springframework.boot.test.mock.mockito.MockitoTestExecutionListener.injectFields(MockitoTestExecutionListener.java:79)
	at org.springframework.boot.test.mock.mockito.MockitoTestExecutionListener.prepareTestInstance(MockitoTestExecutionListener.java:54)
	at org.springframework.test.context.TestContextManager.prepareTestInstance(TestContextManager.java:246)
	at org.springframework.test.context.junit4.SpringJUnit4ClassRunner.createTest(SpringJUnit4ClassRunner.java:227)
	at org.springframework.test.context.junit4.SpringJUnit4ClassRunner$1.runReflectiveCall(SpringJUnit4ClassRunner.java:289)
	at org.junit.internal.runners.model.ReflectiveCallable.run(ReflectiveCallable.java:12)
	at org.springframework.test.context.junit4.SpringJUnit4ClassRunner.methodBlock(SpringJUnit4ClassRunner.java:291)
	at org.springframework.test.context.junit4.SpringJUnit4ClassRunner.runChild(SpringJUnit4ClassRunner.java:246)
	at org.springframework.test.context.junit4.SpringJUnit4ClassRunner.runChild(SpringJUnit4ClassRunner.java:97)
	at org.junit.runners.ParentRunner$3.run(ParentRunner.java:290)
	at org.junit.runners.ParentRunner$1.schedule(ParentRunner.java:71)
	at org.junit.runners.ParentRunner.runChildren(ParentRunner.java:288)
	at org.junit.runners.ParentRunner.access$000(ParentRunner.java:58)
	at org.junit.runners.ParentRunner$2.evaluate(ParentRunner.java:268)
	at org.springframework.test.context.junit4.statements.RunBeforeTestClassCallbacks.evaluate(RunBeforeTestClassCallbacks.java:61)
	at org.springframework.test.context.junit4.statements.RunAfterTestClassCallbacks.evaluate(RunAfterTestClassCallbacks.java:70)
	at org.junit.runners.ParentRunner.run(ParentRunner.java:363)
	at org.springframework.test.context.junit4.SpringJUnit4ClassRunner.run(SpringJUnit4ClassRunner.java:190)
	at org.apache.maven.surefire.junit4.JUnit4Provider.execute(JUnit4Provider.java:365)
	at org.apache.maven.surefire.junit4.JUnit4Provider.executeWithRerun(JUnit4Provider.java:273)
	at org.apache.maven.surefire.junit4.JUnit4Provider.executeTestSet(JUnit4Provider.java:238)
	at org.apache.maven.surefire.junit4.JUnit4Provider.invoke(JUnit4Provider.java:159)
	at org.apache.maven.surefire.booter.ForkedBooter.invokeProviderInSameClassLoader(ForkedBooter.java:379)
	at org.apache.maven.surefire.booter.ForkedBooter.runSuitesInProcess(ForkedBooter.java:340)
	at org.apache.maven.surefire.booter.ForkedBooter.execute(ForkedBooter.java:125)
	at org.apache.maven.surefire.booter.ForkedBooter.main(ForkedBooter.java:413)
Caused by: org.mockito.exceptions.base.MockitoException: 
Mockito cannot mock this class: class com.daishin.api.service.UserService.

Mockito can only mock non-private & non-final classes.
If you're not sure why you're getting this error, please report to the mailing list.


Java               : 11
JVM vendor name    : Oracle Corporation
JVM vendor version : 11.0.3+1-Debian-1bpo91
JVM name           : OpenJDK 64-Bit Server VM
JVM version        : 11.0.3+1-Debian-1bpo91
JVM info           : mixed mode, sharing
OS name            : Linux
OS version         : 3.10.0-957.21.3.el7.x86_64


Underlying exception : java.lang.UnsupportedOperationException: Cannot define class using reflection
	at org.springframework.boot.test.mock.mockito.MockDefinition.createMock(MockDefinition.java:157)
	at org.springframework.boot.test.mock.mockito.MockitoPostProcessor.createMock(MockitoPostProcessor.java:222)
	at org.springframework.boot.test.mock.mockito.MockitoPostProcessor.registerMock(MockitoPostProcessor.java:192)
	at org.springframework.boot.test.mock.mockito.MockitoPostProcessor.register(MockitoPostProcessor.java:174)
	at org.springframework.boot.test.mock.mockito.MockitoPostProcessor.postProcessBeanFactory(MockitoPostProcessor.java:144)
	at org.springframework.boot.test.mock.mockito.MockitoPostProcessor.postProcessBeanFactory(MockitoPostProcessor.java:131)
	at org.springframework.context.support.PostProcessorRegistrationDelegate.invokeBeanFactoryPostProcessors(PostProcessorRegistrationDelegate.java:282)
	at org.springframework.context.support.PostProcessorRegistrationDelegate.invokeBeanFactoryPostProcessors(PostProcessorRegistrationDelegate.java:170)
	at org.springframework.context.support.AbstractApplicationContext.invokeBeanFactoryPostProcessors(AbstractApplicationContext.java:694)
	at org.springframework.context.support.AbstractApplicationContext.refresh(AbstractApplicationContext.java:532)
	at org.springframework.boot.SpringApplication.refresh(SpringApplication.java:780)
	at org.springframework.boot.SpringApplication.refreshContext(SpringApplication.java:412)
	at org.springframework.boot.SpringApplication.run(SpringApplication.java:333)
	at org.springframework.boot.test.context.SpringBootContextLoader.loadContext(SpringBootContextLoader.java:139)
	at org.springframework.test.context.cache.DefaultCacheAwareContextLoaderDelegate.loadContextInternal(DefaultCacheAwareContextLoaderDelegate.java:99)
	at org.springframework.test.context.cache.DefaultCacheAwareContextLoaderDelegate.loadContext(DefaultCacheAwareContextLoaderDelegate.java:117)
	... 28 common frames omitted
Caused by: java.lang.UnsupportedOperationException: Cannot define class using reflection
	at net.bytebuddy.dynamic.loading.ClassInjector$UsingReflection$Dispatcher$Unavailable.defineClass(ClassInjector.java:821)
	at net.bytebuddy.dynamic.loading.ClassInjector$UsingReflection.inject(ClassInjector.java:185)
	at net.bytebuddy.dynamic.loading.ClassLoadingStrategy$Default$InjectionDispatcher.load(ClassLoadingStrategy.java:187)
	at net.bytebuddy.dynamic.TypeResolutionStrategy$Passive.initialize(TypeResolutionStrategy.java:79)
	at net.bytebuddy.dynamic.DynamicType$Default$Unloaded.load(DynamicType.java:4457)
	at org.mockito.internal.creation.bytebuddy.SubclassBytecodeGenerator.mockClass(SubclassBytecodeGenerator.java:121)
	at org.mockito.internal.creation.bytebuddy.TypeCachingBytecodeGenerator$1.call(TypeCachingBytecodeGenerator.java:37)
	at org.mockito.internal.creation.bytebuddy.TypeCachingBytecodeGenerator$1.call(TypeCachingBytecodeGenerator.java:34)
	at net.bytebuddy.TypeCache.findOrInsert(TypeCache.java:138)
	at net.bytebuddy.TypeCache$WithInlineExpunction.findOrInsert(TypeCache.java:346)
	at net.bytebuddy.TypeCache.findOrInsert(TypeCache.java:161)
	at net.bytebuddy.TypeCache$WithInlineExpunction.findOrInsert(TypeCache.java:355)
	at org.mockito.internal.creation.bytebuddy.TypeCachingBytecodeGenerator.mockClass(TypeCachingBytecodeGenerator.java:32)
	at org.mockito.internal.creation.bytebuddy.SubclassByteBuddyMockMaker.createMockType(SubclassByteBuddyMockMaker.java:71)
	at org.mockito.internal.creation.bytebuddy.SubclassByteBuddyMockMaker.createMock(SubclassByteBuddyMockMaker.java:42)
	at org.mockito.internal.creation.bytebuddy.ByteBuddyMockMaker.createMock(ByteBuddyMockMaker.java:25)
	at org.mockito.internal.util.MockUtil.createMock(MockUtil.java:35)
	at org.mockito.internal.MockitoCore.mock(MockitoCore.java:65)
	at org.mockito.Mockito.mock(Mockito.java:1855)
	... 44 common frames omitted
Caused by: java.lang.IllegalStateException: Could not find sun.misc.Unsafe
	at net.bytebuddy.dynamic.loading.ClassInjector$UsingUnsafe$Dispatcher$Disabled.initialize(ClassInjector.java:1366)
	at net.bytebuddy.dynamic.loading.ClassInjector$UsingUnsafe.inject(ClassInjector.java:1202)
	at net.bytebuddy.dynamic.loading.ClassLoadingStrategy$ForUnsafeInjection.load(ClassLoadingStrategy.java:458)
	at net.bytebuddy.dynamic.TypeResolutionStrategy$Passive.initialize(TypeResolutionStrategy.java:79)
	at net.bytebuddy.dynamic.DynamicType$Default$Unloaded.load(DynamicType.java:4457)
	at net.bytebuddy.dynamic.loading.ClassInjector$UsingReflection$Dispatcher$Indirect.make(ClassInjector.java:684)
	at net.bytebuddy.dynamic.loading.ClassInjector$UsingReflection$Dispatcher$CreationAction.run(ClassInjector.java:302)
	at net.bytebuddy.dynamic.loading.ClassInjector$UsingReflection$Dispatcher$CreationAction.run(ClassInjector.java:290)
	at java.base/java.security.AccessController.doPrivileged(Native Method)
	at net.bytebuddy.dynamic.loading.ClassInjector$UsingReflection.<clinit>(ClassInjector.java:70)
	at net.bytebuddy.dynamic.loading.ClassLoadingStrategy$Default$InjectionDispatcher.load(ClassLoadingStrategy.java:184)
	... 60 common frames omitted
Caused by: java.lang.NoSuchMethodException: sun.misc.Unsafe.defineClass(java.lang.String, [B, int, int, java.lang.ClassLoader, java.security.ProtectionDomain)
	at java.base/java.lang.Class.getMethod(Class.java:2108)
	at net.bytebuddy.dynamic.loading.ClassInjector$UsingUnsafe$Dispatcher$CreationAction.run(ClassInjector.java:1269)
	at net.bytebuddy.dynamic.loading.ClassInjector$UsingUnsafe$Dispatcher$CreationAction.run(ClassInjector.java:1257)
	at java.base/java.security.AccessController.doPrivileged(Native Method)
	at net.bytebuddy.dynamic.loading.ClassInjector$UsingUnsafe.<clinit>(ClassInjector.java:1136)
	... 69 common frames omitted

]]></system-out>
  </testcase>
</testsuite>